00:00:01.718096 VirtualBox VM 7.0.12 r159484 darwin.amd64 (Oct 12 2023 20:27:35) release log
00:00:01.718098 Log opened 2023-12-01T08:01:06.984765000Z
00:00:01.718099 Build Type: release
00:00:01.718115 OS Product: Darwin
00:00:01.718121 OS Release: 20.6.0
00:00:01.718126 OS Version: Darwin Kernel Version 20.6.0: Thu Jul  6 22:12:47 PDT 2023; root:xnu-7195.141.49.702.12~1/RELEASE_X86_64
00:00:01.718228 DMI Product Name: MacBookPro11,1
00:00:01.718276 DMI Product Version: 1.0
00:00:01.718283 Firmware type: failed - VERR_NOT_SUPPORTED
00:00:01.718329 Host RAM: 8192MB (8.0GB) total, 2872MB (2.8GB) available
00:00:01.718331 Executable: /Applications/VirtualBox.app/Contents/MacOS/VirtualBoxVM
00:00:01.718331 Process ID: 10028
00:00:01.718332 Package type: DARWIN_64BITS_GENERIC
00:00:01.720633 Installed Extension Packs:
00:00:01.720665   None installed!
00:00:01.722455 Console: Machine state changed to 'Starting'
00:00:01.723408 Qt version: 5.15.2
00:00:01.750437 Guest OS type: 'Debian_64'
00:00:01.766214 fHMForced=true - No raw-mode support in this build!
00:00:01.850159 File system of '/Users/lina/VirtualBox VMs/apache/apache.vdi' is apfs
00:00:01.915795 GUI: UIMediumEnumerator: Medium-enumeration finished!
00:00:01.974807 Audio: Detected default audio driver type is 'CoreAudio'
00:00:02.001168 Shared Clipboard: Service loaded
00:00:02.001211 Shared Clipboard: Mode: Off
00:00:02.001282 Shared Clipboard: Service running in normal mode
00:00:02.004006 Drag and drop service loaded
00:00:02.004061 Drag and drop mode: Off
00:00:02.016121 ************************* CFGM dump *************************
00:00:02.016135 [/] (level 0)
00:00:02.016142   CpuExecutionCap   <integer> = 0x0000000000000064 (100)
00:00:02.016145   EnablePAE         <integer> = 0x0000000000000001 (1)
00:00:02.016147   HMEnabled         <integer> = 0x0000000000000001 (1)
00:00:02.016148   MemBalloonSize    <integer> = 0x0000000000000000 (0, 0 B)
00:00:02.016151   Name              <string>  = "apache" (cb=7)
00:00:02.016154   NumCPUs           <integer> = 0x0000000000000002 (2)
00:00:02.016155   PageFusionAllowed <integer> = 0x0000000000000000 (0)
00:00:02.016156   RamHoleSize       <integer> = 0x0000000020000000 (536 870 912, 512.0 MiB)
00:00:02.016163   RamSize           <integer> = 0x0000000080000000 (2 147 483 648, 2.0 GiB)
00:00:02.016165   TimerMillies      <integer> = 0x000000000000000a (10)
00:00:02.016167   UUID              <bytes>   = "56 1a 98 ea 07 70 47 45 8d ea 9b b0 ce 21 53 bd" (cb=16)
00:00:02.016172 
00:00:02.016173 [/CPUM/] (level 1)
00:00:02.016175   Enable64bit        <integer> = 0x0000000000000001 (1)
00:00:02.016177   GuestCpuName       <string>  = "host" (cb=5)
00:00:02.016178   NestedHWVirt       <integer> = 0x0000000000000000 (0)
00:00:02.016179   PortableCpuIdLevel <integer> = 0x0000000000000000 (0)
00:00:02.016180   SpecCtrl           <integer> = 0x0000000000000000 (0)
00:00:02.016182 
00:00:02.016182 [/CPUM/IsaExts/] (level 2)
00:00:02.016184 
00:00:02.016185 [/DBGC/] (level 1)
00:00:02.016186   GlobalInitScript <string>  = "/Users/lina/Library/VirtualBox/dbgc-init" (cb=41)
00:00:02.016188   HistoryFile      <string>  = "/Users/lina/Library/VirtualBox/dbgc-history" (cb=44)
00:00:02.016189   LocalInitScript  <string>  = "/Users/lina/VirtualBox VMs/apache/dbgc-init" (cb=44)
00:00:02.016190 
00:00:02.016190 [/DBGF/] (level 1)
00:00:02.016192   Path <string>  = "/Users/lina/VirtualBox VMs/apache/debug/;/Users/lina/VirtualBox VMs/apache/;cache*/Users/lina/VirtualBox VMs/apache/dbgcache/;/Users/lina/" (cb=139)
00:00:02.016193 
00:00:02.016193 [/Devices/] (level 1)
00:00:02.016194 
00:00:02.016195 [/Devices/3c501/] (level 2)
00:00:02.016196 
00:00:02.016197 [/Devices/8237A/] (level 2)
00:00:02.016198 
00:00:02.016199 [/Devices/8237A/0/] (level 3)
00:00:02.016201   Trusted <integer> = 0x0000000000000001 (1)
00:00:02.016202 
00:00:02.016202 [/Devices/GIMDev/] (level 2)
00:00:02.016204 
00:00:02.016204 [/Devices/GIMDev/0/] (level 3)
00:00:02.016206   Trusted <integer> = 0x0000000000000001 (1)
00:00:02.016207 
00:00:02.016208 [/Devices/VMMDev/] (level 2)
00:00:02.016209 
00:00:02.016210 [/Devices/VMMDev/0/] (level 3)
00:00:02.016212   PCIBusNo      <integer> = 0x0000000000000000 (0)
00:00:02.016213   PCIDeviceNo   <integer> = 0x0000000000000004 (4)
00:00:02.016214   PCIFunctionNo <integer> = 0x0000000000000000 (0)
00:00:02.016215   Trusted       <integer> = 0x0000000000000001 (1)
00:00:02.016216 
00:00:02.016217 [/Devices/VMMDev/0/Config/] (level 4)
00:00:02.016219   GuestCoreDumpDir <string>  = "/Users/lina/VirtualBox VMs/apache/Snapshots" (cb=44)
00:00:02.016219 
00:00:02.016220 [/Devices/VMMDev/0/LUN#0/] (level 4)
00:00:02.016221   Driver <string>  = "HGCM" (cb=5)
00:00:02.016222 
00:00:02.016223 [/Devices/VMMDev/0/LUN#0/Config/] (level 5)
00:00:02.016225 
00:00:02.016241 [/Devices/VMMDev/0/LUN#999/] (level 4)
00:00:02.016243   Driver <string>  = "MainStatus" (cb=11)
00:00:02.016243 
00:00:02.016244 [/Devices/VMMDev/0/LUN#999/Config/] (level 5)
00:00:02.016276   First                <integer> = 0x0000000000000000 (0)
00:00:02.016280   HasMediumAttachments <integer> = 0x0000000000000000 (0)
00:00:02.016282   Last                 <integer> = 0x0000000000000000 (0)
00:00:02.016283   iLedSet              <integer> = 0x0000000000000006 (6)
00:00:02.016284 
00:00:02.016285 [/Devices/acpi/] (level 2)
00:00:02.016287 
00:00:02.016288 [/Devices/acpi/0/] (level 3)
00:00:02.016290   PCIBusNo      <integer> = 0x0000000000000000 (0)
00:00:02.016291   PCIDeviceNo   <integer> = 0x0000000000000007 (7)
00:00:02.016292   PCIFunctionNo <integer> = 0x0000000000000000 (0)
00:00:02.016293   Trusted       <integer> = 0x0000000000000001 (1)
00:00:02.016295 
00:00:02.016295 [/Devices/acpi/0/Config/] (level 4)
00:00:02.016298   CpuHotPlug          <integer> = 0x0000000000000000 (0)
00:00:02.016299   FdcEnabled          <integer> = 0x0000000000000000 (0)
00:00:02.016301   HostBusPciAddress   <integer> = 0x0000000000000000 (0)
00:00:02.016302   HpetEnabled         <integer> = 0x0000000000000000 (0)
00:00:02.016303   IOAPIC              <integer> = 0x0000000000000001 (1)
00:00:02.016312   IocPciAddress       <integer> = 0x0000000000010000 (65 536)
00:00:02.016314   NumCPUs             <integer> = 0x0000000000000002 (2)
00:00:02.016315   Parallel0IoPortBase <integer> = 0x0000000000000000 (0)
00:00:02.016317   Parallel0Irq        <integer> = 0x0000000000000000 (0)
00:00:02.016318   Parallel1IoPortBase <integer> = 0x0000000000000000 (0)
00:00:02.016319   Parallel1Irq        <integer> = 0x0000000000000000 (0)
00:00:02.016320   Serial0IoPortBase   <integer> = 0x0000000000000000 (0)
00:00:02.016321   Serial0Irq          <integer> = 0x0000000000000000 (0)
00:00:02.016322   Serial1IoPortBase   <integer> = 0x0000000000000000 (0)
00:00:02.016323   Serial1Irq          <integer> = 0x0000000000000000 (0)
00:00:02.016324   ShowCpu             <integer> = 0x0000000000000001 (1)
00:00:02.016326   ShowRtc             <integer> = 0x0000000000000000 (0)
00:00:02.016327   SmcEnabled          <integer> = 0x0000000000000000 (0)
00:00:02.016328 
00:00:02.016329 [/Devices/acpi/0/LUN#0/] (level 4)
00:00:02.016330   Driver <string>  = "ACPIHost" (cb=9)
00:00:02.016331 
00:00:02.016332 [/Devices/acpi/0/LUN#0/Config/] (level 5)
00:00:02.016334 
00:00:02.016334 [/Devices/acpi/0/LUN#1/] (level 4)
00:00:02.016336   Driver <string>  = "ACPICpu" (cb=8)
00:00:02.016337 
00:00:02.016337 [/Devices/acpi/0/LUN#1/Config/] (level 5)
00:00:02.016339 
00:00:02.016340 [/Devices/ahci/] (level 2)
00:00:02.016341 
00:00:02.016341 [/Devices/ahci/0/] (level 3)
00:00:02.016344   PCIBusNo      <integer> = 0x0000000000000000 (0)
00:00:02.016345   PCIDeviceNo   <integer> = 0x000000000000000d (13)
00:00:02.016346   PCIFunctionNo <integer> = 0x0000000000000000 (0)
00:00:02.016347   Trusted       <integer> = 0x0000000000000001 (1)
00:00:02.016348 
00:00:02.016348 [/Devices/ahci/0/Config/] (level 4)
00:00:02.016350   Bootable  <integer> = 0x0000000000000001 (1)
00:00:02.016351   PortCount <integer> = 0x0000000000000001 (1)
00:00:02.016352 
00:00:02.016352 [/Devices/ahci/0/Config/Port0/] (level 5)
00:00:02.016355   Hotpluggable <integer> = 0x0000000000000000 (0)
00:00:02.016356 
00:00:02.016356 [/Devices/ahci/0/LUN#0/] (level 4)
00:00:02.016358   Driver <string>  = "VD" (cb=3)
00:00:02.016359 
00:00:02.016359 [/Devices/ahci/0/LUN#0/Config/] (level 5)
00:00:02.016362   BlockCache <integer> = 0x0000000000000001 (1)
00:00:02.016362   Format     <string>  = "VDI" (cb=4)
00:00:02.016364   Mountable  <integer> = 0x0000000000000000 (0)
00:00:02.016365   Path       <string>  = "/Users/lina/VirtualBox VMs/apache/apache.vdi" (cb=45)
00:00:02.016366   Type       <string>  = "HardDisk" (cb=9)
00:00:02.016367   UseNewIo   <integer> = 0x0000000000000001 (1)
00:00:02.016368 
00:00:02.016368 [/Devices/ahci/0/LUN#0/Config/VDConfig/] (level 6)
00:00:02.016370   AllocationBlockSize <string>  = "1048576" (cb=8)
00:00:02.016371 
00:00:02.016372 [/Devices/ahci/0/LUN#999/] (level 4)
00:00:02.016374   Driver <string>  = "MainStatus" (cb=11)
00:00:02.016375 
00:00:02.016375 [/Devices/ahci/0/LUN#999/Config/] (level 5)
00:00:02.016378   DeviceInstance       <string>  = "ahci/0" (cb=7)
00:00:02.016379   First                <integer> = 0x0000000000000000 (0)
00:00:02.016380   HasMediumAttachments <integer> = 0x0000000000000001 (1)
00:00:02.016381   Last                 <integer> = 0x0000000000000000 (0)
00:00:02.016383   iLedSet              <integer> = 0x0000000000000004 (4)
00:00:02.016384 
00:00:02.016384 [/Devices/apic/] (level 2)
00:00:02.016386 
00:00:02.016386 [/Devices/apic/0/] (level 3)
00:00:02.016388   Trusted <integer> = 0x0000000000000001 (1)
00:00:02.016389 
00:00:02.016389 [/Devices/apic/0/Config/] (level 4)
00:00:02.016391   IOAPIC  <integer> = 0x0000000000000001 (1)
00:00:02.016392   Mode    <integer> = 0x0000000000000003 (3)
00:00:02.016393   NumCPUs <integer> = 0x0000000000000002 (2)
00:00:02.016394 
00:00:02.016394 [/Devices/dp8390/] (level 2)
00:00:02.016396 
00:00:02.016396 [/Devices/e1000/] (level 2)
00:00:02.016398 
00:00:02.016398 [/Devices/e1000/0/] (level 3)
00:00:02.016400   PCIBusNo      <integer> = 0x0000000000000000 (0)
00:00:02.016404   PCIDeviceNo   <integer> = 0x0000000000000003 (3)
00:00:02.016406   PCIFunctionNo <integer> = 0x0000000000000000 (0)
00:00:02.016407   Trusted       <integer> = 0x0000000000000001 (1)
00:00:02.016408 
00:00:02.016408 [/Devices/e1000/0/Config/] (level 4)
00:00:02.016410   AdapterType    <integer> = 0x0000000000000000 (0)
00:00:02.016412   CableConnected <integer> = 0x0000000000000001 (1)
00:00:02.016412   LineSpeed      <integer> = 0x0000000000000000 (0)
00:00:02.016414   MAC            <bytes>   = "08 00 27 fe a8 6f" (cb=6)
00:00:02.016416 
00:00:02.016417 [/Devices/e1000/0/LUN#0/] (level 4)
00:00:02.016419   Driver <string>  = "VMNet" (cb=6)
00:00:02.016420 
00:00:02.016420 [/Devices/e1000/0/LUN#0/Config/] (level 5)
00:00:02.016422   Trunk     <string>  = "en0" (cb=4)
00:00:02.016423   TrunkType <integer> = 0x0000000000000003 (3)
00:00:02.016424 
00:00:02.016425 [/Devices/e1000/0/LUN#999/] (level 4)
00:00:02.016426   Driver <string>  = "MainStatus" (cb=11)
00:00:02.016427 
00:00:02.016427 [/Devices/e1000/0/LUN#999/Config/] (level 5)
00:00:02.016430   First                <integer> = 0x0000000000000000 (0)
00:00:02.016431   HasMediumAttachments <integer> = 0x0000000000000000 (0)
00:00:02.016432   Last                 <integer> = 0x0000000000000000 (0)
00:00:02.016434   iLedSet              <integer> = 0x0000000000000005 (5)
00:00:02.016435 
00:00:02.016435 [/Devices/i8254/] (level 2)
00:00:02.016437 
00:00:02.016437 [/Devices/i8254/0/] (level 3)
00:00:02.016439 
00:00:02.016439 [/Devices/i8254/0/Config/] (level 4)
00:00:02.016441 
00:00:02.016441 [/Devices/i8259/] (level 2)
00:00:02.016442 
00:00:02.016443 [/Devices/i8259/0/] (level 3)
00:00:02.016444   Trusted <integer> = 0x0000000000000001 (1)
00:00:02.016445 
00:00:02.016446 [/Devices/i8259/0/Config/] (level 4)
00:00:02.016447 
00:00:02.016448 [/Devices/ichac97/] (level 2)
00:00:02.016449 
00:00:02.016449 [/Devices/ichac97/0/] (level 3)
00:00:02.016451   PCIBusNo      <integer> = 0x0000000000000000 (0)
00:00:02.016452   PCIDeviceNo   <integer> = 0x0000000000000005 (5)
00:00:02.016453   PCIFunctionNo <integer> = 0x0000000000000000 (0)
00:00:02.016454   Trusted       <integer> = 0x0000000000000001 (1)
00:00:02.016455 
00:00:02.016456 [/Devices/ichac97/0/AudioConfig/] (level 4)
00:00:02.016457 
00:00:02.016458 [/Devices/ichac97/0/Config/] (level 4)
00:00:02.016459   Codec        <string>  = "AD1980" (cb=7)
00:00:02.016460   DebugEnabled <integer> = 0x0000000000000000 (0)
00:00:02.016461 
00:00:02.016462 [/Devices/ichac97/0/LUN#0/] (level 4)
00:00:02.016464   Driver <string>  = "AUDIO" (cb=6)
00:00:02.016465 
00:00:02.016465 [/Devices/ichac97/0/LUN#0/AttachedDriver/] (level 5)
00:00:02.016467   Driver <string>  = "CoreAudio" (cb=10)
00:00:02.016468 
00:00:02.016468 [/Devices/ichac97/0/LUN#0/AttachedDriver/Config/] (level 6)
00:00:02.016471 
00:00:02.016471 [/Devices/ichac97/0/LUN#0/Config/] (level 5)
00:00:02.016473   DriverName    <string>  = "CoreAudio" (cb=10)
00:00:02.016474   InputEnabled  <integer> = 0x0000000000000000 (0)
00:00:02.016475   OutputEnabled <integer> = 0x0000000000000001 (1)
00:00:02.016476 
00:00:02.016477 [/Devices/ichac97/0/LUN#1/] (level 4)
00:00:02.016479   Driver <string>  = "AUDIO" (cb=6)
00:00:02.016479 
00:00:02.016480 [/Devices/ichac97/0/LUN#2/] (level 4)
00:00:02.016482   Driver <string>  = "AUDIO" (cb=6)
00:00:02.016482 
00:00:02.016483 [/Devices/ioapic/] (level 2)
00:00:02.016484 
00:00:02.016484 [/Devices/ioapic/0/] (level 3)
00:00:02.016486   Trusted <integer> = 0x0000000000000001 (1)
00:00:02.016487 
00:00:02.016487 [/Devices/ioapic/0/Config/] (level 4)
00:00:02.016489   NumCPUs <integer> = 0x0000000000000002 (2)
00:00:02.016490 
00:00:02.016490 [/Devices/mc146818/] (level 2)
00:00:02.016492 
00:00:02.016492 [/Devices/mc146818/0/] (level 3)
00:00:02.016494 
00:00:02.016494 [/Devices/mc146818/0/Config/] (level 4)
00:00:02.016496   UseUTC <integer> = 0x0000000000000001 (1)
00:00:02.016497 
00:00:02.016497 [/Devices/parallel/] (level 2)
00:00:02.016498 
00:00:02.016499 [/Devices/pcarch/] (level 2)
00:00:02.016503 
00:00:02.016504 [/Devices/pcarch/0/] (level 3)
00:00:02.016505   Trusted <integer> = 0x0000000000000001 (1)
00:00:02.016506 
00:00:02.016506 [/Devices/pcarch/0/Config/] (level 4)
00:00:02.016508 
00:00:02.016509 [/Devices/pcbios/] (level 2)
00:00:02.016510 
00:00:02.016511 [/Devices/pcbios/0/] (level 3)
00:00:02.016512   Trusted <integer> = 0x0000000000000001 (1)
00:00:02.016513 
00:00:02.016513 [/Devices/pcbios/0/Config/] (level 4)
00:00:02.016517   APIC               <integer> = 0x0000000000000001 (1)
00:00:02.016518   BootDevice0        <string>  = "IDE" (cb=4)
00:00:02.016519   BootDevice1        <string>  = "DVD" (cb=4)
00:00:02.016520   BootDevice2        <string>  = "FLOPPY" (cb=7)
00:00:02.016521   BootDevice3        <string>  = "NONE" (cb=5)
00:00:02.016523   FloppyDevice       <string>  = "i82078" (cb=7)
00:00:02.016524   HardDiskDevice     <string>  = "piix3ide" (cb=9)
00:00:02.016525   IOAPIC             <integer> = 0x0000000000000001 (1)
00:00:02.016526   McfgBase           <integer> = 0x0000000000000000 (0)
00:00:02.016527   McfgLength         <integer> = 0x0000000000000000 (0)
00:00:02.016528   NumCPUs            <integer> = 0x0000000000000002 (2)
00:00:02.016530   PXEDebug           <integer> = 0x0000000000000000 (0)
00:00:02.016531   SataHardDiskDevice <string>  = "ahci" (cb=5)
00:00:02.016532   SataLUN1           <integer> = 0x0000000000000000 (0)
00:00:02.016533   UUID               <bytes>   = "56 1a 98 ea 07 70 47 45 8d ea 9b b0 ce 21 53 bd" (cb=16)
00:00:02.016537   UuidLe             <integer> = 0x0000000000000001 (1)
00:00:02.016538 
00:00:02.016539 [/Devices/pcbios/0/Config/NetBoot/] (level 5)
00:00:02.016541 
00:00:02.016541 [/Devices/pcbios/0/Config/NetBoot/0/] (level 6)
00:00:02.016544   NIC           <integer> = 0x0000000000000000 (0)
00:00:02.016545   PCIBusNo      <integer> = 0x0000000000000000 (0)
00:00:02.016546   PCIDeviceNo   <integer> = 0x0000000000000003 (3)
00:00:02.016547   PCIFunctionNo <integer> = 0x0000000000000000 (0)
00:00:02.016548 
00:00:02.016548 [/Devices/pci/] (level 2)
00:00:02.016550 
00:00:02.016550 [/Devices/pci/0/] (level 3)
00:00:02.016552   Trusted <integer> = 0x0000000000000001 (1)
00:00:02.016553 
00:00:02.016553 [/Devices/pci/0/Config/] (level 4)
00:00:02.016555   IOAPIC <integer> = 0x0000000000000001 (1)
00:00:02.016556 
00:00:02.016556 [/Devices/pcibridge/] (level 2)
00:00:02.016558 
00:00:02.016558 [/Devices/pckbd/] (level 2)
00:00:02.016560 
00:00:02.016560 [/Devices/pckbd/0/] (level 3)
00:00:02.016562   Trusted <integer> = 0x0000000000000001 (1)
00:00:02.016563 
00:00:02.016563 [/Devices/pckbd/0/Config/] (level 4)
00:00:02.016565 
00:00:02.016565 [/Devices/pckbd/0/LUN#0/] (level 4)
00:00:02.016567   Driver <string>  = "KeyboardQueue" (cb=14)
00:00:02.016568 
00:00:02.016568 [/Devices/pckbd/0/LUN#0/AttachedDriver/] (level 5)
00:00:02.016571   Driver <string>  = "MainKeyboard" (cb=13)
00:00:02.016571 
00:00:02.016572 [/Devices/pckbd/0/LUN#0/Config/] (level 5)
00:00:02.016574   QueueSize <integer> = 0x0000000000000040 (64, 64 B)
00:00:02.016575 
00:00:02.016576 [/Devices/pckbd/0/LUN#1/] (level 4)
00:00:02.016578   Driver <string>  = "MouseQueue" (cb=11)
00:00:02.016578 
00:00:02.016579 [/Devices/pckbd/0/LUN#1/AttachedDriver/] (level 5)
00:00:02.016581   Driver <string>  = "MainMouse" (cb=10)
00:00:02.016582 
00:00:02.016582 [/Devices/pckbd/0/LUN#1/Config/] (level 5)
00:00:02.016584   QueueSize <integer> = 0x0000000000000080 (128, 128 B)
00:00:02.016585 
00:00:02.016586 [/Devices/pcnet/] (level 2)
00:00:02.016587 
00:00:02.016588 [/Devices/piix3ide/] (level 2)
00:00:02.016589 
00:00:02.016589 [/Devices/piix3ide/0/] (level 3)
00:00:02.016591   PCIBusNo      <integer> = 0x0000000000000000 (0)
00:00:02.016592   PCIDeviceNo   <integer> = 0x0000000000000001 (1)
00:00:02.016593   PCIFunctionNo <integer> = 0x0000000000000001 (1)
00:00:02.016594   Trusted       <integer> = 0x0000000000000001 (1)
00:00:02.016595 
00:00:02.016596 [/Devices/piix3ide/0/Config/] (level 4)
00:00:02.016597   Type <string>  = "PIIX4" (cb=6)
00:00:02.016598 
00:00:02.016598 [/Devices/piix3ide/0/LUN#2/] (level 4)
00:00:02.016603   Driver <string>  = "VD" (cb=3)
00:00:02.016604 
00:00:02.016604 [/Devices/piix3ide/0/LUN#2/Config/] (level 5)
00:00:02.016606   EmptyDrive <integer> = 0x0000000000000001 (1)
00:00:02.016607   Mountable  <integer> = 0x0000000000000001 (1)
00:00:02.016608   Type       <string>  = "DVD" (cb=4)
00:00:02.016609 
00:00:02.016610 [/Devices/piix3ide/0/LUN#999/] (level 4)
00:00:02.016611   Driver <string>  = "MainStatus" (cb=11)
00:00:02.016612 
00:00:02.016613 [/Devices/piix3ide/0/LUN#999/Config/] (level 5)
00:00:02.016615   DeviceInstance       <string>  = "piix3ide/0" (cb=11)
00:00:02.016616   First                <integer> = 0x0000000000000000 (0)
00:00:02.016617   HasMediumAttachments <integer> = 0x0000000000000001 (1)
00:00:02.016618   Last                 <integer> = 0x0000000000000003 (3)
00:00:02.016620   iLedSet              <integer> = 0x0000000000000003 (3)
00:00:02.016621 
00:00:02.016621 [/Devices/serial/] (level 2)
00:00:02.016623 
00:00:02.016623 [/Devices/usb-ehci/] (level 2)
00:00:02.016624 
00:00:02.016625 [/Devices/usb-ehci/0/] (level 3)
00:00:02.016627   PCIBusNo      <integer> = 0x0000000000000000 (0)
00:00:02.016628   PCIDeviceNo   <integer> = 0x000000000000000b (11)
00:00:02.016629   PCIFunctionNo <integer> = 0x0000000000000000 (0)
00:00:02.016630   Trusted       <integer> = 0x0000000000000001 (1)
00:00:02.016631 
00:00:02.016631 [/Devices/usb-ehci/0/Config/] (level 4)
00:00:02.016633 
00:00:02.016633 [/Devices/usb-ehci/0/LUN#0/] (level 4)
00:00:02.016635   Driver <string>  = "VUSBRootHub" (cb=12)
00:00:02.016636 
00:00:02.016636 [/Devices/usb-ehci/0/LUN#0/Config/] (level 5)
00:00:02.016638 
00:00:02.016638 [/Devices/usb-ehci/0/LUN#999/] (level 4)
00:00:02.016640   Driver <string>  = "MainStatus" (cb=11)
00:00:02.016641 
00:00:02.016641 [/Devices/usb-ehci/0/LUN#999/Config/] (level 5)
00:00:02.016643   First                <integer> = 0x0000000000000000 (0)
00:00:02.016645   HasMediumAttachments <integer> = 0x0000000000000000 (0)
00:00:02.016646   Last                 <integer> = 0x0000000000000000 (0)
00:00:02.016647   iLedSet              <integer> = 0x0000000000000002 (2)
00:00:02.016648 
00:00:02.016649 [/Devices/usb-ohci/] (level 2)
00:00:02.016650 
00:00:02.016650 [/Devices/usb-ohci/0/] (level 3)
00:00:02.016652   PCIBusNo      <integer> = 0x0000000000000000 (0)
00:00:02.016653   PCIDeviceNo   <integer> = 0x0000000000000006 (6)
00:00:02.016654   PCIFunctionNo <integer> = 0x0000000000000000 (0)
00:00:02.016655   Trusted       <integer> = 0x0000000000000001 (1)
00:00:02.016656 
00:00:02.016657 [/Devices/usb-ohci/0/Config/] (level 4)
00:00:02.016658 
00:00:02.016659 [/Devices/usb-ohci/0/LUN#0/] (level 4)
00:00:02.016660   Driver <string>  = "VUSBRootHub" (cb=12)
00:00:02.016661 
00:00:02.016662 [/Devices/usb-ohci/0/LUN#0/Config/] (level 5)
00:00:02.016663 
00:00:02.016664 [/Devices/usb-ohci/0/LUN#999/] (level 4)
00:00:02.016666   Driver <string>  = "MainStatus" (cb=11)
00:00:02.016666 
00:00:02.016667 [/Devices/usb-ohci/0/LUN#999/Config/] (level 5)
00:00:02.016669   First                <integer> = 0x0000000000000000 (0)
00:00:02.016670   HasMediumAttachments <integer> = 0x0000000000000000 (0)
00:00:02.016671   Last                 <integer> = 0x0000000000000000 (0)
00:00:02.016673   iLedSet              <integer> = 0x0000000000000001 (1)
00:00:02.016674 
00:00:02.016675 [/Devices/vga/] (level 2)
00:00:02.016676 
00:00:02.016677 [/Devices/vga/0/] (level 3)
00:00:02.016679   PCIBusNo      <integer> = 0x0000000000000000 (0)
00:00:02.016680   PCIDeviceNo   <integer> = 0x0000000000000002 (2)
00:00:02.016681   PCIFunctionNo <integer> = 0x0000000000000000 (0)
00:00:02.016682   Trusted       <integer> = 0x0000000000000001 (1)
00:00:02.016683 
00:00:02.016683 [/Devices/vga/0/Config/] (level 4)
00:00:02.016686   3DEnabled          <integer> = 0x0000000000000000 (0)
00:00:02.016687   CustomVideoModes   <integer> = 0x0000000000000000 (0)
00:00:02.016688   FadeIn             <integer> = 0x0000000000000001 (1)
00:00:02.016690   FadeOut            <integer> = 0x0000000000000001 (1)
00:00:02.016696   HeightReduction    <integer> = 0x0000000000000000 (0)
00:00:02.016697   LogoFile           <string>  = "" (cb=1)
00:00:02.016698   LogoTime           <integer> = 0x0000000000000000 (0)
00:00:02.016700   MonitorCount       <integer> = 0x0000000000000001 (1)
00:00:02.016701   ShowBootMenu       <integer> = 0x0000000000000002 (2)
00:00:02.016702   VMSVGA3dEnabled    <integer> = 0x0000000000000000 (0)
00:00:02.016703   VMSVGAEnabled      <integer> = 0x0000000000000001 (1)
00:00:02.016704   VMSVGAPciBarLayout <integer> = 0x0000000000000001 (1)
00:00:02.016705   VMSVGAPciId        <integer> = 0x0000000000000001 (1)
00:00:02.016706   VRamSize           <integer> = 0x0000000001000000 (16 777 216, 16.0 MiB)
00:00:02.016709 
00:00:02.016709 [/Devices/vga/0/LUN#0/] (level 4)
00:00:02.016711   Driver <string>  = "MainDisplay" (cb=12)
00:00:02.016712 
00:00:02.016712 [/Devices/vga/0/LUN#0/Config/] (level 5)
00:00:02.016714 
00:00:02.016715 [/Devices/vga/0/LUN#999/] (level 4)
00:00:02.016716   Driver <string>  = "MainStatus" (cb=11)
00:00:02.016717 
00:00:02.016718 [/Devices/vga/0/LUN#999/Config/] (level 5)
00:00:02.016720   First                <integer> = 0x0000000000000000 (0)
00:00:02.016721   HasMediumAttachments <integer> = 0x0000000000000000 (0)
00:00:02.016722   Last                 <integer> = 0x0000000000000000 (0)
00:00:02.016724   iLedSet              <integer> = 0x0000000000000000 (0)
00:00:02.016725 
00:00:02.016726 [/Devices/virtio-net/] (level 2)
00:00:02.016727 
00:00:02.016727 [/EM/] (level 1)
00:00:02.016729   TripleFaultReset <integer> = 0x0000000000000000 (0)
00:00:02.016730 
00:00:02.016730 [/GCM/] (level 1)
00:00:02.016731   FixerSet <integer> = 0x0000000000000000 (0)
00:00:02.016732 
00:00:02.016733 [/GIM/] (level 1)
00:00:02.016734   Provider <string>  = "KVM" (cb=4)
00:00:02.016735 
00:00:02.016735 [/HM/] (level 1)
00:00:02.016739   64bitEnabled            <integer> = 0x0000000000000001 (1)
00:00:02.016740   EnableLargePages        <integer> = 0x0000000000000001 (1)
00:00:02.016741   EnableNestedPaging      <integer> = 0x0000000000000001 (1)
00:00:02.016742   EnableUX                <integer> = 0x0000000000000001 (1)
00:00:02.016744   EnableVPID              <integer> = 0x0000000000000001 (1)
00:00:02.016745   Exclusive               <integer> = 0x0000000000000000 (0)
00:00:02.016746   HMForced                <integer> = 0x0000000000000001 (1)
00:00:02.016748   IBPBOnVMEntry           <integer> = 0x0000000000000000 (0)
00:00:02.016749   IBPBOnVMExit            <integer> = 0x0000000000000000 (0)
00:00:02.016750   L1DFlushOnSched         <integer> = 0x0000000000000001 (1)
00:00:02.016752   L1DFlushOnVMEntry       <integer> = 0x0000000000000000 (0)
00:00:02.016753   LovelyMesaDrvWorkaround <integer> = 0x0000000000000001 (1)
00:00:02.016754   MDSClearOnSched         <integer> = 0x0000000000000001 (1)
00:00:02.016755   MDSClearOnVMEntry       <integer> = 0x0000000000000000 (0)
00:00:02.016756   SpecCtrlByHost          <integer> = 0x0000000000000000 (0)
00:00:02.016758   SvmVirtVmsaveVmload     <integer> = 0x0000000000000000 (0)
00:00:02.016759   UseNEMInstead           <integer> = 0x0000000000000000 (0)
00:00:02.016760 
00:00:02.016761 [/MM/] (level 1)
00:00:02.016762   CanUseLargerHeap <integer> = 0x0000000000000000 (0)
00:00:02.016763 
00:00:02.016763 [/NEM/] (level 1)
00:00:02.016765   Allow64BitGuests        <integer> = 0x0000000000000001 (1)
00:00:02.016766   LovelyMesaDrvWorkaround <integer> = 0x0000000000000001 (1)
00:00:02.016767 
00:00:02.016767 [/PDM/] (level 1)
00:00:02.016768 
00:00:02.016768 [/PDM/AsyncCompletion/] (level 2)
00:00:02.016770 
00:00:02.016770 [/PDM/AsyncCompletion/File/] (level 3)
00:00:02.016772 
00:00:02.016772 [/PDM/AsyncCompletion/File/BwGroups/] (level 4)
00:00:02.016774 
00:00:02.016774 [/PDM/BlkCache/] (level 2)
00:00:02.016776   CacheSize <integer> = 0x0000000000500000 (5 242 880, 5.0 MiB)
00:00:02.016778 
00:00:02.016778 [/PDM/Devices/] (level 2)
00:00:02.016780 
00:00:02.016780 [/PDM/Drivers/] (level 2)
00:00:02.016781 
00:00:02.016782 [/PDM/Drivers/VBoxC/] (level 3)
00:00:02.016786   Path <string>  = "/Applications/VirtualBox.app/Contents/MacOS/components/VBoxC" (cb=61)
00:00:02.016787 
00:00:02.016787 [/PDM/NetworkShaper/] (level 2)
00:00:02.016789 
00:00:02.016789 [/PDM/NetworkShaper/BwGroups/] (level 3)
00:00:02.016790 
00:00:02.016791 [/TM/] (level 1)
00:00:02.016792   UTCOffset <integer> = 0x0000000000000000 (0)
00:00:02.016793 
00:00:02.016793 [/USB/] (level 1)
00:00:02.016794 
00:00:02.016795 [/USB/HidMouse/] (level 2)
00:00:02.016796 
00:00:02.016796 [/USB/HidMouse/0/] (level 3)
00:00:02.016798 
00:00:02.016798 [/USB/HidMouse/0/Config/] (level 4)
00:00:02.016800   Mode <string>  = "absolute" (cb=9)
00:00:02.016801 
00:00:02.016801 [/USB/HidMouse/0/LUN#0/] (level 4)
00:00:02.016803   Driver <string>  = "MouseQueue" (cb=11)
00:00:02.016804 
00:00:02.016804 [/USB/HidMouse/0/LUN#0/AttachedDriver/] (level 5)
00:00:02.016806   Driver <string>  = "MainMouse" (cb=10)
00:00:02.016807 
00:00:02.016807 [/USB/HidMouse/0/LUN#0/Config/] (level 5)
00:00:02.016809   QueueSize <integer> = 0x0000000000000080 (128, 128 B)
00:00:02.016811 
00:00:02.016811 [/USB/USBProxy/] (level 2)
00:00:02.016813 
00:00:02.016813 [/USB/USBProxy/GlobalConfig/] (level 3)
00:00:02.016814 
00:00:02.016816 ********************* End of CFGM dump **********************
00:00:02.016941 HM: HMR3Init: Attempting fall back to NEM: Driverless mode
00:00:02.017899 NEM:  info: Found optional import Hypervisor!hv_capability.
00:00:02.017920 NEM:  info: Found optional import Hypervisor!hv_vm_space_create.
00:00:02.017926 NEM:  info: Found optional import Hypervisor!hv_vm_space_destroy.
00:00:02.017932 NEM:  info: Found optional import Hypervisor!hv_vm_map_space.
00:00:02.017937 NEM:  info: Found optional import Hypervisor!hv_vm_unmap_space.
00:00:02.017941 NEM:  info: Found optional import Hypervisor!hv_vm_protect_space.
00:00:02.017947 NEM:  info: Found optional import Hypervisor!hv_vcpu_set_space.
00:00:02.017957 NEM:  info: Found optional import Hypervisor!hv_vcpu_run_until.
00:00:02.017962 NEM:  info: Found optional import Hypervisor!hv_vcpu_get_exec_time.
00:00:02.017987 NEM:  info: Found optional import Hypervisor!hv_vmx_vcpu_read_shadow_vmcs.
00:00:02.017992 NEM:  info: Found optional import Hypervisor!hv_vmx_vcpu_write_shadow_vmcs.
00:00:02.017997 NEM:  info: Found optional import Hypervisor!hv_vmx_vcpu_set_shadow_access.
00:00:02.018002 NEM:  info: Found optional import Hypervisor!hv_vmx_get_msr_info.
00:00:02.018006 NEM:  info: Found optional import Hypervisor!hv_vmx_vcpu_get_cap_write_vmcs.
00:00:02.018011 NEM:  info: Found optional import Hypervisor!hv_vcpu_enable_managed_msr.
00:00:02.018015 NEM:  info: Found optional import Hypervisor!hv_vcpu_set_msr_access.
00:00:02.018026 NEM: cMachTimePerNs=1 (TimeInfo.numer=1 TimeInfo.denom=1)
00:00:02.019431 NEM: Successfully created ASID: 1
00:00:02.019541 NEM:
00:00:02.019542 NEM: NEMR3Init: Turtle execution mode is active!
00:00:02.019542 NEM: Note! VirtualBox is not able to run at its full potential in this execution mode.
00:00:02.019542 NEM:
00:00:02.019577 CPUM: No hardware-virtualization capability detected
00:00:02.019873 CPUM: fXStateHostMask=0x7; initial: 0x7; host XCR0=0x7
00:00:02.021050 CPUM: Matched host CPU INTEL 0x6/0x45/0x1 Intel_Core7_Haswell with CPU DB entry 'Intel Core i7-5600U' (INTEL 0x6/0x3d/0x4 Intel_Core7_Broadwell)
00:00:02.021124 CPUM: MXCSR_MASK=0xffff (host: 0xffff)
00:00:02.021147 CPUM: Failed to query microcode revision. rc=VERR_SUP_DRIVERLESS
00:00:02.021183 CPUM: MSR/CPUID reconciliation insert: 0x0000010b IA32_FLUSH_CMD
00:00:02.021192 CPUM: MSR fudge: 0x00000001 IA32_P5_MC_TYPE
00:00:02.021197 CPUM: MSR fudge: 0x00000017 IA32_PLATFORM_ID
00:00:02.021201 CPUM: MSR fudge: 0x0000001b IA32_APIC_BASE
00:00:02.021205 CPUM: MSR fudge: 0x0000008b BIOS_SIGN
00:00:02.021209 CPUM: MSR fudge: 0x000000fe IA32_MTRRCAP
00:00:02.021213 CPUM: MSR fudge: 0x00000179 IA32_MCG_CAP
00:00:02.021217 CPUM: MSR fudge: 0x0000017a IA32_MCG_STATUS
00:00:02.021221 CPUM: MSR fudge: 0x000001a0 IA32_MISC_ENABLE
00:00:02.021225 CPUM: MSR fudge: 0x000001d9 IA32_DEBUGCTL
00:00:02.021229 CPUM: MSR fudge: 0x000001db P6_LAST_BRANCH_FROM_IP
00:00:02.021233 CPUM: MSR fudge: 0x000001dc P6_LAST_BRANCH_TO_IP
00:00:02.021237 CPUM: MSR fudge: 0x000001dd P6_LAST_INT_FROM_IP
00:00:02.021241 CPUM: MSR fudge: 0x000001de P6_LAST_INT_TO_IP
00:00:02.021245 CPUM: MSR fudge: 0x00000277 IA32_PAT
00:00:02.021249 CPUM: MSR fudge: 0x000002ff IA32_MTRR_DEF_TYPE
00:00:02.021253 CPUM: MSR fudge: 0x00000400 IA32_MCi_CTL_STATUS_ADDR_MISC
00:00:02.021260 CPUM: MSR fudge: 0xc0000103 AMD64_TSC_AUX
00:00:02.021367 CPUM: SetGuestCpuIdFeature: Enabled SYSENTER/EXIT
00:00:02.021383 CPUM: SetGuestCpuIdFeature: Enabled SYSCALL/RET
00:00:02.021387 CPUM: SetGuestCpuIdFeature: Enabled PAE
00:00:02.021391 CPUM: SetGuestCpuIdFeature: Enabled LAHF/SAHF
00:00:02.021395 CPUM: SetGuestCpuIdFeature: Enabled NX
00:00:02.021399 CPUM: SetGuestCpuIdFeature: Enabled LONG MODE
00:00:02.021522 NEM:    VMX_VMCS32_CTRL_PIN_EXEC = (allowed_0=0x00003f allowed_1=0x00007f)
00:00:02.021533 NEM:        Bit 00 = MUST be set
00:00:02.021537 NEM:        Bit 01 = MUST be set
00:00:02.021541 NEM:        Bit 02 = MUST be set
00:00:02.021547 NEM:        Bit 03 = MUST be set
00:00:02.021553 NEM:        Bit 04 = MUST be set
00:00:02.021559 NEM:        Bit 05 = MUST be set
00:00:02.021566 NEM:        Bit 06 = Can be set or not be set
00:00:02.021572 NEM:        Bit 07 = Must NOT be set
00:00:02.021576 NEM:        Bit 08 = Must NOT be set
00:00:02.021580 NEM:        Bit 09 = Must NOT be set
00:00:02.021583 NEM:        Bit 10 = Must NOT be set
00:00:02.021587 NEM:        Bit 11 = Must NOT be set
00:00:02.021591 NEM:        Bit 12 = Must NOT be set
00:00:02.021594 NEM:        Bit 13 = Must NOT be set
00:00:02.021600 NEM:        Bit 14 = Must NOT be set
00:00:02.021604 NEM:        Bit 15 = Must NOT be set
00:00:02.021607 NEM:        Bit 16 = Must NOT be set
00:00:02.021632 NEM:        Bit 17 = Must NOT be set
00:00:02.021640 NEM:        Bit 18 = Must NOT be set
00:00:02.021644 NEM:        Bit 19 = Must NOT be set
00:00:02.021648 NEM:        Bit 20 = Must NOT be set
00:00:02.021651 NEM:        Bit 21 = Must NOT be set
00:00:02.021677 NEM:        Bit 22 = Must NOT be set
00:00:02.021681 NEM:        Bit 23 = Must NOT be set
00:00:02.021685 NEM:        Bit 24 = Must NOT be set
00:00:02.021688 NEM:        Bit 25 = Must NOT be set
00:00:02.021692 NEM:        Bit 26 = Must NOT be set
00:00:02.021696 NEM:        Bit 27 = Must NOT be set
00:00:02.021700 NEM:        Bit 28 = Must NOT be set
00:00:02.021703 NEM:        Bit 29 = Must NOT be set
00:00:02.021707 NEM:        Bit 30 = Must NOT be set
00:00:02.021710 NEM:        Bit 31 = Must NOT be set
00:00:02.021715 NEM:    VMX_VMCS32_CTRL_PROC_EXEC = (allowed_0=0x9500697a allowed_1=0xfdf9fffe)
00:00:02.021720 NEM:        Bit 00 = Must NOT be set
00:00:02.021724 NEM:        Bit 01 = MUST be set
00:00:02.021728 NEM:        Bit 02 = Can be set or not be set
00:00:02.021778 NEM:        Bit 03 = MUST be set
00:00:02.021796 NEM:        Bit 04 = MUST be set
00:00:02.021835 NEM:        Bit 05 = MUST be set
00:00:02.021847 NEM:        Bit 06 = MUST be set
00:00:02.021869 NEM:        Bit 07 = Can be set or not be set
00:00:02.021874 NEM:        Bit 08 = MUST be set
00:00:02.021878 NEM:        Bit 09 = Can be set or not be set
00:00:02.021881 NEM:        Bit 10 = Can be set or not be set
00:00:02.021885 NEM:        Bit 11 = MUST be set
00:00:02.021889 NEM:        Bit 12 = Can be set or not be set
00:00:02.021893 NEM:        Bit 13 = MUST be set
00:00:02.021897 NEM:        Bit 14 = MUST be set
00:00:02.021901 NEM:        Bit 15 = Can be set or not be set
00:00:02.021904 NEM:        Bit 16 = Can be set or not be set
00:00:02.021908 NEM:        Bit 17 = Must NOT be set
00:00:02.021912 NEM:        Bit 18 = Must NOT be set
00:00:02.021916 NEM:        Bit 19 = Can be set or not be set
00:00:02.021919 NEM:        Bit 20 = Can be set or not be set
00:00:02.021923 NEM:        Bit 21 = Can be set or not be set
00:00:02.021927 NEM:        Bit 22 = Can be set or not be set
00:00:02.021931 NEM:        Bit 23 = Can be set or not be set
00:00:02.021934 NEM:        Bit 24 = MUST be set
00:00:02.021938 NEM:        Bit 25 = Must NOT be set
00:00:02.021942 NEM:        Bit 26 = MUST be set
00:00:02.021945 NEM:        Bit 27 = Can be set or not be set
00:00:02.021949 NEM:        Bit 28 = MUST be set
00:00:02.021953 NEM:        Bit 29 = Can be set or not be set
00:00:02.021957 NEM:        Bit 30 = Can be set or not be set
00:00:02.021960 NEM:        Bit 31 = MUST be set
00:00:02.021965 NEM:    VMX_VMCS32_CTRL_EXCEPTION_BITMAP = (allowed_0=0x000000 allowed_1=0xffffffff)
00:00:02.021970 NEM:        Bit 00 = Can be set or not be set
00:00:02.021974 NEM:        Bit 01 = Can be set or not be set
00:00:02.021989 NEM:        Bit 02 = Can be set or not be set
00:00:02.022007 NEM:        Bit 03 = Can be set or not be set
00:00:02.022015 NEM:        Bit 04 = Can be set or not be set
00:00:02.022021 NEM:        Bit 05 = Can be set or not be set
00:00:02.022029 NEM:        Bit 06 = Can be set or not be set
00:00:02.022036 NEM:        Bit 07 = Can be set or not be set
00:00:02.022042 NEM:        Bit 08 = Can be set or not be set
00:00:02.022048 NEM:        Bit 09 = Can be set or not be set
00:00:02.022056 NEM:        Bit 10 = Can be set or not be set
00:00:02.022062 NEM:        Bit 11 = Can be set or not be set
00:00:02.022068 NEM:        Bit 12 = Can be set or not be set
00:00:02.022073 NEM:        Bit 13 = Can be set or not be set
00:00:02.022080 NEM:        Bit 14 = Can be set or not be set
00:00:02.022087 NEM:        Bit 15 = Can be set or not be set
00:00:02.022093 NEM:        Bit 16 = Can be set or not be set
00:00:02.022100 NEM:        Bit 17 = Can be set or not be set
00:00:02.022106 NEM:        Bit 18 = Can be set or not be set
00:00:02.022112 NEM:        Bit 19 = Can be set or not be set
00:00:02.022133 NEM:        Bit 20 = Can be set or not be set
00:00:02.022147 NEM:        Bit 21 = Can be set or not be set
00:00:02.022151 NEM:        Bit 22 = Can be set or not be set
00:00:02.022155 NEM:        Bit 23 = Can be set or not be set
00:00:02.022158 NEM:        Bit 24 = Can be set or not be set
00:00:02.022162 NEM:        Bit 25 = Can be set or not be set
00:00:02.022184 NEM:        Bit 26 = Can be set or not be set
00:00:02.022189 NEM:        Bit 27 = Can be set or not be set
00:00:02.022192 NEM:        Bit 28 = Can be set or not be set
00:00:02.022196 NEM:        Bit 29 = Can be set or not be set
00:00:02.022200 NEM:        Bit 30 = Can be set or not be set
00:00:02.022203 NEM:        Bit 31 = Can be set or not be set
00:00:02.022208 NEM:    VMX_VMCS32_CTRL_EXIT = (allowed_0=0x236fff allowed_1=0x737fff)
00:00:02.022213 NEM:        Bit 00 = MUST be set
00:00:02.022217 NEM:        Bit 01 = MUST be set
00:00:02.022221 NEM:        Bit 02 = MUST be set
00:00:02.022224 NEM:        Bit 03 = MUST be set
00:00:02.022228 NEM:        Bit 04 = MUST be set
00:00:02.022232 NEM:        Bit 05 = MUST be set
00:00:02.022235 NEM:        Bit 06 = MUST be set
00:00:02.022239 NEM:        Bit 07 = MUST be set
00:00:02.022243 NEM:        Bit 08 = MUST be set
00:00:02.022246 NEM:        Bit 09 = MUST be set
00:00:02.022250 NEM:        Bit 10 = MUST be set
00:00:02.022253 NEM:        Bit 11 = MUST be set
00:00:02.022257 NEM:        Bit 12 = Can be set or not be set
00:00:02.022261 NEM:        Bit 13 = MUST be set
00:00:02.022264 NEM:        Bit 14 = MUST be set
00:00:02.022268 NEM:        Bit 15 = Must NOT be set
00:00:02.022272 NEM:        Bit 16 = MUST be set
00:00:02.022275 NEM:        Bit 17 = MUST be set
00:00:02.022279 NEM:        Bit 18 = Must NOT be set
00:00:02.022283 NEM:        Bit 19 = Must NOT be set
00:00:02.022286 NEM:        Bit 20 = Can be set or not be set
00:00:02.022290 NEM:        Bit 21 = MUST be set
00:00:02.022294 NEM:        Bit 22 = Can be set or not be set
00:00:02.022297 NEM:        Bit 23 = Must NOT be set
00:00:02.022301 NEM:        Bit 24 = Must NOT be set
00:00:02.022305 NEM:        Bit 25 = Must NOT be set
00:00:02.022308 NEM:        Bit 26 = Must NOT be set
00:00:02.022312 NEM:        Bit 27 = Must NOT be set
00:00:02.022315 NEM:        Bit 28 = Must NOT be set
00:00:02.022319 NEM:        Bit 29 = Must NOT be set
00:00:02.022323 NEM:        Bit 30 = Must NOT be set
00:00:02.022326 NEM:        Bit 31 = Must NOT be set
00:00:02.022330 NEM:    VMX_VMCS32_CTRL_ENTRY = (allowed_0=0x0091ff allowed_1=0x00b3ff)
00:00:02.022335 NEM:        Bit 00 = MUST be set
00:00:02.022338 NEM:        Bit 01 = MUST be set
00:00:02.022342 NEM:        Bit 02 = MUST be set
00:00:02.022345 NEM:        Bit 03 = MUST be set
00:00:02.022349 NEM:        Bit 04 = MUST be set
00:00:02.022353 NEM:        Bit 05 = MUST be set
00:00:02.022357 NEM:        Bit 06 = MUST be set
00:00:02.022360 NEM:        Bit 07 = MUST be set
00:00:02.022364 NEM:        Bit 08 = MUST be set
00:00:02.022367 NEM:        Bit 09 = Can be set or not be set
00:00:02.022371 NEM:        Bit 10 = Must NOT be set
00:00:02.022375 NEM:        Bit 11 = Must NOT be set
00:00:02.022378 NEM:        Bit 12 = MUST be set
00:00:02.022382 NEM:        Bit 13 = Can be set or not be set
00:00:02.022386 NEM:        Bit 14 = Must NOT be set
00:00:02.022389 NEM:        Bit 15 = MUST be set
00:00:02.022393 NEM:        Bit 16 = Must NOT be set
00:00:02.022397 NEM:        Bit 17 = Must NOT be set
00:00:02.022400 NEM:        Bit 18 = Must NOT be set
00:00:02.022404 NEM:        Bit 19 = Must NOT be set
00:00:02.022407 NEM:        Bit 20 = Must NOT be set
00:00:02.022411 NEM:        Bit 21 = Must NOT be set
00:00:02.022415 NEM:        Bit 22 = Must NOT be set
00:00:02.022418 NEM:        Bit 23 = Must NOT be set
00:00:02.022422 NEM:        Bit 24 = Must NOT be set
00:00:02.022426 NEM:        Bit 25 = Must NOT be set
00:00:02.022429 NEM:        Bit 26 = Must NOT be set
00:00:02.022433 NEM:        Bit 27 = Must NOT be set
00:00:02.022436 NEM:        Bit 28 = Must NOT be set
00:00:02.022440 NEM:        Bit 29 = Must NOT be set
00:00:02.022444 NEM:        Bit 30 = Must NOT be set
00:00:02.022447 NEM:        Bit 31 = Must NOT be set
00:00:02.022451 NEM:    VMX_VMCS32_CTRL_PROC_EXEC2 = (allowed_0=0x0000a2 allowed_1=0x001cef)
00:00:02.022455 NEM:        Bit 00 = Can be set or not be set
00:00:02.022459 NEM:        Bit 01 = MUST be set
00:00:02.022476 NEM:        Bit 02 = Can be set or not be set
00:00:02.022480 NEM:        Bit 03 = Can be set or not be set
00:00:02.022484 NEM:        Bit 04 = Must NOT be set
00:00:02.022488 NEM:        Bit 05 = MUST be set
00:00:02.022491 NEM:        Bit 06 = Can be set or not be set
00:00:02.022495 NEM:        Bit 07 = MUST be set
00:00:02.022498 NEM:        Bit 08 = Must NOT be set
00:00:02.022502 NEM:        Bit 09 = Must NOT be set
00:00:02.022506 NEM:        Bit 10 = Can be set or not be set
00:00:02.022509 NEM:        Bit 11 = Can be set or not be set
00:00:02.022513 NEM:        Bit 12 = Can be set or not be set
00:00:02.022517 NEM:        Bit 13 = Must NOT be set
00:00:02.022520 NEM:        Bit 14 = Must NOT be set
00:00:02.022524 NEM:        Bit 15 = Must NOT be set
00:00:02.022527 NEM:        Bit 16 = Must NOT be set
00:00:02.022531 NEM:        Bit 17 = Must NOT be set
00:00:02.022535 NEM:        Bit 18 = Must NOT be set
00:00:02.022538 NEM:        Bit 19 = Must NOT be set
00:00:02.022542 NEM:        Bit 20 = Must NOT be set
00:00:02.022545 NEM:        Bit 21 = Must NOT be set
00:00:02.022549 NEM:        Bit 22 = Must NOT be set
00:00:02.022553 NEM:        Bit 23 = Must NOT be set
00:00:02.022556 NEM:        Bit 24 = Must NOT be set
00:00:02.022560 NEM:        Bit 25 = Must NOT be set
00:00:02.022563 NEM:        Bit 26 = Must NOT be set
00:00:02.022567 NEM:        Bit 27 = Must NOT be set
00:00:02.022571 NEM:        Bit 28 = Must NOT be set
00:00:02.022574 NEM:        Bit 29 = Must NOT be set
00:00:02.022578 NEM:        Bit 30 = Must NOT be set
00:00:02.022582 NEM:        Bit 31 = Must NOT be set
00:00:02.022586 NEM:    VMX_VMCS32_CTRL_PLE_GAP = (allowed_0=0x000000 allowed_1=0xffffffff)
00:00:02.022590 NEM:        Bit 00 = Can be set or not be set
00:00:02.022593 NEM:        Bit 01 = Can be set or not be set
00:00:02.022597 NEM:        Bit 02 = Can be set or not be set
00:00:02.022601 NEM:        Bit 03 = Can be set or not be set
00:00:02.022605 NEM:        Bit 04 = Can be set or not be set
00:00:02.022608 NEM:        Bit 05 = Can be set or not be set
00:00:02.022612 NEM:        Bit 06 = Can be set or not be set
00:00:02.022616 NEM:        Bit 07 = Can be set or not be set
00:00:02.022619 NEM:        Bit 08 = Can be set or not be set
00:00:02.022623 NEM:        Bit 09 = Can be set or not be set
00:00:02.022627 NEM:        Bit 10 = Can be set or not be set
00:00:02.022665 NEM:        Bit 11 = Can be set or not be set
00:00:02.022673 NEM:        Bit 12 = Can be set or not be set
00:00:02.022677 NEM:        Bit 13 = Can be set or not be set
00:00:02.022681 NEM:        Bit 14 = Can be set or not be set
00:00:02.022685 NEM:        Bit 15 = Can be set or not be set
00:00:02.022690 NEM:        Bit 16 = Can be set or not be set
00:00:02.022696 NEM:        Bit 17 = Can be set or not be set
00:00:02.022702 NEM:        Bit 18 = Can be set or not be set
00:00:02.022707 NEM:        Bit 19 = Can be set or not be set
00:00:02.022713 NEM:        Bit 20 = Can be set or not be set
00:00:02.022719 NEM:        Bit 21 = Can be set or not be set
00:00:02.022724 NEM:        Bit 22 = Can be set or not be set
00:00:02.022727 NEM:        Bit 23 = Can be set or not be set
00:00:02.022735 NEM:        Bit 24 = Can be set or not be set
00:00:02.022740 NEM:        Bit 25 = Can be set or not be set
00:00:02.022746 NEM:        Bit 26 = Can be set or not be set
00:00:02.022752 NEM:        Bit 27 = Can be set or not be set
00:00:02.022756 NEM:        Bit 28 = Can be set or not be set
00:00:02.022762 NEM:        Bit 29 = Can be set or not be set
00:00:02.022766 NEM:        Bit 30 = Can be set or not be set
00:00:02.022770 NEM:        Bit 31 = Can be set or not be set
00:00:02.022774 NEM:    VMX_VMCS32_CTRL_PLE_WINDOW = (allowed_0=0x000000 allowed_1=0xffffffff)
00:00:02.022779 NEM:        Bit 00 = Can be set or not be set
00:00:02.022785 NEM:        Bit 01 = Can be set or not be set
00:00:02.022789 NEM:        Bit 02 = Can be set or not be set
00:00:02.022793 NEM:        Bit 03 = Can be set or not be set
00:00:02.022813 NEM:        Bit 04 = Can be set or not be set
00:00:02.022817 NEM:        Bit 05 = Can be set or not be set
00:00:02.022820 NEM:        Bit 06 = Can be set or not be set
00:00:02.022824 NEM:        Bit 07 = Can be set or not be set
00:00:02.022828 NEM:        Bit 08 = Can be set or not be set
00:00:02.022832 NEM:        Bit 09 = Can be set or not be set
00:00:02.022835 NEM:        Bit 10 = Can be set or not be set
00:00:02.022839 NEM:        Bit 11 = Can be set or not be set
00:00:02.022843 NEM:        Bit 12 = Can be set or not be set
00:00:02.022848 NEM:        Bit 13 = Can be set or not be set
00:00:02.022852 NEM:        Bit 14 = Can be set or not be set
00:00:02.022855 NEM:        Bit 15 = Can be set or not be set
00:00:02.022859 NEM:        Bit 16 = Can be set or not be set
00:00:02.022882 NEM:        Bit 17 = Can be set or not be set
00:00:02.022890 NEM:        Bit 18 = Can be set or not be set
00:00:02.022894 NEM:        Bit 19 = Can be set or not be set
00:00:02.022898 NEM:        Bit 20 = Can be set or not be set
00:00:02.022901 NEM:        Bit 21 = Can be set or not be set
00:00:02.022905 NEM:        Bit 22 = Can be set or not be set
00:00:02.022909 NEM:        Bit 23 = Can be set or not be set
00:00:02.022912 NEM:        Bit 24 = Can be set or not be set
00:00:02.022916 NEM:        Bit 25 = Can be set or not be set
00:00:02.022919 NEM:        Bit 26 = Can be set or not be set
00:00:02.022923 NEM:        Bit 27 = Can be set or not be set
00:00:02.022927 NEM:        Bit 28 = Can be set or not be set
00:00:02.022931 NEM:        Bit 29 = Can be set or not be set
00:00:02.022934 NEM:        Bit 30 = Can be set or not be set
00:00:02.022938 NEM:        Bit 31 = Can be set or not be set
00:00:02.022942 NEM:    VMX_VMCS64_CTRL_TSC_OFFSET_FULL = (allowed_0=0xffffffffffffffff allowed_1=0x00000000000000)
00:00:02.022948 NEM:        Bit 00 = UNDEFINED (AppleHV error)!
00:00:02.022951 NEM:        Bit 01 = UNDEFINED (AppleHV error)!
00:00:02.022955 NEM:        Bit 02 = UNDEFINED (AppleHV error)!
00:00:02.022968 NEM:        Bit 03 = UNDEFINED (AppleHV error)!
00:00:02.022987 NEM:        Bit 04 = UNDEFINED (AppleHV error)!
00:00:02.022995 NEM:        Bit 05 = UNDEFINED (AppleHV error)!
00:00:02.023002 NEM:        Bit 06 = UNDEFINED (AppleHV error)!
00:00:02.023008 NEM:        Bit 07 = UNDEFINED (AppleHV error)!
00:00:02.023013 NEM:        Bit 08 = UNDEFINED (AppleHV error)!
00:00:02.023043 NEM:        Bit 09 = UNDEFINED (AppleHV error)!
00:00:02.023056 NEM:        Bit 10 = UNDEFINED (AppleHV error)!
00:00:02.023062 NEM:        Bit 11 = UNDEFINED (AppleHV error)!
00:00:02.023067 NEM:        Bit 12 = UNDEFINED (AppleHV error)!
00:00:02.023073 NEM:        Bit 13 = UNDEFINED (AppleHV error)!
00:00:02.023078 NEM:        Bit 14 = UNDEFINED (AppleHV error)!
00:00:02.023084 NEM:        Bit 15 = UNDEFINED (AppleHV error)!
00:00:02.023090 NEM:        Bit 16 = UNDEFINED (AppleHV error)!
00:00:02.023095 NEM:        Bit 17 = UNDEFINED (AppleHV error)!
00:00:02.023101 NEM:        Bit 18 = UNDEFINED (AppleHV error)!
00:00:02.023108 NEM:        Bit 19 = UNDEFINED (AppleHV error)!
00:00:02.023114 NEM:        Bit 20 = UNDEFINED (AppleHV error)!
00:00:02.023120 NEM:        Bit 21 = UNDEFINED (AppleHV error)!
00:00:02.023127 NEM:        Bit 22 = UNDEFINED (AppleHV error)!
00:00:02.023134 NEM:        Bit 23 = UNDEFINED (AppleHV error)!
00:00:02.023138 NEM:        Bit 24 = UNDEFINED (AppleHV error)!
00:00:02.023141 NEM:        Bit 25 = UNDEFINED (AppleHV error)!
00:00:02.023145 NEM:        Bit 26 = UNDEFINED (AppleHV error)!
00:00:02.023149 NEM:        Bit 27 = UNDEFINED (AppleHV error)!
00:00:02.023152 NEM:        Bit 28 = UNDEFINED (AppleHV error)!
00:00:02.023156 NEM:        Bit 29 = UNDEFINED (AppleHV error)!
00:00:02.023160 NEM:        Bit 30 = UNDEFINED (AppleHV error)!
00:00:02.023164 NEM:        Bit 31 = UNDEFINED (AppleHV error)!
00:00:02.023167 NEM:        Bit 32 = UNDEFINED (AppleHV error)!
00:00:02.023171 NEM:        Bit 33 = UNDEFINED (AppleHV error)!
00:00:02.023174 NEM:        Bit 34 = UNDEFINED (AppleHV error)!
00:00:02.023178 NEM:        Bit 35 = UNDEFINED (AppleHV error)!
00:00:02.023201 NEM:        Bit 36 = UNDEFINED (AppleHV error)!
00:00:02.023204 NEM:        Bit 37 = UNDEFINED (AppleHV error)!
00:00:02.023208 NEM:        Bit 38 = UNDEFINED (AppleHV error)!
00:00:02.023212 NEM:        Bit 39 = UNDEFINED (AppleHV error)!
00:00:02.023216 NEM:        Bit 40 = UNDEFINED (AppleHV error)!
00:00:02.023219 NEM:        Bit 41 = UNDEFINED (AppleHV error)!
00:00:02.023223 NEM:        Bit 42 = UNDEFINED (AppleHV error)!
00:00:02.023226 NEM:        Bit 43 = UNDEFINED (AppleHV error)!
00:00:02.023230 NEM:        Bit 44 = UNDEFINED (AppleHV error)!
00:00:02.023234 NEM:        Bit 45 = UNDEFINED (AppleHV error)!
00:00:02.023240 NEM:        Bit 46 = UNDEFINED (AppleHV error)!
00:00:02.023245 NEM:        Bit 47 = UNDEFINED (AppleHV error)!
00:00:02.023251 NEM:        Bit 48 = UNDEFINED (AppleHV error)!
00:00:02.023258 NEM:        Bit 49 = UNDEFINED (AppleHV error)!
00:00:02.023262 NEM:        Bit 50 = UNDEFINED (AppleHV error)!
00:00:02.023266 NEM:        Bit 51 = UNDEFINED (AppleHV error)!
00:00:02.023270 NEM:        Bit 52 = UNDEFINED (AppleHV error)!
00:00:02.023276 NEM:        Bit 53 = UNDEFINED (AppleHV error)!
00:00:02.023282 NEM:        Bit 54 = UNDEFINED (AppleHV error)!
00:00:02.023288 NEM:        Bit 55 = UNDEFINED (AppleHV error)!
00:00:02.023295 NEM:        Bit 56 = UNDEFINED (AppleHV error)!
00:00:02.023301 NEM:        Bit 57 = UNDEFINED (AppleHV error)!
00:00:02.023307 NEM:        Bit 58 = UNDEFINED (AppleHV error)!
00:00:02.023313 NEM:        Bit 59 = UNDEFINED (AppleHV error)!
00:00:02.023320 NEM:        Bit 60 = UNDEFINED (AppleHV error)!
00:00:02.023326 NEM:        Bit 61 = UNDEFINED (AppleHV error)!
00:00:02.023332 NEM:        Bit 62 = UNDEFINED (AppleHV error)!
00:00:02.023338 NEM:        Bit 63 = UNDEFINED (AppleHV error)!
00:00:02.023345 NEM:    VMX_VMCS64_GUEST_DEBUGCTL_FULL = (allowed_0=0xffffffffffffffff allowed_1=0x00000000001803)
00:00:02.023354 NEM:        Bit 00 = MUST be set
00:00:02.023361 NEM:        Bit 01 = MUST be set
00:00:02.023367 NEM:        Bit 02 = UNDEFINED (AppleHV error)!
00:00:02.023374 NEM:        Bit 03 = UNDEFINED (AppleHV error)!
00:00:02.023380 NEM:        Bit 04 = UNDEFINED (AppleHV error)!
00:00:02.023386 NEM:        Bit 05 = UNDEFINED (AppleHV error)!
00:00:02.023392 NEM:        Bit 06 = UNDEFINED (AppleHV error)!
00:00:02.023397 NEM:        Bit 07 = UNDEFINED (AppleHV error)!
00:00:02.023403 NEM:        Bit 08 = UNDEFINED (AppleHV error)!
00:00:02.023409 NEM:        Bit 09 = UNDEFINED (AppleHV error)!
00:00:02.023415 NEM:        Bit 10 = UNDEFINED (AppleHV error)!
00:00:02.023421 NEM:        Bit 11 = MUST be set
00:00:02.023426 NEM:        Bit 12 = MUST be set
00:00:02.023431 NEM:        Bit 13 = UNDEFINED (AppleHV error)!
00:00:02.023437 NEM:        Bit 14 = UNDEFINED (AppleHV error)!
00:00:02.023442 NEM:        Bit 15 = UNDEFINED (AppleHV error)!
00:00:02.023448 NEM:        Bit 16 = UNDEFINED (AppleHV error)!
00:00:02.023454 NEM:        Bit 17 = UNDEFINED (AppleHV error)!
00:00:02.023459 NEM:        Bit 18 = UNDEFINED (AppleHV error)!
00:00:02.023465 NEM:        Bit 19 = UNDEFINED (AppleHV error)!
00:00:02.023471 NEM:        Bit 20 = UNDEFINED (AppleHV error)!
00:00:02.023476 NEM:        Bit 21 = UNDEFINED (AppleHV error)!
00:00:02.023482 NEM:        Bit 22 = UNDEFINED (AppleHV error)!
00:00:02.023488 NEM:        Bit 23 = UNDEFINED (AppleHV error)!
00:00:02.023493 NEM:        Bit 24 = UNDEFINED (AppleHV error)!
00:00:02.023499 NEM:        Bit 25 = UNDEFINED (AppleHV error)!
00:00:02.023505 NEM:        Bit 26 = UNDEFINED (AppleHV error)!
00:00:02.023514 NEM:        Bit 27 = UNDEFINED (AppleHV error)!
00:00:02.023518 NEM:        Bit 28 = UNDEFINED (AppleHV error)!
00:00:02.023521 NEM:        Bit 29 = UNDEFINED (AppleHV error)!
00:00:02.023525 NEM:        Bit 30 = UNDEFINED (AppleHV error)!
00:00:02.023529 NEM:        Bit 31 = UNDEFINED (AppleHV error)!
00:00:02.023532 NEM:        Bit 32 = UNDEFINED (AppleHV error)!
00:00:02.023536 NEM:        Bit 33 = UNDEFINED (AppleHV error)!
00:00:02.023540 NEM:        Bit 34 = UNDEFINED (AppleHV error)!
00:00:02.023584 NEM:        Bit 35 = UNDEFINED (AppleHV error)!
00:00:02.023601 NEM:        Bit 36 = UNDEFINED (AppleHV error)!
00:00:02.023605 NEM:        Bit 37 = UNDEFINED (AppleHV error)!
00:00:02.023609 NEM:        Bit 38 = UNDEFINED (AppleHV error)!
00:00:02.023613 NEM:        Bit 39 = UNDEFINED (AppleHV error)!
00:00:02.023617 NEM:        Bit 40 = UNDEFINED (AppleHV error)!
00:00:02.023620 NEM:        Bit 41 = UNDEFINED (AppleHV error)!
00:00:02.023624 NEM:        Bit 42 = UNDEFINED (AppleHV error)!
00:00:02.023628 NEM:        Bit 43 = UNDEFINED (AppleHV error)!
00:00:02.023631 NEM:        Bit 44 = UNDEFINED (AppleHV error)!
00:00:02.023635 NEM:        Bit 45 = UNDEFINED (AppleHV error)!
00:00:02.023639 NEM:        Bit 46 = UNDEFINED (AppleHV error)!
00:00:02.023643 NEM:        Bit 47 = UNDEFINED (AppleHV error)!
00:00:02.023646 NEM:        Bit 48 = UNDEFINED (AppleHV error)!
00:00:02.023650 NEM:        Bit 49 = UNDEFINED (AppleHV error)!
00:00:02.023654 NEM:        Bit 50 = UNDEFINED (AppleHV error)!
00:00:02.023658 NEM:        Bit 51 = UNDEFINED (AppleHV error)!
00:00:02.023661 NEM:        Bit 52 = UNDEFINED (AppleHV error)!
00:00:02.023665 NEM:        Bit 53 = UNDEFINED (AppleHV error)!
00:00:02.023669 NEM:        Bit 54 = UNDEFINED (AppleHV error)!
00:00:02.023672 NEM:        Bit 55 = UNDEFINED (AppleHV error)!
00:00:02.023676 NEM:        Bit 56 = UNDEFINED (AppleHV error)!
00:00:02.023680 NEM:        Bit 57 = UNDEFINED (AppleHV error)!
00:00:02.023683 NEM:        Bit 58 = UNDEFINED (AppleHV error)!
00:00:02.023687 NEM:        Bit 59 = UNDEFINED (AppleHV error)!
00:00:02.023691 NEM:        Bit 60 = UNDEFINED (AppleHV error)!
00:00:02.023694 NEM:        Bit 61 = UNDEFINED (AppleHV error)!
00:00:02.023698 NEM:        Bit 62 = UNDEFINED (AppleHV error)!
00:00:02.023702 NEM:        Bit 63 = UNDEFINED (AppleHV error)!
00:00:02.024001 PGM: Host paging mode: AMD64+PGE+NX
00:00:02.024018 PGM: PGMPool: cMaxPages=1280 (u64MaxPages=1058)
00:00:02.024023 PGM: pgmR3PoolInit: cMaxPages=0x500 cMaxUsers=0xa00 cMaxPhysExts=0xa00 fCacheEnable=true
00:00:02.038226 ERROR [COM]: aRC=VBOX_E_IPRT_ERROR (0x80bb0005) aIID={6ac83d89-6ee7-4e33-8ae6-b257b2e81be8} aComponent={ConsoleWrap} aText={The VBoxGuestPropSvc service call failed with the error VERR_HGCM_SERVICE_NOT_FOUND}, preserve=false aResultDetail=-2900
00:00:04.347640 TM: NEM overrides the /TM/TSCModeSwitchAllowed setting.
00:00:04.549050 TM:     cTSCTicksPerSecond=2 594 604 462 (0x9aa685ae) enmTSCMode=4 (NativeApi)
00:00:04.549060 TM: cTSCTicksPerSecondHost=2 594 604 462 (0x9aa685ae)
00:00:04.549062 TM: TSCTiedToExecution=false TSCNotTiedToHalt=false
00:00:04.549610 EMR3Init: fIemExecutesAll=false fGuruOnTripleFault=true
00:00:04.550042 IEM: TargetCpu=CURRENT, Microarch=Intel_Core7_Haswell aidxTargetCpuEflFlavour={1,0}
00:00:04.550392 GIM: Using provider 'KVM' (Implementation version: 0)
00:00:04.550417 CPUM: SetGuestCpuIdFeature: Enabled Hypervisor Present bit
00:00:04.550512 GCM: Initialized (fixer bits: 0x0)
00:00:04.550615 AIOMgr: Default manager type is 'Async'
00:00:04.550627 AIOMgr: Default file backend is 'NonBuffered'
00:00:04.550716 BlkCache: Cache successfully initialized. Cache size is 5242880 bytes
00:00:04.550725 BlkCache: Cache commit interval is 10000 ms
00:00:04.550733 BlkCache: Cache commit threshold is 2621440 bytes
00:00:04.575750 PcBios: [SMP] BIOS with 2 CPUs
00:00:04.575806 PcBios: Using the 386+ BIOS image.
00:00:04.575891 PcBios: MPS table at 000e1300
00:00:04.576276 PcBios: fCheckShutdownStatusForSoftReset=true  fClearShutdownStatusOnHardReset=true
00:00:04.576475 CPUM: SetGuestCpuIdFeature: Enabled xAPIC
00:00:04.576487 CPUM: SetGuestCpuIdFeature: Enabled x2APIC
00:00:04.577630 IOAPIC: Version=2.0 ChipType=ICH9
00:00:04.577701 PIT: mode=3 count=0x10000 (65536) - 18.20 Hz (ch=0)
00:00:04.577878 VMMDev: cbDefaultBudget: 357 913 941 (15555555)
00:00:04.583422 Shared Folders service loaded
00:00:04.585275 Guest Control service loaded
00:00:04.602440 VGA: Using the 386+ BIOS image.
00:00:04.604691 DrvVD: Flushes will be ignored
00:00:04.604751 DrvVD: Async flushes will be passed to the disk
00:00:04.610579 VD: VDInit finished with VINF_SUCCESS
00:00:04.610880 AIOMgr: Endpoint for file '/Users/lina/VirtualBox VMs/apache/apache.vdi' (flags 000c0723) created successfully
00:00:04.611211 VD: Opening the disk took 1105012 ns
00:00:04.611271 AHCI: LUN#0: disk, PCHS=16383/16/63, total number of sectors 31457280
00:00:04.611372 AHCI#0: Reset the HBA
00:00:04.611384 VD#0: Cancelling all active requests
00:00:04.612566 PIIX3 ATA: LUN#0: no unit
00:00:04.612577 PIIX3 ATA: LUN#1: no unit
00:00:04.612609 DrvVD: Flushes will be ignored
00:00:04.612620 DrvVD: Async flushes will be passed to the disk
00:00:04.612646 PIIX3 ATA: LUN#2: CD/DVD, total number of sectors 0, passthrough disabled
00:00:04.612722 PIIX3 ATA: LUN#3: no unit
00:00:04.612755 PIIX3 ATA: Ctl#1: finished processing RESET
00:00:04.612770 PIIX3 ATA: Ctl#0: finished processing RESET
00:00:04.612819 E1000#0: Chip=82540EM LinkUpDelay=5000ms EthernetCRC=on GSO=enabled Itr=disabled ItrRx=enabled TID=disabled R0=disabled RC=disabled
00:00:04.612949 VMNet: Bridge to en0
00:00:04.631045 VMNet: Max packet size is 1514
00:00:04.631246 AC97: Using codec 'AD1980'
00:00:04.631444 Audio: Initializing Core Audio driver
00:00:04.654150 CoreAudio: Default output device: 52 (was 0), ID 'AppleHDAEngineOutput:1B,0,1,1:0'
00:00:04.654286 CoreAudio: Default input device: 45 (was 0), ID 'AppleHDAEngineInput:1B,0,1,0:1'
00:00:04.657171 Audio: Found 2 devices for driver 'Core Audio'
00:00:04.657199 Audio: Device 'Built-in Microphone':
00:00:04.657200 Audio:   ID              = AppleHDAEngineInput:1B,0,1,0:1
00:00:04.657201 Audio:   Usage           = input
00:00:04.657201 Audio:   Flags           = DEFAULT_IN NAME_ALLOC ID_ALLOC
00:00:04.657202 Audio:   Input channels  = 2
00:00:04.657202 Audio:   Output channels = 0
00:00:04.657208 Audio: Device 'Built-in Output':
00:00:04.657209 Audio:   ID              = AppleHDAEngineOutput:1B,0,1,1:0
00:00:04.657209 Audio:   Usage           = output
00:00:04.657209 Audio:   Flags           = DEFAULT_OUT NAME_ALLOC ID_ALLOC
00:00:04.657210 Audio:   Input channels  = 0
00:00:04.657210 Audio:   Output channels = 2
00:00:04.657324 AC97: Reset
00:00:04.657333 AC97: Mixer reset (EAID=0x809, EACS=0x9)
00:00:04.657338 AC97: Record select to left=mic, right=mic
00:00:04.658030 VUSB: Attached 'HidMouse' to port 1 on RootHub#1 (FullSpeed)
00:00:04.658061 PGM: The CPU physical address width is 39 bits
00:00:04.658076 PGM: PGMR3InitFinalize: 4 MB PSE mask 0000007fffffffff -> VINF_SUCCESS
00:00:04.658088 TM: TMR3InitFinalize: fTSCModeSwitchAllowed=false
00:00:04.658312 EM: Exit history optimizations: enabled=true enabled-r0=true enabled-r0-no-preemption=false
00:00:04.658341 PcBios: SATA LUN#0 LCHS=1024/255/63
00:00:04.658352 APIC: fPostedIntrsEnabled=false fVirtApicRegsEnabled=false fSupportsTscDeadline=false
00:00:04.658359 TMR3UtcNow: nsNow=1 701 417 669 925 129 000 nsPrev=0 -> cNsDelta=1 701 417 669 925 129 000 (offLag=0 offVirtualSync=0 offVirtualSyncGivenUp=0, NowAgain=1 701 417 669 925 129 000)
00:00:04.658369 VMM: fUsePeriodicPreemptionTimers=true
00:00:04.658444 CPUM: Logical host processors: 4 present, 4 max, 4 online, online mask: 000000000000000f
00:00:04.658449 CPUM: Physical host cores: 2
00:00:04.658449 ************************* CPUID dump ************************
00:00:04.658458          Raw Standard CPUID Leaves
00:00:04.658458      Leaf/sub-leaf  eax      ebx      ecx      edx
00:00:04.658459 Gst: 00000000/0000  0000000d 756e6547 6c65746e 49656e69
00:00:04.658460 Hst:                0000000d 756e6547 6c65746e 49656e69
00:00:04.658469 Gst: 00000001/0000  00040651 00020800 d6fa2203 178bfbff
00:00:04.658471 Hst:                00040651 01100800 7ffafbbf bfebfbff
00:00:04.658472 Gst: 00000002/0000  76036301 00f0b5ff 00000000 00c10000
00:00:04.658473 Hst:                76036301 00f0b5ff 00000000 00c10000
00:00:04.658474 Gst: 00000003/0000  00000000 00000000 00000000 00000000
00:00:04.658474 Hst:                00000000 00000000 00000000 00000000
00:00:04.658475 Gst: 00000004/0000  04000121 01c0003f 0000003f 00000000
00:00:04.658476 Hst:                1c004121 01c0003f 0000003f 00000000
00:00:04.658477 Gst: 00000004/0001  04000122 01c0003f 0000003f 00000000
00:00:04.658478 Hst:                1c004122 01c0003f 0000003f 00000000
00:00:04.658479 Gst: 00000004/0002  04000143 01c0003f 000001ff 00000000
00:00:04.658480 Hst:                1c004143 01c0003f 000001ff 00000000
00:00:04.658481 Gst: 00000004/0003  04000163 02c0003f 00000fff 00000006
00:00:04.658482 Hst:                1c03c163 02c0003f 00000fff 00000006
00:00:04.658482 Gst: 00000004/0004  04000000 00000000 00000000 00000000
00:00:04.658483 Hst:                00000000 00000000 00000000 00000000
00:00:04.658484 Gst: 00000005/0000  00000000 00000000 00000000 00000000
00:00:04.658485 Hst:                00000040 00000040 00000003 11142120
00:00:04.658486 Gst: 00000006/0000  00000000 00000000 00000000 00000000
00:00:04.658486 Hst:                00000077 00000002 00000009 00000000
00:00:04.658487 Gst: 00000007/0000  00000000 00002529 00000000 10000400
00:00:04.658488 Hst:                00000000 000027ab 00000000 9c000600
00:00:04.658489 Gst: 00000007/0001  00000000 00000000 00000000 00000000
00:00:04.658490 Hst:                00000000 00000000 00000000 00000000
00:00:04.658490 Gst: 00000008/0000  00000000 00000000 00000000 00000000
00:00:04.658491 Hst:                00000000 00000000 00000000 00000000
00:00:04.658492 Gst: 00000009/0000  00000000 00000000 00000000 00000000
00:00:04.658492 Hst:                00000000 00000000 00000000 00000000
00:00:04.658493 Gst: 0000000a/0000  00000000 00000000 00000000 00000000
00:00:04.658494 Hst:                07300403 00000000 00000000 00000603
00:00:04.658495 Gst: 0000000b/0000  00000000 00000001 00000100 00000000
00:00:04.658495 Hst:                00000001 00000002 00000100 00000001
00:00:04.658496 Gst: 0000000b/0001  00000001 00000002 00000201 00000000
00:00:04.658497 Hst:                00000004 00000004 00000201 00000001
00:00:04.658498 Gst: 0000000b/0002  00000000 00000000 00000002 00000000
00:00:04.658498 Hst:                00000000 00000000 00000002 00000001
00:00:04.658499 Gst: 0000000c/0000  00000000 00000000 00000000 00000000
00:00:04.658500 Hst:                00000000 00000000 00000000 00000000
00:00:04.658500 Gst: 0000000d/0000  00000007 00000340 00000340 00000000
00:00:04.658501 Hst:                00000007 00000340 00000340 00000000
00:00:04.658502 Gst: 0000000d/0001  00000000 00000000 00000000 00000000
00:00:04.658503 Hst:                00000001 00000000 00000000 00000000
00:00:04.658503 Gst: 0000000d/0002  00000100 00000240 00000000 00000000
00:00:04.658504 Hst:                00000100 00000240 00000000 00000000
00:00:04.658505 Gst: 0000000d/0003  00000000 00000000 00000000 00000000
00:00:04.658506 Hst:                00000000 00000000 00000000 00000000
00:00:04.658520                                Name: GenuineIntel
00:00:04.658522                            Supports: 0x00000000-0x0000000d
00:00:04.658530                              Family:  6 	Extended: 0 	Effective: 6
00:00:04.658531                               Model:  5 	Extended: 4 	Effective: 69
00:00:04.658532                            Stepping: 1
00:00:04.658533                                Type: 0 (primary)
00:00:04.658534                             APIC ID: 0x00
00:00:04.658535                        Logical CPUs: 2
00:00:04.658536                        CLFLUSH Size: 8
00:00:04.658536                            Brand ID: 0x00
00:00:04.658537 Features
00:00:04.658538   Mnemonic - Description                                  = guest (host)
00:00:04.658564   FPU - x87 FPU on Chip                                   = 1 (1)
00:00:04.658566   VME - Virtual 8086 Mode Enhancements                    = 1 (1)
00:00:04.658567   DE - Debugging extensions                               = 1 (1)
00:00:04.658568   PSE - Page Size Extension                               = 1 (1)
00:00:04.658569   TSC - Time Stamp Counter                                = 1 (1)
00:00:04.658570   MSR - Model Specific Registers                          = 1 (1)
00:00:04.658571   PAE - Physical Address Extension                        = 1 (1)
00:00:04.658573   MCE - Machine Check Exception                           = 1 (1)
00:00:04.658574   CX8 - CMPXCHG8B instruction                             = 1 (1)
00:00:04.658576   APIC - APIC On-Chip                                     = 1 (1)
00:00:04.658578   SEP - SYSENTER and SYSEXIT Present                      = 1 (1)
00:00:04.658580   MTRR - Memory Type Range Registers                      = 1 (1)
00:00:04.658581   PGE - PTE Global Bit                                    = 1 (1)
00:00:04.658612   MCA - Machine Check Architecture                        = 1 (1)
00:00:04.658615   CMOV - Conditional Move instructions                    = 1 (1)
00:00:04.658616   PAT - Page Attribute Table                              = 1 (1)
00:00:04.658618   PSE-36 - 36-bit Page Size Extension                     = 1 (1)
00:00:04.658620   PSN - Processor Serial Number                           = 0 (0)
00:00:04.658622   CLFSH - CLFLUSH instruction                             = 1 (1)
00:00:04.658624   DS - Debug Store                                        = 0 (1)
00:00:04.658626   ACPI - Thermal Mon. & Soft. Clock Ctrl.                 = 0 (1)
00:00:04.658628   MMX - Intel MMX Technology                              = 1 (1)
00:00:04.658629   FXSR - FXSAVE and FXRSTOR instructions                  = 1 (1)
00:00:04.658631   SSE - SSE support                                       = 1 (1)
00:00:04.658633   SSE2 - SSE2 support                                     = 1 (1)
00:00:04.658635   SS - Self Snoop                                         = 0 (1)
00:00:04.658637   HTT - Hyper-Threading Technology                        = 1 (1)
00:00:04.658639   TM - Therm. Monitor                                     = 0 (1)
00:00:04.658640   PBE - Pending Break Enabled                             = 0 (1)
00:00:04.658641   SSE3 - SSE3 support                                     = 1 (1)
00:00:04.658643   PCLMUL - PCLMULQDQ support (for AES-GCM)                = 1 (1)
00:00:04.658644   DTES64 - DS Area 64-bit Layout                          = 0 (1)
00:00:04.658645   MONITOR - MONITOR/MWAIT instructions                    = 0 (1)
00:00:04.658645   CPL-DS - CPL Qualified Debug Store                      = 0 (1)
00:00:04.658646   VMX - Virtual Machine Extensions                        = 0 (1)
00:00:04.658647   SMX - Safer Mode Extensions                             = 0 (0)
00:00:04.658648   EST - Enhanced SpeedStep Technology                     = 0 (1)
00:00:04.658649   TM2 - Terminal Monitor 2                                = 0 (1)
00:00:04.658650   SSSE3 - Supplemental Streaming SIMD Extensions 3        = 1 (1)
00:00:04.658651   CNTX-ID - L1 Context ID                                 = 0 (0)
00:00:04.658652   SDBG - Silicon Debug interface                          = 0 (1)
00:00:04.658653   FMA - Fused Multiply Add extensions                     = 0 (1)
00:00:04.658654   CX16 - CMPXCHG16B instruction                           = 1 (1)
00:00:04.658655   TPRUPDATE - xTPR Update Control                         = 0 (1)
00:00:04.658656   PDCM - Perf/Debug Capability MSR                        = 0 (1)
00:00:04.658657   PCID - Process Context Identifiers                      = 1 (1)
00:00:04.658658   DCA - Direct Cache Access                               = 0 (0)
00:00:04.658659   SSE4_1 - SSE4_1 support                                 = 1 (1)
00:00:04.658660   SSE4_2 - SSE4_2 support                                 = 1 (1)
00:00:04.658661   X2APIC - x2APIC support                                 = 1 (1)
00:00:04.658680   MOVBE - MOVBE instruction                               = 1 (1)
00:00:04.658681   POPCNT - POPCNT instruction                             = 1 (1)
00:00:04.658682   TSCDEADL - Time Stamp Counter Deadline                  = 0 (1)
00:00:04.658683   AES - AES instructions                                  = 1 (1)
00:00:04.658684   XSAVE - XSAVE instruction                               = 1 (1)
00:00:04.658685   OSXSAVE - OSXSAVE instruction                           = 0 (1)
00:00:04.658685   AVX - AVX support                                       = 1 (1)
00:00:04.658687   F16C - 16-bit floating point conversion instructions    = 0 (1)
00:00:04.658687   RDRAND - RDRAND instruction                             = 1 (1)
00:00:04.658688   HVP - Hypervisor Present (we're a guest)                = 1 (0)
00:00:04.658689 Structured Extended Feature Flags Enumeration (leaf 7):
00:00:04.658690   Mnemonic - Description                                  = guest (host)
00:00:04.658690   FSGSBASE - RDFSBASE/RDGSBASE/WRFSBASE/WRGSBASE instr.   = 1 (1)
00:00:04.658691   TSCADJUST - Supports MSR_IA32_TSC_ADJUST                = 0 (1)
00:00:04.658692   SGX - Supports Software Guard Extensions                = 0 (0)
00:00:04.658692   BMI1 - Advanced Bit Manipulation extension 1            = 1 (1)
00:00:04.658693   HLE - Hardware Lock Elision                             = 0 (0)
00:00:04.658694   AVX2 - Advanced Vector Extensions 2                     = 1 (1)
00:00:04.658695   FDP_EXCPTN_ONLY - FPU DP only updated on exceptions     = 0 (0)
00:00:04.658696   SMEP - Supervisor Mode Execution Prevention             = 0 (1)
00:00:04.658696   BMI2 - Advanced Bit Manipulation extension 2            = 1 (1)
00:00:04.658697   ERMS - Enhanced REP MOVSB/STOSB instructions            = 0 (1)
00:00:04.658707   INVPCID - INVPCID instruction                           = 1 (1)
00:00:04.658708   RTM - Restricted Transactional Memory                   = 0 (0)
00:00:04.658711   PQM - Platform Quality of Service Monitoring            = 0 (0)
00:00:04.658712   DEPFPU_CS_DS - Deprecates FPU CS, FPU DS values if set  = 1 (1)
00:00:04.658713   MPE - Intel Memory Protection Extensions                = 0 (0)
00:00:04.658713   PQE - Platform Quality of Service Enforcement           = 0 (0)
00:00:04.658714   AVX512F - AVX512 Foundation instructions                = 0 (0)
00:00:04.658715   RDSEED - RDSEED instruction                             = 0 (0)
00:00:04.658716   ADX - ADCX/ADOX instructions                            = 0 (0)
00:00:04.658717   SMAP - Supervisor Mode Access Prevention                = 0 (0)
00:00:04.658718   CLFLUSHOPT - CLFLUSHOPT (Cache Line Flush) instruction  = 0 (0)
00:00:04.658718   CLWB - CLWB instruction                                 = 0 (0)
00:00:04.658719   INTEL_PT - Intel Processor Trace                        = 0 (0)
00:00:04.658720   AVX512PF - AVX512 Prefetch instructions                 = 0 (0)
00:00:04.658721   AVX512ER - AVX512 Exponential & Reciprocal instructions = 0 (0)
00:00:04.658721   AVX512CD - AVX512 Conflict Detection instructions       = 0 (0)
00:00:04.658722   SHA - Secure Hash Algorithm extensions                  = 0 (0)
00:00:04.658723   PREFETCHWT1 - PREFETCHWT1 instruction                   = 0 (0)
00:00:04.658724   UMIP - User mode insturction prevention                 = 0 (0)
00:00:04.658725   PKU - Protection Key for Usermode pages                 = 0 (0)
00:00:04.658725   OSPKE - CR4.PKU mirror                                  = 0 (0)
00:00:04.658726   MAWAU - Value used by BNDLDX & BNDSTX                   = 0x0 (0x0)
00:00:04.658728   RDPID - Read processor ID support                       = 0 (0)
00:00:04.658728   SGX_LC - Supports SGX Launch Configuration              = 0 (0)
00:00:04.658729    9 - Reserved                                           = 0 (1)
00:00:04.658731   MD_CLEAR - Supports MDS related buffer clearing         = 1 (1)
00:00:04.658731   IBRS_IBPB - IA32_SPEC_CTRL.IBRS and IA32_PRED_CMD.IBPB  = 0 (1)
00:00:04.658732   STIBP - Supports IA32_SPEC_CTRL.STIBP                   = 0 (1)
00:00:04.658738   FLUSH_CMD - Supports IA32_FLUSH_CMD                     = 1 (1)
00:00:04.658739   ARCHCAP - Supports IA32_ARCH_CAP                        = 0 (0)
00:00:04.658740   CORECAP - Supports IA32_CORE_CAP                        = 0 (0)
00:00:04.658741   SSBD - Supports IA32_SPEC_CTRL.SSBD                     = 0 (1)
00:00:04.658742 Processor Extended State Enumeration (leaf 0xd):
00:00:04.658742    XSAVE area cur/max size by XCR0, guest: 0x340/0x340
00:00:04.658743     XSAVE area cur/max size by XCR0, host: 0x340/0x340
00:00:04.658744                    Valid XCR0 bits, guest: 0x00000000`00000007 ( x87 SSE YMM_Hi128 )
00:00:04.658748                     Valid XCR0 bits, host: 0x00000000`00000007 ( x87 SSE YMM_Hi128 )
00:00:04.658750                     XSAVE features, guest:
00:00:04.658751                      XSAVE features, host: XSAVEOPT
00:00:04.658751       XSAVE area cur size XCR0|XSS, guest: 0x0
00:00:04.658752        XSAVE area cur size XCR0|XSS, host: 0x0
00:00:04.658753                Valid IA32_XSS bits, guest: 0x00000000`00000000
00:00:04.658753                 Valid IA32_XSS bits, host: 0x00000000`00000000
00:00:04.658754   State #2, guest: off=0x0240, cb=0x0100 IA32_XSS-bit -- YMM_Hi128
00:00:04.658756   State #2, host:  off=0x0240, cb=0x0100 IA32_XSS-bit -- YMM_Hi128
00:00:04.658763          Raw Hypervisor CPUID Leaves
00:00:04.658764      Leaf/sub-leaf  eax      ebx      ecx      edx
00:00:04.658764 Gst: 40000000/0000  40000001 4b4d564b 564b4d56 0000004d
00:00:04.658765 Hst:                00000007 00000340 00000340 00000000
00:00:04.658766 Gst: 40000001/0000  01000089 00000000 00000000 00000000
00:00:04.658767 Hst:                00000007 00000340 00000340 00000000
00:00:04.658768          Raw Extended CPUID Leaves
00:00:04.658768      Leaf/sub-leaf  eax      ebx      ecx      edx
00:00:04.658769 Gst: 80000000/0000  80000008 00000000 00000000 00000000
00:00:04.658770 Hst:                80000008 00000000 00000000 00000000
00:00:04.658771 Gst: 80000001/0000  00000000 00000000 00000021 28100800
00:00:04.658771 Hst:                00000000 00000000 00000021 2c100800
00:00:04.658773 Gst: 80000002/0000  65746e49 2952286c 726f4320 4d542865
00:00:04.658774 Hst:                65746e49 2952286c 726f4320 4d542865
00:00:04.658775 Gst: 80000003/0000  35692029 3732342d 43205538 40205550
00:00:04.658776 Hst:                35692029 3732342d 43205538 40205550
00:00:04.658777 Gst: 80000004/0000  362e3220 7a484730 00000000 00000000
00:00:04.658778 Hst:                362e3220 7a484730 00000000 00000000
00:00:04.658779 Gst: 80000005/0000  00000000 00000000 00000000 00000000
00:00:04.658779 Hst:                00000000 00000000 00000000 00000000
00:00:04.658780 Gst: 80000006/0000  00000000 00000000 01006040 00000000
00:00:04.658781 Hst:                00000000 00000000 01006040 00000000
00:00:04.658782 Gst: 80000007/0000  00000000 00000000 00000000 00000100
00:00:04.658782 Hst:                00000000 00000000 00000000 00000100
00:00:04.658783 Gst: 80000008/0000  00003027 00000000 00000000 00000000
00:00:04.658784 Hst:                00003027 00000000 00000000 00000000
00:00:04.658784 Ext Name:                        
00:00:04.658785 Ext Supports:                    0x80000000-0x80000008
00:00:04.658786 Family:                          0  	Extended: 0 	Effective: 0
00:00:04.658786 Model:                           0  	Extended: 0 	Effective: 0
00:00:04.658787 Stepping:                        0
00:00:04.658787 Brand ID:                        0x000
00:00:04.658788 Ext Features
00:00:04.658788   Mnemonic - Description                                  = guest (host)
00:00:04.658794   FPU - x87 FPU on Chip                                   = 0 (0)
00:00:04.658795   VME - Virtual 8086 Mode Enhancements                    = 0 (0)
00:00:04.658796   DE - Debugging extensions                               = 0 (0)
00:00:04.658797   PSE - Page Size Extension                               = 0 (0)
00:00:04.658798   TSC - Time Stamp Counter                                = 0 (0)
00:00:04.658799   MSR - K86 Model Specific Registers                      = 0 (0)
00:00:04.658805   PAE - Physical Address Extension                        = 0 (0)
00:00:04.658806   MCE - Machine Check Exception                           = 0 (0)
00:00:04.658807   CX8 - CMPXCHG8B instruction                             = 0 (0)
00:00:04.658808   APIC - APIC On-Chip                                     = 0 (0)
00:00:04.658809   SEP - SYSCALL/SYSRET                                    = 1 (1)
00:00:04.658810   MTRR - Memory Type Range Registers                      = 0 (0)
00:00:04.658811   PGE - PTE Global Bit                                    = 0 (0)
00:00:04.658812   MCA - Machine Check Architecture                        = 0 (0)
00:00:04.658812   CMOV - Conditional Move instructions                    = 0 (0)
00:00:04.658813   PAT - Page Attribute Table                              = 0 (0)
00:00:04.658814   PSE-36 - 36-bit Page Size Extension                     = 0 (0)
00:00:04.658815   NX - No-Execute/Execute-Disable                         = 1 (1)
00:00:04.658816   AXMMX - AMD Extensions to MMX instructions              = 0 (0)
00:00:04.658817   MMX - Intel MMX Technology                              = 0 (0)
00:00:04.658818   FXSR - FXSAVE and FXRSTOR Instructions                  = 0 (0)
00:00:04.658818   FFXSR - AMD fast FXSAVE and FXRSTOR instructions        = 0 (0)
00:00:04.658819   Page1GB - 1 GB large page                               = 0 (1)
00:00:04.658820   RDTSCP - RDTSCP instruction                             = 1 (1)
00:00:04.658821   LM - AMD64 Long Mode                                    = 1 (1)
00:00:04.658822   3DNOWEXT - AMD Extensions to 3DNow                      = 0 (0)
00:00:04.658823   3DNOW - AMD 3DNow                                       = 0 (0)
00:00:04.658824   LahfSahf - LAHF/SAHF support in 64-bit mode             = 1 (1)
00:00:04.658825   CmpLegacy - Core multi-processing legacy mode           = 0 (0)
00:00:04.658826   SVM - AMD Secure Virtual Machine extensions             = 0 (0)
00:00:04.658826   EXTAPIC - AMD Extended APIC registers                   = 0 (0)
00:00:04.658827   CR8L - AMD LOCK MOV CR0 means MOV CR8                   = 0 (0)
00:00:04.658828   ABM - AMD Advanced Bit Manipulation                     = 1 (1)
00:00:04.658829   SSE4A - SSE4A instructions                              = 0 (0)
00:00:04.658830   MISALIGNSSE - AMD Misaligned SSE mode                   = 0 (0)
00:00:04.658831   3DNOWPRF - AMD PREFETCH and PREFETCHW instructions      = 0 (0)
00:00:04.658831   OSVW - AMD OS Visible Workaround                        = 0 (0)
00:00:04.658832   IBS - Instruct Based Sampling                           = 0 (0)
00:00:04.658833   XOP - Extended Operation support                        = 0 (0)
00:00:04.658834   SKINIT - SKINIT, STGI, and DEV support                  = 0 (0)
00:00:04.658835   WDT - AMD Watchdog Timer support                        = 0 (0)
00:00:04.658836   LWP - Lightweight Profiling support                     = 0 (0)
00:00:04.658836   FMA4 - Four operand FMA instruction support             = 0 (0)
00:00:04.658837   TCE - Translation Cache Extension support               = 0 (0)
00:00:04.658838   NodeId - NodeId in MSR C001_100C                        = 0 (0)
00:00:04.658839   TBM - Trailing Bit Manipulation instructions            = 0 (0)
00:00:04.658840   TOPOEXT - Topology Extensions                           = 0 (0)
00:00:04.658841   PRFEXTCORE - Performance Counter Extensions support     = 0 (0)
00:00:04.658841   PRFEXTNB - NB Performance Counter Extensions support    = 0 (0)
00:00:04.658842   DATABPEXT - Data-access Breakpoint Extension            = 0 (0)
00:00:04.658842   PERFTSC - Performance Time Stamp Counter                = 0 (0)
00:00:04.658843   PCX_L2I - L2I/L3 Performance Counter Extensions         = 0 (0)
00:00:04.658844   MONITORX - MWAITX and MONITORX instructions             = 0 (0)
00:00:04.658845   AddrMaskExt - BP Addressing masking extended to bit 31  = 0 (0)
00:00:04.658845 Full Name:                       "Intel(R) Core(TM) i5-4278U CPU @ 2.60GHz"
00:00:04.658851 TLB 2/4M Instr/Uni:              res0     0 entries
00:00:04.658852 TLB 2/4M Data:                   res0     0 entries
00:00:04.658852 TLB 4K Instr/Uni:                res0     0 entries
00:00:04.658853 TLB 4K Data:                     res0     0 entries
00:00:04.658853 L1 Instr Cache Line Size:        0 bytes
00:00:04.658854 L1 Instr Cache Lines Per Tag:    0
00:00:04.658854 L1 Instr Cache Associativity:    res0  
00:00:04.658854 L1 Instr Cache Size:             0 KB
00:00:04.658855 L1 Data Cache Line Size:         0 bytes
00:00:04.658855 L1 Data Cache Lines Per Tag:     0
00:00:04.658855 L1 Data Cache Associativity:     res0  
00:00:04.658856 L1 Data Cache Size:              0 KB
00:00:04.658856 L2 TLB 2/4M Instr/Uni:           off       0 entries
00:00:04.658857 L2 TLB 2/4M Data:                off       0 entries
00:00:04.658857 L2 TLB 4K Instr/Uni:             off       0 entries
00:00:04.658857 L2 TLB 4K Data:                  off       0 entries
00:00:04.658858 L2 Cache Line Size:              0 bytes
00:00:04.658858 L2 Cache Lines Per Tag:          0
00:00:04.658859 L2 Cache Associativity:          off   
00:00:04.658859 L2 Cache Size:                   0 KB
00:00:04.658859   TS - Temperature Sensor                                 = 0 (0)
00:00:04.658861   FID - Frequency ID control                              = 0 (0)
00:00:04.658861   VID - Voltage ID control                                = 0 (0)
00:00:04.658862   TTP - Thermal Trip                                      = 0 (0)
00:00:04.658864   TM - Hardware Thermal Control (HTC)                     = 0 (0)
00:00:04.658865   100MHzSteps - 100 MHz Multiplier control                = 0 (0)
00:00:04.658865   HwPstate - Hardware P-state control                     = 0 (0)
00:00:04.658866   TscInvariant - Invariant Time Stamp Counter             = 1 (1)
00:00:04.658867   CPB - Core Performance Boost                            = 0 (0)
00:00:04.658868   EffFreqRO - Read-only Effective Frequency Interface     = 0 (0)
00:00:04.658869   ProcFdbkIf - Processor Feedback Interface               = 0 (0)
00:00:04.658869   ProcPwrRep - Core power reporting interface support     = 0 (0)
00:00:04.658870   ConnectedStandby - Connected Standby                    = 0 (0)
00:00:04.658871   RAPL - Running average power limit                      = 0 (0)
00:00:04.658872 Physical Address Width:          39 bits
00:00:04.658872 Virtual Address Width:           48 bits
00:00:04.658873 Guest Physical Address Width:    0 bits
00:00:04.658873 Physical Core Count:             1
00:00:04.658874 
00:00:04.658874 ******************** End of CPUID dump **********************
00:00:04.658875 *********************** VT-x features ***********************
00:00:04.658876 Nested hardware virtualization - VMX features
00:00:04.658877   Mnemonic - Description                                  = guest (host)
00:00:04.658877   VMX - Virtual-Machine Extensions                        = 0 (1)
00:00:04.658877   InsOutInfo - INS/OUTS instruction info.                 = 0 (0)
00:00:04.658878   ExtIntExit - External interrupt exiting                 = 0 (0)
00:00:04.658879   NmiExit - NMI exiting                                   = 0 (0)
00:00:04.658879   VirtNmi - Virtual NMIs                                  = 0 (0)
00:00:04.658880   PreemptTimer - VMX preemption timer                     = 0 (0)
00:00:04.658880   PostedInt - Posted interrupts                           = 0 (0)
00:00:04.658880   IntWindowExit - Interrupt-window exiting                = 0 (0)
00:00:04.658881   TscOffsetting - TSC offsetting                          = 0 (0)
00:00:04.658881   HltExit - HLT exiting                                   = 0 (0)
00:00:04.658882   InvlpgExit - INVLPG exiting                             = 0 (0)
00:00:04.658882   MwaitExit - MWAIT exiting                               = 0 (0)
00:00:04.658883   RdpmcExit - RDPMC exiting                               = 0 (0)
00:00:04.658883   RdtscExit - RDTSC exiting                               = 0 (0)
00:00:04.658884   Cr3LoadExit - CR3-load exiting                          = 0 (0)
00:00:04.658888   Cr3StoreExit - CR3-store exiting                        = 0 (0)
00:00:04.658888   TertiaryExecCtls - Activate tertiary controls           = 0 (0)
00:00:04.658889   Cr8LoadExit  - CR8-load exiting                         = 0 (0)
00:00:04.658889   Cr8StoreExit - CR8-store exiting                        = 0 (0)
00:00:04.658890   UseTprShadow - Use TPR shadow                           = 0 (0)
00:00:04.658890   NmiWindowExit - NMI-window exiting                      = 0 (0)
00:00:04.658891   MovDRxExit - Mov-DR exiting                             = 0 (0)
00:00:04.658891   UncondIoExit - Unconditional I/O exiting                = 0 (0)
00:00:04.658892   UseIoBitmaps - Use I/O bitmaps                          = 0 (0)
00:00:04.658892   MonitorTrapFlag - Monitor Trap Flag                     = 0 (0)
00:00:04.658893   UseMsrBitmaps - MSR bitmaps                             = 0 (0)
00:00:04.658893   MonitorExit - MONITOR exiting                           = 0 (0)
00:00:04.658894   PauseExit - PAUSE exiting                               = 0 (0)
00:00:04.658894   SecondaryExecCtl - Activate secondary controls          = 0 (0)
00:00:04.658895   VirtApic - Virtualize-APIC accesses                     = 0 (0)
00:00:04.658895   Ept - Extended Page Tables                              = 0 (0)
00:00:04.658896   DescTableExit - Descriptor-table exiting                = 0 (0)
00:00:04.658896   Rdtscp - Enable RDTSCP                                  = 0 (0)
00:00:04.658896   VirtX2ApicMode - Virtualize-x2APIC mode                 = 0 (0)
00:00:04.658897   Vpid - Enable VPID                                      = 0 (0)
00:00:04.658897   WbinvdExit - WBINVD exiting                             = 0 (0)
00:00:04.658898   UnrestrictedGuest - Unrestricted guest                  = 0 (0)
00:00:04.658898   ApicRegVirt - APIC-register virtualization              = 0 (0)
00:00:04.658899   VirtIntDelivery - Virtual-interrupt delivery            = 0 (0)
00:00:04.658899   PauseLoopExit - PAUSE-loop exiting                      = 0 (0)
00:00:04.658900   RdrandExit - RDRAND exiting                             = 0 (0)
00:00:04.658900   Invpcid - Enable INVPCID                                = 0 (0)
00:00:04.658901   VmFuncs - Enable VM Functions                           = 0 (0)
00:00:04.658901   VmcsShadowing - VMCS shadowing                          = 0 (0)
00:00:04.658901   RdseedExiting - RDSEED exiting                          = 0 (0)
00:00:04.658902   PML - Page-Modification Log (PML)                       = 0 (0)
00:00:04.658902   EptVe - EPT violations can cause #VE                    = 0 (0)
00:00:04.658903   ConcealVmxFromPt - Conceal VMX from Processor Trace     = 0 (0)
00:00:04.658903   XsavesXRstors - Enable XSAVES/XRSTORS                   = 0 (0)
00:00:04.658904   ModeBasedExecuteEpt - Mode-based execute permissions    = 0 (0)
00:00:04.658904   SppEpt - Sub-page page write permissions for EPT        = 0 (0)
00:00:04.658905   PtEpt - Processor Trace address' translatable by EPT    = 0 (0)
00:00:04.658905   UseTscScaling - Use TSC scaling                         = 0 (0)
00:00:04.658906   UserWaitPause - Enable TPAUSE, UMONITOR and UMWAIT      = 0 (0)
00:00:04.658906   EnclvExit - ENCLV exiting                               = 0 (0)
00:00:04.658907   LoadIwKeyExit - LOADIWKEY exiting                       = 0 (0)
00:00:04.658907   EntryLoadDebugCtls - Load debug controls on VM-entry    = 0 (0)
00:00:04.658907   Ia32eModeGuest - IA-32e mode guest                      = 0 (0)
00:00:04.658908   EntryLoadEferMsr - Load IA32_EFER MSR on VM-entry       = 0 (0)
00:00:04.658908   EntryLoadPatMsr - Load IA32_PAT MSR on VM-entry         = 0 (0)
00:00:04.658909   ExitSaveDebugCtls - Save debug controls on VM-exit      = 0 (0)
00:00:04.658909   HostAddrSpaceSize - Host address-space size             = 0 (0)
00:00:04.658910   ExitAckExtInt - Acknowledge interrupt on VM-exit        = 0 (0)
00:00:04.658910   ExitSavePatMsr - Save IA32_PAT MSR on VM-exit           = 0 (0)
00:00:04.658911   ExitLoadPatMsr - Load IA32_PAT MSR on VM-exit           = 0 (0)
00:00:04.658913   ExitSaveEferMsr - Save IA32_EFER MSR on VM-exit         = 0 (0)
00:00:04.658914   ExitLoadEferMsr - Load IA32_EFER MSR on VM-exit         = 0 (0)
00:00:04.658914   SavePreemptTimer - Save VMX-preemption timer            = 0 (0)
00:00:04.658915   SecondaryExitCtls - Secondary VM-exit controls          = 0 (0)
00:00:04.658915   ExitSaveEferLma - Save IA32_EFER.LMA on VM-exit         = 0 (0)
00:00:04.658916   IntelPt - Intel PT (Processor Trace) in VMX operation   = 0 (0)
00:00:04.658916   VmwriteAll - VMWRITE to any supported VMCS field        = 0 (0)
00:00:04.658917   EntryInjectSoftInt - Inject softint. with 0-len instr.  = 0 (0)
00:00:04.658917 
00:00:04.658918 ******************* End of VT-x features ********************
00:00:04.658936 VMEmt: Halt method global1 (5) not available in driverless mode, using method1 (4) instead
00:00:04.659020 Changing the VM state from 'CREATING' to 'CREATED'
00:00:04.666482 Changing the VM state from 'CREATED' to 'POWERING_ON'
00:00:04.666613 AIOMgr: Endpoints without assigned bandwidth groups:
00:00:04.666638 AIOMgr:     /Users/lina/VirtualBox VMs/apache/apache.vdi
00:00:04.666728 Changing the VM state from 'POWERING_ON' to 'RUNNING'
00:00:04.666782 Console: Machine state changed to 'Running'
00:00:04.671563 VMMDev: Guest Log: BIOS: VirtualBox 7.0.12
00:00:04.672229 PCI: Setting up resources and interrupts
00:00:04.679605 PIT: mode=2 count=0x10000 (65536) - 18.20 Hz (ch=0)
00:00:04.710190 Display::i_handleDisplayResize: uScreenId=0 pvVRAM=0000000000000000 w=720 h=400 bpp=0 cbLine=0x0 flags=0x0 origin=0,0
00:00:04.728977 VMMDev: Guest Log: CPUID EDX: 0x178bfbff
00:00:04.729540 PIIX3 ATA: Ctl#1: RESET, DevSel=0 AIOIf=0 CmdIf0=0x00 (-1 usec ago) CmdIf1=0x00 (-1 usec ago)
00:00:04.729645 PIIX3 ATA: Ctl#1: finished processing RESET
00:00:04.737326 AHCI#0: Reset the HBA
00:00:04.737364 VD#0: Cancelling all active requests
00:00:04.737480 AHCI#0: Port 0 reset
00:00:04.737520 VD#0: Cancelling all active requests
00:00:04.739570 VMMDev: Guest Log: BIOS: AHCI 0-P#0: PCHS=16383/16/63 LCHS=1024/255/63 0x0000000001e00000 sectors
00:00:04.871303 PIT: mode=2 count=0x48d3 (18643) - 64.00 Hz (ch=0)
00:00:04.890013 Display::i_handleDisplayResize: uScreenId=0 pvVRAM=00007f87f1600000 w=640 h=480 bpp=32 cbLine=0xA00 flags=0x0 origin=0,0
00:00:04.995749 GUI: UIMachineViewScale::resendSizeHint: Restoring guest size-hint for screen 0 to 800x600
00:00:04.995796 VMMDev: SetVideoModeHint: Got a video mode hint (800x600x32)@(0x0),(1;0) at 0
00:00:05.000278 GUI: HID LEDs sync is enabled
00:00:07.342939 Display::i_handleDisplayResize: uScreenId=0 pvVRAM=0000000000000000 w=720 h=400 bpp=0 cbLine=0x0 flags=0x0 origin=0,0
00:00:07.363150 PIT: mode=2 count=0x10000 (65536) - 18.20 Hz (ch=0)
00:00:07.363515 VMMDev: Guest Log: BIOS: Boot : bseqnr=1, bootseq=0132
00:00:07.364611 VMMDev: Guest Log: BIOS: Booting from Hard Disk...
00:00:08.438900 Display::i_handleDisplayResize: uScreenId=0 pvVRAM=00007f87f1600000 w=640 h=480 bpp=32 cbLine=0xA00 flags=0x0 origin=0,0
00:00:13.982962 Display::i_handleDisplayResize: uScreenId=0 pvVRAM=0000000000000000 w=720 h=400 bpp=0 cbLine=0x0 flags=0x0 origin=0,0
00:00:14.847261 GIM: KVM: VCPU  0: Enabled system-time struct. at 0x00000000400b3000 - u32TscScale=0xc5552426 i8TscShift=-1 uVersion=2 fFlags=0x1 uTsc=0x6297fb275 uVirtNanoTS=0x25ffdf53e TscKHz=2594604
00:00:14.847316 TM: Host/VM is not suitable for using TSC mode 'RealTSCOffset', request to change TSC mode ignored
00:00:15.019549 GIM: KVM: Enabled wall-clock struct. at 0x00000000400b2008 - u32Sec=1701417680 u32Nano=286570000 uVersion=2
00:00:15.073606 PIT: mode=2 count=0x12a5 (4773) - 249.98 Hz (ch=0)
00:00:15.075941 APIC0: Switched mode to x2APIC
00:00:15.211385 PIT: mode=0 count=0x10000 (65536) - 18.20 Hz (ch=0)
00:00:15.214820 APIC1: Switched mode to x2APIC
00:00:15.214932 GIM: KVM: VCPU  1: Enabled system-time struct. at 0x00000000400b3040 - u32TscScale=0xc5552426 i8TscShift=-1 uVersion=2 fFlags=0x1 uTsc=0x6627a5ba6 uVirtNanoTS=0x275f3e0fb TscKHz=2594604
00:00:15.214963 TM: Host/VM is not suitable for using TSC mode 'RealTSCOffset', request to change TSC mode ignored
00:00:15.436720 OHCI: Software reset
00:00:16.179352 IEM: rdmsr(0xc0011029) -> #GP(0)
00:00:16.423107 EHCI: Hardware reset
00:00:16.423755 EHCI: USB Operational
00:00:16.431523 PIIX3 ATA: Ctl#1: RESET, DevSel=0 AIOIf=0 CmdIf0=0xa1 (-1 usec ago) CmdIf1=0x00 (-1 usec ago)
00:00:16.431621 PIIX3 ATA: Ctl#1: finished processing RESET
00:00:16.479261 EHCI: USB Suspended
00:00:16.626629 OHCI: USB Reset
00:00:16.631459 AHCI#0: Reset the HBA
00:00:16.631492 VD#0: Cancelling all active requests
00:00:16.645411 AHCI#0: Port 0 reset
00:00:16.646714 VD#0: Cancelling all active requests
00:00:16.677259 OHCI: Software reset
00:00:16.677799 OHCI: USB Operational
00:00:17.932992 AIOMgr: Host limits number of active IO requests to 16. Expect a performance impact.
00:00:19.337102 VMMDev: Guest Log: vboxguest: host-version: 7.0.12r159484 0x8000000f
00:00:19.337172 VMMDev: Guest Additions information report: Version 5.2.0 r68940 '5.2.0'
00:00:19.337357 VMMDev: Guest Additions information report: Interface = 0x00010004 osType = 0x00053100 (Linux >= 2.6, 64-bit)
00:00:19.337501 VMMDev: Guest Additions capability report: (0x0 -> 0x0) seamless: no, hostWindowMapping: no, graphics: no
00:00:19.337603 GUI: UISession::sltAdditionsChange: GA state change event came, notifying listeners
00:00:19.337639 VMMDev: vmmDevReqHandler_HeartbeatConfigure: No change (fHeartbeatActive=false)
00:00:19.337693 GUI: UISession::sltAdditionsChange: GA state change event came, notifying listeners
00:00:19.337725 VMMDev: Heartbeat flatline timer set to trigger after 4 000 000 000 ns
00:00:19.339007 VMMDev: Guest Log: vbg_heartbeat_init: Setting up heartbeat to trigger every 2000 milliseconds
00:00:19.366229 VMMDev: Guest Log: vboxguest: misc device minor 58, IRQ 20, I/O port d040, MMIO at 0x00000000f0400000 (size 0x0000000000400000)
00:00:19.367356 GUI: UISession::sltAdditionsChange: GA state really changed, notifying listeners
00:00:19.367387 GUI: UISession::sltAdditionsChange: GA state change event came, notifying listeners
00:00:19.743862 Enabling different vbva mode
00:00:19.952051 AC97: Reset
00:00:19.952179 AC97: Mixer reset (EAID=0x809, EACS=0x9)
00:00:19.952223 AC97: Record select to left=mic, right=mic
00:00:19.954244 AC97: Reset
00:00:19.954265 AC97: Mixer reset (EAID=0x809, EACS=0x9)
00:00:19.954272 AC97: Record select to left=mic, right=mic
00:00:19.988564 Display::i_handleDisplayResize: uScreenId=0 pvVRAM=00007f87f1600000 w=800 h=600 bpp=32 cbLine=0xC80 flags=0x1 origin=0,0
00:00:20.055971 AC97: Record select to left=mic, right=mic
00:08:25.479201 VMMDev: vmmDevHeartbeatFlatlinedTimer: Guest seems to be unresponsive. Last heartbeat received 9 seconds ago
00:08:25.480277 VMMDev: GuestHeartBeat: Guest is alive (gone 39 936 ns)
00:08:30.744489 VMMDev: vmmDevHeartbeatFlatlinedTimer: Guest seems to be unresponsive. Last heartbeat received 4 seconds ago
00:08:30.744651 VMMDev: GuestHeartBeat: Guest is alive (gone 4 871 082 647 ns)
00:08:35.864746 VMMDev: vmmDevHeartbeatFlatlinedTimer: Guest seems to be unresponsive. Last heartbeat received 4 seconds ago
00:08:35.864933 VMMDev: GuestHeartBeat: Guest is alive (gone 4 214 635 451 ns)
00:08:46.739613 VMMDev: vmmDevHeartbeatFlatlinedTimer: Guest seems to be unresponsive. Last heartbeat received 4 seconds ago
00:08:46.740229 VMMDev: GuestHeartBeat: Guest is alive (gone 4 044 169 239 ns)
