00:00:01.500987 VirtualBox VM 7.0.12 r159484 darwin.amd64 (Oct 12 2023 20:27:35) release log
00:00:01.500989 Log opened 2023-12-01T08:00:22.819819000Z
00:00:01.500990 Build Type: release
00:00:01.501006 OS Product: Darwin
00:00:01.501012 OS Release: 20.6.0
00:00:01.501017 OS Version: Darwin Kernel Version 20.6.0: Thu Jul  6 22:12:47 PDT 2023; root:xnu-7195.141.49.702.12~1/RELEASE_X86_64
00:00:01.501120 DMI Product Name: MacBookPro11,1
00:00:01.501169 DMI Product Version: 1.0
00:00:01.501177 Firmware type: failed - VERR_NOT_SUPPORTED
00:00:01.501222 Host RAM: 8192MB (8.0GB) total, 4134MB (4.0GB) available
00:00:01.501225 Executable: /Applications/VirtualBox.app/Contents/MacOS/VirtualBoxVM
00:00:01.501225 Process ID: 10008
00:00:01.501226 Package type: DARWIN_64BITS_GENERIC
00:00:01.503038 Installed Extension Packs:
00:00:01.503063   None installed!
00:00:01.504580 Console: Machine state changed to 'Starting'
00:00:01.504914 Qt version: 5.15.2
00:00:01.513768 Guest OS type: 'Debian_64'
00:00:01.518582 fHMForced=true - No raw-mode support in this build!
00:00:01.560921 File system of '/Users/lina/VirtualBox VMs/database-server/database-server.vdi' is apfs
00:00:01.638386 Audio: Detected default audio driver type is 'CoreAudio'
00:00:01.664366 Shared Clipboard: Service loaded
00:00:01.664398 Shared Clipboard: Mode: Off
00:00:01.664466 Shared Clipboard: Service running in normal mode
00:00:01.665609 GUI: UIMediumEnumerator: Medium-enumeration finished!
00:00:01.667205 Drag and drop service loaded
00:00:01.667264 Drag and drop mode: Off
00:00:01.682146 ************************* CFGM dump *************************
00:00:01.682160 [/] (level 0)
00:00:01.682174   CpuExecutionCap   <integer> = 0x0000000000000064 (100)
00:00:01.682178   EnablePAE         <integer> = 0x0000000000000001 (1)
00:00:01.682179   HMEnabled         <integer> = 0x0000000000000001 (1)
00:00:01.682181   MemBalloonSize    <integer> = 0x0000000000000000 (0, 0 B)
00:00:01.682184   Name              <string>  = "database-server" (cb=16)
00:00:01.682191   NumCPUs           <integer> = 0x0000000000000002 (2)
00:00:01.682192   PageFusionAllowed <integer> = 0x0000000000000000 (0)
00:00:01.682193   RamHoleSize       <integer> = 0x0000000020000000 (536 870 912, 512.0 MiB)
00:00:01.682233   RamSize           <integer> = 0x0000000080000000 (2 147 483 648, 2.0 GiB)
00:00:01.682239   TimerMillies      <integer> = 0x000000000000000a (10)
00:00:01.682241   UUID              <bytes>   = "b3 fe ee 31 0b 2d 0c 4f bf 66 58 35 7a b0 42 da" (cb=16)
00:00:01.682246 
00:00:01.682247 [/CPUM/] (level 1)
00:00:01.682250   Enable64bit        <integer> = 0x0000000000000001 (1)
00:00:01.682252   GuestCpuName       <string>  = "host" (cb=5)
00:00:01.682253   NestedHWVirt       <integer> = 0x0000000000000000 (0)
00:00:01.682254   PortableCpuIdLevel <integer> = 0x0000000000000000 (0)
00:00:01.682255   SpecCtrl           <integer> = 0x0000000000000000 (0)
00:00:01.682257 
00:00:01.682257 [/CPUM/IsaExts/] (level 2)
00:00:01.682259 
00:00:01.682259 [/DBGC/] (level 1)
00:00:01.682261   GlobalInitScript <string>  = "/Users/lina/Library/VirtualBox/dbgc-init" (cb=41)
00:00:01.682263   HistoryFile      <string>  = "/Users/lina/Library/VirtualBox/dbgc-history" (cb=44)
00:00:01.682264   LocalInitScript  <string>  = "/Users/lina/VirtualBox VMs/database-server/dbgc-init" (cb=53)
00:00:01.682265 
00:00:01.682266 [/DBGF/] (level 1)
00:00:01.682267   Path <string>  = "/Users/lina/VirtualBox VMs/database-server/debug/;/Users/lina/VirtualBox VMs/database-server/;cache*/Users/lina/VirtualBox VMs/database-server/dbgcache/;/Users/lina/" (cb=166)
00:00:01.682269 
00:00:01.682269 [/Devices/] (level 1)
00:00:01.682271 
00:00:01.682271 [/Devices/3c501/] (level 2)
00:00:01.682273 
00:00:01.682274 [/Devices/8237A/] (level 2)
00:00:01.682275 
00:00:01.682276 [/Devices/8237A/0/] (level 3)
00:00:01.682278   Trusted <integer> = 0x0000000000000001 (1)
00:00:01.682279 
00:00:01.682279 [/Devices/GIMDev/] (level 2)
00:00:01.682281 
00:00:01.682281 [/Devices/GIMDev/0/] (level 3)
00:00:01.682283   Trusted <integer> = 0x0000000000000001 (1)
00:00:01.682284 
00:00:01.682285 [/Devices/VMMDev/] (level 2)
00:00:01.682286 
00:00:01.682287 [/Devices/VMMDev/0/] (level 3)
00:00:01.682289   PCIBusNo      <integer> = 0x0000000000000000 (0)
00:00:01.682290   PCIDeviceNo   <integer> = 0x0000000000000004 (4)
00:00:01.682291   PCIFunctionNo <integer> = 0x0000000000000000 (0)
00:00:01.682292   Trusted       <integer> = 0x0000000000000001 (1)
00:00:01.682294 
00:00:01.682294 [/Devices/VMMDev/0/Config/] (level 4)
00:00:01.682296   GuestCoreDumpDir <string>  = "/Users/lina/VirtualBox VMs/database-server/Snapshots" (cb=53)
00:00:01.682297 
00:00:01.682298 [/Devices/VMMDev/0/LUN#0/] (level 4)
00:00:01.682300   Driver <string>  = "HGCM" (cb=5)
00:00:01.682301 
00:00:01.682301 [/Devices/VMMDev/0/LUN#0/Config/] (level 5)
00:00:01.682304 
00:00:01.682304 [/Devices/VMMDev/0/LUN#999/] (level 4)
00:00:01.682306   Driver <string>  = "MainStatus" (cb=11)
00:00:01.682307 
00:00:01.682307 [/Devices/VMMDev/0/LUN#999/Config/] (level 5)
00:00:01.682310   First                <integer> = 0x0000000000000000 (0)
00:00:01.682311   HasMediumAttachments <integer> = 0x0000000000000000 (0)
00:00:01.682313   Last                 <integer> = 0x0000000000000000 (0)
00:00:01.682315   iLedSet              <integer> = 0x0000000000000006 (6)
00:00:01.682316 
00:00:01.682317 [/Devices/acpi/] (level 2)
00:00:01.682318 
00:00:01.682319 [/Devices/acpi/0/] (level 3)
00:00:01.682321   PCIBusNo      <integer> = 0x0000000000000000 (0)
00:00:01.682323   PCIDeviceNo   <integer> = 0x0000000000000007 (7)
00:00:01.682323   PCIFunctionNo <integer> = 0x0000000000000000 (0)
00:00:01.682324   Trusted       <integer> = 0x0000000000000001 (1)
00:00:01.682326 
00:00:01.682326 [/Devices/acpi/0/Config/] (level 4)
00:00:01.682331   CpuHotPlug          <integer> = 0x0000000000000000 (0)
00:00:01.682332   FdcEnabled          <integer> = 0x0000000000000000 (0)
00:00:01.682334   HostBusPciAddress   <integer> = 0x0000000000000000 (0)
00:00:01.682335   HpetEnabled         <integer> = 0x0000000000000000 (0)
00:00:01.682348   IOAPIC              <integer> = 0x0000000000000001 (1)
00:00:01.682350   IocPciAddress       <integer> = 0x0000000000010000 (65 536)
00:00:01.682352   NumCPUs             <integer> = 0x0000000000000002 (2)
00:00:01.682353   Parallel0IoPortBase <integer> = 0x0000000000000000 (0)
00:00:01.682354   Parallel0Irq        <integer> = 0x0000000000000000 (0)
00:00:01.682355   Parallel1IoPortBase <integer> = 0x0000000000000000 (0)
00:00:01.682356   Parallel1Irq        <integer> = 0x0000000000000000 (0)
00:00:01.682358   Serial0IoPortBase   <integer> = 0x0000000000000000 (0)
00:00:01.682359   Serial0Irq          <integer> = 0x0000000000000000 (0)
00:00:01.682360   Serial1IoPortBase   <integer> = 0x0000000000000000 (0)
00:00:01.682362   Serial1Irq          <integer> = 0x0000000000000000 (0)
00:00:01.682363   ShowCpu             <integer> = 0x0000000000000001 (1)
00:00:01.682364   ShowRtc             <integer> = 0x0000000000000000 (0)
00:00:01.682366   SmcEnabled          <integer> = 0x0000000000000000 (0)
00:00:01.682367 
00:00:01.682368 [/Devices/acpi/0/LUN#0/] (level 4)
00:00:01.682371   Driver <string>  = "ACPIHost" (cb=9)
00:00:01.682372 
00:00:01.682372 [/Devices/acpi/0/LUN#0/Config/] (level 5)
00:00:01.682374 
00:00:01.682375 [/Devices/acpi/0/LUN#1/] (level 4)
00:00:01.682377   Driver <string>  = "ACPICpu" (cb=8)
00:00:01.682378 
00:00:01.682378 [/Devices/acpi/0/LUN#1/Config/] (level 5)
00:00:01.682380 
00:00:01.682381 [/Devices/ahci/] (level 2)
00:00:01.682382 
00:00:01.682383 [/Devices/ahci/0/] (level 3)
00:00:01.682385   PCIBusNo      <integer> = 0x0000000000000000 (0)
00:00:01.682386   PCIDeviceNo   <integer> = 0x000000000000000d (13)
00:00:01.682388   PCIFunctionNo <integer> = 0x0000000000000000 (0)
00:00:01.682389   Trusted       <integer> = 0x0000000000000001 (1)
00:00:01.682390 
00:00:01.682390 [/Devices/ahci/0/Config/] (level 4)
00:00:01.682393   Bootable  <integer> = 0x0000000000000001 (1)
00:00:01.682394   PortCount <integer> = 0x0000000000000001 (1)
00:00:01.682395 
00:00:01.682395 [/Devices/ahci/0/Config/Port0/] (level 5)
00:00:01.682398   Hotpluggable <integer> = 0x0000000000000000 (0)
00:00:01.682399 
00:00:01.682400 [/Devices/ahci/0/LUN#0/] (level 4)
00:00:01.682402   Driver <string>  = "VD" (cb=3)
00:00:01.682403 
00:00:01.682404 [/Devices/ahci/0/LUN#0/Config/] (level 5)
00:00:01.682407   BlockCache <integer> = 0x0000000000000001 (1)
00:00:01.682408   Format     <string>  = "VDI" (cb=4)
00:00:01.682409   Mountable  <integer> = 0x0000000000000000 (0)
00:00:01.682410   Path       <string>  = "/Users/lina/VirtualBox VMs/database-server/database-server.vdi" (cb=63)
00:00:01.682411   Type       <string>  = "HardDisk" (cb=9)
00:00:01.682412   UseNewIo   <integer> = 0x0000000000000001 (1)
00:00:01.682413 
00:00:01.682414 [/Devices/ahci/0/LUN#0/Config/VDConfig/] (level 6)
00:00:01.682416   AllocationBlockSize <string>  = "1048576" (cb=8)
00:00:01.682418 
00:00:01.682418 [/Devices/ahci/0/LUN#999/] (level 4)
00:00:01.682421   Driver <string>  = "MainStatus" (cb=11)
00:00:01.682422 
00:00:01.682422 [/Devices/ahci/0/LUN#999/Config/] (level 5)
00:00:01.682424   DeviceInstance       <string>  = "ahci/0" (cb=7)
00:00:01.682426   First                <integer> = 0x0000000000000000 (0)
00:00:01.682427   HasMediumAttachments <integer> = 0x0000000000000001 (1)
00:00:01.682428   Last                 <integer> = 0x0000000000000000 (0)
00:00:01.682429   iLedSet              <integer> = 0x0000000000000004 (4)
00:00:01.682430 
00:00:01.682431 [/Devices/apic/] (level 2)
00:00:01.682433 
00:00:01.682433 [/Devices/apic/0/] (level 3)
00:00:01.682435   Trusted <integer> = 0x0000000000000001 (1)
00:00:01.682436 
00:00:01.682437 [/Devices/apic/0/Config/] (level 4)
00:00:01.682439   IOAPIC  <integer> = 0x0000000000000001 (1)
00:00:01.682440   Mode    <integer> = 0x0000000000000003 (3)
00:00:01.682441   NumCPUs <integer> = 0x0000000000000002 (2)
00:00:01.682442 
00:00:01.682443 [/Devices/dp8390/] (level 2)
00:00:01.682444 
00:00:01.682445 [/Devices/e1000/] (level 2)
00:00:01.682446 
00:00:01.682447 [/Devices/e1000/0/] (level 3)
00:00:01.682456   PCIBusNo      <integer> = 0x0000000000000000 (0)
00:00:01.682458   PCIDeviceNo   <integer> = 0x0000000000000003 (3)
00:00:01.682459   PCIFunctionNo <integer> = 0x0000000000000000 (0)
00:00:01.682460   Trusted       <integer> = 0x0000000000000001 (1)
00:00:01.682461 
00:00:01.682462 [/Devices/e1000/0/Config/] (level 4)
00:00:01.682465   AdapterType    <integer> = 0x0000000000000000 (0)
00:00:01.682466   CableConnected <integer> = 0x0000000000000001 (1)
00:00:01.682467   LineSpeed      <integer> = 0x0000000000000000 (0)
00:00:01.682468   MAC            <bytes>   = "08 00 27 8d 12 91" (cb=6)
00:00:01.682471 
00:00:01.682471 [/Devices/e1000/0/LUN#0/] (level 4)
00:00:01.682474   Driver <string>  = "VMNet" (cb=6)
00:00:01.682475 
00:00:01.682475 [/Devices/e1000/0/LUN#0/Config/] (level 5)
00:00:01.682478   Trunk     <string>  = "en0" (cb=4)
00:00:01.682479   TrunkType <integer> = 0x0000000000000003 (3)
00:00:01.682480 
00:00:01.682481 [/Devices/e1000/0/LUN#999/] (level 4)
00:00:01.682483   Driver <string>  = "MainStatus" (cb=11)
00:00:01.682484 
00:00:01.682484 [/Devices/e1000/0/LUN#999/Config/] (level 5)
00:00:01.682488   First                <integer> = 0x0000000000000000 (0)
00:00:01.682490   HasMediumAttachments <integer> = 0x0000000000000000 (0)
00:00:01.682491   Last                 <integer> = 0x0000000000000000 (0)
00:00:01.682493   iLedSet              <integer> = 0x0000000000000005 (5)
00:00:01.682494 
00:00:01.682494 [/Devices/i8254/] (level 2)
00:00:01.682497 
00:00:01.682497 [/Devices/i8254/0/] (level 3)
00:00:01.682499 
00:00:01.682499 [/Devices/i8254/0/Config/] (level 4)
00:00:01.682501 
00:00:01.682501 [/Devices/i8259/] (level 2)
00:00:01.682503 
00:00:01.682503 [/Devices/i8259/0/] (level 3)
00:00:01.682505   Trusted <integer> = 0x0000000000000001 (1)
00:00:01.682506 
00:00:01.682507 [/Devices/i8259/0/Config/] (level 4)
00:00:01.682509 
00:00:01.682509 [/Devices/ichac97/] (level 2)
00:00:01.682511 
00:00:01.682511 [/Devices/ichac97/0/] (level 3)
00:00:01.682513   PCIBusNo      <integer> = 0x0000000000000000 (0)
00:00:01.682516   PCIDeviceNo   <integer> = 0x0000000000000005 (5)
00:00:01.682517   PCIFunctionNo <integer> = 0x0000000000000000 (0)
00:00:01.682518   Trusted       <integer> = 0x0000000000000001 (1)
00:00:01.682519 
00:00:01.682519 [/Devices/ichac97/0/AudioConfig/] (level 4)
00:00:01.682522 
00:00:01.682523 [/Devices/ichac97/0/Config/] (level 4)
00:00:01.682525   Codec        <string>  = "AD1980" (cb=7)
00:00:01.682527   DebugEnabled <integer> = 0x0000000000000000 (0)
00:00:01.682528 
00:00:01.682528 [/Devices/ichac97/0/LUN#0/] (level 4)
00:00:01.682537   Driver <string>  = "AUDIO" (cb=6)
00:00:01.682538 
00:00:01.682539 [/Devices/ichac97/0/LUN#0/AttachedDriver/] (level 5)
00:00:01.682542   Driver <string>  = "CoreAudio" (cb=10)
00:00:01.682543 
00:00:01.682544 [/Devices/ichac97/0/LUN#0/AttachedDriver/Config/] (level 6)
00:00:01.682547 
00:00:01.682547 [/Devices/ichac97/0/LUN#0/Config/] (level 5)
00:00:01.682550   DriverName    <string>  = "CoreAudio" (cb=10)
00:00:01.682552   InputEnabled  <integer> = 0x0000000000000000 (0)
00:00:01.682553   OutputEnabled <integer> = 0x0000000000000001 (1)
00:00:01.682554 
00:00:01.682554 [/Devices/ichac97/0/LUN#1/] (level 4)
00:00:01.682556   Driver <string>  = "AUDIO" (cb=6)
00:00:01.682557 
00:00:01.682558 [/Devices/ichac97/0/LUN#2/] (level 4)
00:00:01.682560   Driver <string>  = "AUDIO" (cb=6)
00:00:01.682561 
00:00:01.682562 [/Devices/ioapic/] (level 2)
00:00:01.682564 
00:00:01.682565 [/Devices/ioapic/0/] (level 3)
00:00:01.682568   Trusted <integer> = 0x0000000000000001 (1)
00:00:01.682570 
00:00:01.682571 [/Devices/ioapic/0/Config/] (level 4)
00:00:01.682573   NumCPUs <integer> = 0x0000000000000002 (2)
00:00:01.682574 
00:00:01.682576 [/Devices/mc146818/] (level 2)
00:00:01.682577 
00:00:01.682577 [/Devices/mc146818/0/] (level 3)
00:00:01.682580 
00:00:01.682580 [/Devices/mc146818/0/Config/] (level 4)
00:00:01.682583   UseUTC <integer> = 0x0000000000000001 (1)
00:00:01.682585 
00:00:01.682586 [/Devices/parallel/] (level 2)
00:00:01.682596 
00:00:01.682596 [/Devices/pcarch/] (level 2)
00:00:01.682598 
00:00:01.682598 [/Devices/pcarch/0/] (level 3)
00:00:01.682600   Trusted <integer> = 0x0000000000000001 (1)
00:00:01.682602 
00:00:01.682602 [/Devices/pcarch/0/Config/] (level 4)
00:00:01.682605 
00:00:01.682605 [/Devices/pcbios/] (level 2)
00:00:01.682607 
00:00:01.682607 [/Devices/pcbios/0/] (level 3)
00:00:01.682611   Trusted <integer> = 0x0000000000000001 (1)
00:00:01.682612 
00:00:01.682613 [/Devices/pcbios/0/Config/] (level 4)
00:00:01.682617   APIC               <integer> = 0x0000000000000001 (1)
00:00:01.682619   BootDevice0        <string>  = "IDE" (cb=4)
00:00:01.682621   BootDevice1        <string>  = "DVD" (cb=4)
00:00:01.682622   BootDevice2        <string>  = "FLOPPY" (cb=7)
00:00:01.682623   BootDevice3        <string>  = "NONE" (cb=5)
00:00:01.682625   FloppyDevice       <string>  = "i82078" (cb=7)
00:00:01.682626   HardDiskDevice     <string>  = "piix3ide" (cb=9)
00:00:01.682627   IOAPIC             <integer> = 0x0000000000000001 (1)
00:00:01.682629   McfgBase           <integer> = 0x0000000000000000 (0)
00:00:01.682633   McfgLength         <integer> = 0x0000000000000000 (0)
00:00:01.682634   NumCPUs            <integer> = 0x0000000000000002 (2)
00:00:01.682636   PXEDebug           <integer> = 0x0000000000000000 (0)
00:00:01.682637   SataHardDiskDevice <string>  = "ahci" (cb=5)
00:00:01.682638   SataLUN1           <integer> = 0x0000000000000000 (0)
00:00:01.682640   UUID               <bytes>   = "b3 fe ee 31 0b 2d 0c 4f bf 66 58 35 7a b0 42 da" (cb=16)
00:00:01.682646   UuidLe             <integer> = 0x0000000000000001 (1)
00:00:01.682647 
00:00:01.682648 [/Devices/pcbios/0/Config/NetBoot/] (level 5)
00:00:01.682650 
00:00:01.682651 [/Devices/pcbios/0/Config/NetBoot/0/] (level 6)
00:00:01.682655   NIC           <integer> = 0x0000000000000000 (0)
00:00:01.682657   PCIBusNo      <integer> = 0x0000000000000000 (0)
00:00:01.682658   PCIDeviceNo   <integer> = 0x0000000000000003 (3)
00:00:01.682660   PCIFunctionNo <integer> = 0x0000000000000000 (0)
00:00:01.682661 
00:00:01.682661 [/Devices/pci/] (level 2)
00:00:01.682663 
00:00:01.682663 [/Devices/pci/0/] (level 3)
00:00:01.682665   Trusted <integer> = 0x0000000000000001 (1)
00:00:01.682667 
00:00:01.682668 [/Devices/pci/0/Config/] (level 4)
00:00:01.682671   IOAPIC <integer> = 0x0000000000000001 (1)
00:00:01.682673 
00:00:01.682674 [/Devices/pcibridge/] (level 2)
00:00:01.682677 
00:00:01.682677 [/Devices/pckbd/] (level 2)
00:00:01.682679 
00:00:01.682680 [/Devices/pckbd/0/] (level 3)
00:00:01.682682   Trusted <integer> = 0x0000000000000001 (1)
00:00:01.682683 
00:00:01.682684 [/Devices/pckbd/0/Config/] (level 4)
00:00:01.682686 
00:00:01.682687 [/Devices/pckbd/0/LUN#0/] (level 4)
00:00:01.682689   Driver <string>  = "KeyboardQueue" (cb=14)
00:00:01.682691 
00:00:01.682691 [/Devices/pckbd/0/LUN#0/AttachedDriver/] (level 5)
00:00:01.682693   Driver <string>  = "MainKeyboard" (cb=13)
00:00:01.682695 
00:00:01.682695 [/Devices/pckbd/0/LUN#0/Config/] (level 5)
00:00:01.682697   QueueSize <integer> = 0x0000000000000040 (64, 64 B)
00:00:01.682700 
00:00:01.682701 [/Devices/pckbd/0/LUN#1/] (level 4)
00:00:01.682703   Driver <string>  = "MouseQueue" (cb=11)
00:00:01.682704 
00:00:01.682705 [/Devices/pckbd/0/LUN#1/AttachedDriver/] (level 5)
00:00:01.682708   Driver <string>  = "MainMouse" (cb=10)
00:00:01.682710 
00:00:01.682710 [/Devices/pckbd/0/LUN#1/Config/] (level 5)
00:00:01.682713   QueueSize <integer> = 0x0000000000000080 (128, 128 B)
00:00:01.682715 
00:00:01.682716 [/Devices/pcnet/] (level 2)
00:00:01.682718 
00:00:01.682719 [/Devices/piix3ide/] (level 2)
00:00:01.682721 
00:00:01.682721 [/Devices/piix3ide/0/] (level 3)
00:00:01.682724   PCIBusNo      <integer> = 0x0000000000000000 (0)
00:00:01.682725   PCIDeviceNo   <integer> = 0x0000000000000001 (1)
00:00:01.682726   PCIFunctionNo <integer> = 0x0000000000000001 (1)
00:00:01.682727   Trusted       <integer> = 0x0000000000000001 (1)
00:00:01.682728 
00:00:01.682729 [/Devices/piix3ide/0/Config/] (level 4)
00:00:01.682731   Type <string>  = "PIIX4" (cb=6)
00:00:01.682741 
00:00:01.682742 [/Devices/piix3ide/0/LUN#2/] (level 4)
00:00:01.682744   Driver <string>  = "VD" (cb=3)
00:00:01.682746 
00:00:01.682746 [/Devices/piix3ide/0/LUN#2/Config/] (level 5)
00:00:01.682750   EmptyDrive <integer> = 0x0000000000000001 (1)
00:00:01.682751   Mountable  <integer> = 0x0000000000000001 (1)
00:00:01.682752   Type       <string>  = "DVD" (cb=4)
00:00:01.682754 
00:00:01.682754 [/Devices/piix3ide/0/LUN#999/] (level 4)
00:00:01.682757   Driver <string>  = "MainStatus" (cb=11)
00:00:01.682757 
00:00:01.682758 [/Devices/piix3ide/0/LUN#999/Config/] (level 5)
00:00:01.682761   DeviceInstance       <string>  = "piix3ide/0" (cb=11)
00:00:01.682763   First                <integer> = 0x0000000000000000 (0)
00:00:01.682765   HasMediumAttachments <integer> = 0x0000000000000001 (1)
00:00:01.682766   Last                 <integer> = 0x0000000000000003 (3)
00:00:01.682769   iLedSet              <integer> = 0x0000000000000003 (3)
00:00:01.682770 
00:00:01.682771 [/Devices/serial/] (level 2)
00:00:01.682773 
00:00:01.682773 [/Devices/usb-ehci/] (level 2)
00:00:01.682775 
00:00:01.682775 [/Devices/usb-ehci/0/] (level 3)
00:00:01.682777   PCIBusNo      <integer> = 0x0000000000000000 (0)
00:00:01.682778   PCIDeviceNo   <integer> = 0x000000000000000b (11)
00:00:01.682780   PCIFunctionNo <integer> = 0x0000000000000000 (0)
00:00:01.682781   Trusted       <integer> = 0x0000000000000001 (1)
00:00:01.682782 
00:00:01.682782 [/Devices/usb-ehci/0/Config/] (level 4)
00:00:01.682784 
00:00:01.682785 [/Devices/usb-ehci/0/LUN#0/] (level 4)
00:00:01.682787   Driver <string>  = "VUSBRootHub" (cb=12)
00:00:01.682789 
00:00:01.682789 [/Devices/usb-ehci/0/LUN#0/Config/] (level 5)
00:00:01.682792 
00:00:01.682793 [/Devices/usb-ehci/0/LUN#999/] (level 4)
00:00:01.682794   Driver <string>  = "MainStatus" (cb=11)
00:00:01.682795 
00:00:01.682796 [/Devices/usb-ehci/0/LUN#999/Config/] (level 5)
00:00:01.682799   First                <integer> = 0x0000000000000000 (0)
00:00:01.682801   HasMediumAttachments <integer> = 0x0000000000000000 (0)
00:00:01.682803   Last                 <integer> = 0x0000000000000000 (0)
00:00:01.682804   iLedSet              <integer> = 0x0000000000000002 (2)
00:00:01.682806 
00:00:01.682807 [/Devices/usb-ohci/] (level 2)
00:00:01.682809 
00:00:01.682810 [/Devices/usb-ohci/0/] (level 3)
00:00:01.682813   PCIBusNo      <integer> = 0x0000000000000000 (0)
00:00:01.682814   PCIDeviceNo   <integer> = 0x0000000000000006 (6)
00:00:01.682815   PCIFunctionNo <integer> = 0x0000000000000000 (0)
00:00:01.682816   Trusted       <integer> = 0x0000000000000001 (1)
00:00:01.682817 
00:00:01.682818 [/Devices/usb-ohci/0/Config/] (level 4)
00:00:01.682820 
00:00:01.682822 [/Devices/usb-ohci/0/LUN#0/] (level 4)
00:00:01.682825   Driver <string>  = "VUSBRootHub" (cb=12)
00:00:01.682826 
00:00:01.682826 [/Devices/usb-ohci/0/LUN#0/Config/] (level 5)
00:00:01.682829 
00:00:01.682829 [/Devices/usb-ohci/0/LUN#999/] (level 4)
00:00:01.682831   Driver <string>  = "MainStatus" (cb=11)
00:00:01.682833 
00:00:01.682833 [/Devices/usb-ohci/0/LUN#999/Config/] (level 5)
00:00:01.682836   First                <integer> = 0x0000000000000000 (0)
00:00:01.682838   HasMediumAttachments <integer> = 0x0000000000000000 (0)
00:00:01.682839   Last                 <integer> = 0x0000000000000000 (0)
00:00:01.682840   iLedSet              <integer> = 0x0000000000000001 (1)
00:00:01.682842 
00:00:01.682842 [/Devices/vga/] (level 2)
00:00:01.682844 
00:00:01.682845 [/Devices/vga/0/] (level 3)
00:00:01.682847   PCIBusNo      <integer> = 0x0000000000000000 (0)
00:00:01.682849   PCIDeviceNo   <integer> = 0x0000000000000002 (2)
00:00:01.682850   PCIFunctionNo <integer> = 0x0000000000000000 (0)
00:00:01.682851   Trusted       <integer> = 0x0000000000000001 (1)
00:00:01.682852 
00:00:01.682853 [/Devices/vga/0/Config/] (level 4)
00:00:01.682856   3DEnabled          <integer> = 0x0000000000000000 (0)
00:00:01.682857   CustomVideoModes   <integer> = 0x0000000000000000 (0)
00:00:01.682859   FadeIn             <integer> = 0x0000000000000001 (1)
00:00:01.682872   FadeOut            <integer> = 0x0000000000000001 (1)
00:00:01.682875   HeightReduction    <integer> = 0x0000000000000000 (0)
00:00:01.682877   LogoFile           <string>  = "" (cb=1)
00:00:01.682879   LogoTime           <integer> = 0x0000000000000000 (0)
00:00:01.682882   MonitorCount       <integer> = 0x0000000000000001 (1)
00:00:01.682884   ShowBootMenu       <integer> = 0x0000000000000002 (2)
00:00:01.682885   VMSVGA3dEnabled    <integer> = 0x0000000000000000 (0)
00:00:01.682887   VMSVGAEnabled      <integer> = 0x0000000000000001 (1)
00:00:01.682889   VMSVGAPciBarLayout <integer> = 0x0000000000000001 (1)
00:00:01.682891   VMSVGAPciId        <integer> = 0x0000000000000001 (1)
00:00:01.682893   VRamSize           <integer> = 0x0000000001000000 (16 777 216, 16.0 MiB)
00:00:01.682895 
00:00:01.682896 [/Devices/vga/0/LUN#0/] (level 4)
00:00:01.682897   Driver <string>  = "MainDisplay" (cb=12)
00:00:01.682898 
00:00:01.682899 [/Devices/vga/0/LUN#0/Config/] (level 5)
00:00:01.682901 
00:00:01.682901 [/Devices/vga/0/LUN#999/] (level 4)
00:00:01.682903   Driver <string>  = "MainStatus" (cb=11)
00:00:01.682904 
00:00:01.682904 [/Devices/vga/0/LUN#999/Config/] (level 5)
00:00:01.682906   First                <integer> = 0x0000000000000000 (0)
00:00:01.682908   HasMediumAttachments <integer> = 0x0000000000000000 (0)
00:00:01.682909   Last                 <integer> = 0x0000000000000000 (0)
00:00:01.682910   iLedSet              <integer> = 0x0000000000000000 (0)
00:00:01.682912 
00:00:01.682912 [/Devices/virtio-net/] (level 2)
00:00:01.682914 
00:00:01.682915 [/EM/] (level 1)
00:00:01.682917   TripleFaultReset <integer> = 0x0000000000000000 (0)
00:00:01.682918 
00:00:01.682919 [/GCM/] (level 1)
00:00:01.682920   FixerSet <integer> = 0x0000000000000000 (0)
00:00:01.682921 
00:00:01.682922 [/GIM/] (level 1)
00:00:01.682923   Provider <string>  = "KVM" (cb=4)
00:00:01.682925 
00:00:01.682925 [/HM/] (level 1)
00:00:01.682929   64bitEnabled            <integer> = 0x0000000000000001 (1)
00:00:01.682931   EnableLargePages        <integer> = 0x0000000000000001 (1)
00:00:01.682932   EnableNestedPaging      <integer> = 0x0000000000000001 (1)
00:00:01.682934   EnableUX                <integer> = 0x0000000000000001 (1)
00:00:01.682935   EnableVPID              <integer> = 0x0000000000000001 (1)
00:00:01.682937   Exclusive               <integer> = 0x0000000000000000 (0)
00:00:01.682939   HMForced                <integer> = 0x0000000000000001 (1)
00:00:01.682941   IBPBOnVMEntry           <integer> = 0x0000000000000000 (0)
00:00:01.682942   IBPBOnVMExit            <integer> = 0x0000000000000000 (0)
00:00:01.682944   L1DFlushOnSched         <integer> = 0x0000000000000001 (1)
00:00:01.682946   L1DFlushOnVMEntry       <integer> = 0x0000000000000000 (0)
00:00:01.682947   LovelyMesaDrvWorkaround <integer> = 0x0000000000000001 (1)
00:00:01.682948   MDSClearOnSched         <integer> = 0x0000000000000001 (1)
00:00:01.682950   MDSClearOnVMEntry       <integer> = 0x0000000000000000 (0)
00:00:01.682951   SpecCtrlByHost          <integer> = 0x0000000000000000 (0)
00:00:01.682953   SvmVirtVmsaveVmload     <integer> = 0x0000000000000000 (0)
00:00:01.682954   UseNEMInstead           <integer> = 0x0000000000000000 (0)
00:00:01.682956 
00:00:01.682956 [/MM/] (level 1)
00:00:01.682958   CanUseLargerHeap <integer> = 0x0000000000000000 (0)
00:00:01.682959 
00:00:01.682960 [/NEM/] (level 1)
00:00:01.682961   Allow64BitGuests        <integer> = 0x0000000000000001 (1)
00:00:01.682963   LovelyMesaDrvWorkaround <integer> = 0x0000000000000001 (1)
00:00:01.682964 
00:00:01.682965 [/PDM/] (level 1)
00:00:01.682966 
00:00:01.682967 [/PDM/AsyncCompletion/] (level 2)
00:00:01.682968 
00:00:01.682969 [/PDM/AsyncCompletion/File/] (level 3)
00:00:01.682971 
00:00:01.682972 [/PDM/AsyncCompletion/File/BwGroups/] (level 4)
00:00:01.682974 
00:00:01.682975 [/PDM/BlkCache/] (level 2)
00:00:01.682977   CacheSize <integer> = 0x0000000000500000 (5 242 880, 5.0 MiB)
00:00:01.682979 
00:00:01.682980 [/PDM/Devices/] (level 2)
00:00:01.682981 
00:00:01.682989 [/PDM/Drivers/] (level 2)
00:00:01.682990 
00:00:01.682991 [/PDM/Drivers/VBoxC/] (level 3)
00:00:01.682993   Path <string>  = "/Applications/VirtualBox.app/Contents/MacOS/components/VBoxC" (cb=61)
00:00:01.682994 
00:00:01.682995 [/PDM/NetworkShaper/] (level 2)
00:00:01.682996 
00:00:01.682997 [/PDM/NetworkShaper/BwGroups/] (level 3)
00:00:01.682999 
00:00:01.683000 [/TM/] (level 1)
00:00:01.683001   UTCOffset <integer> = 0x0000000000000000 (0)
00:00:01.683003 
00:00:01.683004 [/USB/] (level 1)
00:00:01.683006 
00:00:01.683006 [/USB/HidMouse/] (level 2)
00:00:01.683008 
00:00:01.683009 [/USB/HidMouse/0/] (level 3)
00:00:01.683010 
00:00:01.683011 [/USB/HidMouse/0/Config/] (level 4)
00:00:01.683013   Mode <string>  = "absolute" (cb=9)
00:00:01.683014 
00:00:01.683015 [/USB/HidMouse/0/LUN#0/] (level 4)
00:00:01.683017   Driver <string>  = "MouseQueue" (cb=11)
00:00:01.683018 
00:00:01.683019 [/USB/HidMouse/0/LUN#0/AttachedDriver/] (level 5)
00:00:01.683021   Driver <string>  = "MainMouse" (cb=10)
00:00:01.683022 
00:00:01.683023 [/USB/HidMouse/0/LUN#0/Config/] (level 5)
00:00:01.683025   QueueSize <integer> = 0x0000000000000080 (128, 128 B)
00:00:01.683027 
00:00:01.683028 [/USB/USBProxy/] (level 2)
00:00:01.683030 
00:00:01.683030 [/USB/USBProxy/GlobalConfig/] (level 3)
00:00:01.683032 
00:00:01.683034 ********************* End of CFGM dump **********************
00:00:01.683226 HM: HMR3Init: Attempting fall back to NEM: Driverless mode
00:00:01.688424 NEM:  info: Found optional import Hypervisor!hv_capability.
00:00:01.688576 NEM:  info: Found optional import Hypervisor!hv_vm_space_create.
00:00:01.688600 NEM:  info: Found optional import Hypervisor!hv_vm_space_destroy.
00:00:01.688621 NEM:  info: Found optional import Hypervisor!hv_vm_map_space.
00:00:01.688639 NEM:  info: Found optional import Hypervisor!hv_vm_unmap_space.
00:00:01.688653 NEM:  info: Found optional import Hypervisor!hv_vm_protect_space.
00:00:01.688670 NEM:  info: Found optional import Hypervisor!hv_vcpu_set_space.
00:00:01.688692 NEM:  info: Found optional import Hypervisor!hv_vcpu_run_until.
00:00:01.688780 NEM:  info: Found optional import Hypervisor!hv_vcpu_get_exec_time.
00:00:01.688800 NEM:  info: Found optional import Hypervisor!hv_vmx_vcpu_read_shadow_vmcs.
00:00:01.688814 NEM:  info: Found optional import Hypervisor!hv_vmx_vcpu_write_shadow_vmcs.
00:00:01.688829 NEM:  info: Found optional import Hypervisor!hv_vmx_vcpu_set_shadow_access.
00:00:01.688842 NEM:  info: Found optional import Hypervisor!hv_vmx_get_msr_info.
00:00:01.688857 NEM:  info: Found optional import Hypervisor!hv_vmx_vcpu_get_cap_write_vmcs.
00:00:01.688873 NEM:  info: Found optional import Hypervisor!hv_vcpu_enable_managed_msr.
00:00:01.688886 NEM:  info: Found optional import Hypervisor!hv_vcpu_set_msr_access.
00:00:01.688919 NEM: cMachTimePerNs=1 (TimeInfo.numer=1 TimeInfo.denom=1)
00:00:01.691588 NEM: Successfully created ASID: 1
00:00:01.691747 NEM:
00:00:01.691747 NEM: NEMR3Init: Turtle execution mode is active!
00:00:01.691748 NEM: Note! VirtualBox is not able to run at its full potential in this execution mode.
00:00:01.691748 NEM:
00:00:01.691791 CPUM: No hardware-virtualization capability detected
00:00:01.692104 CPUM: fXStateHostMask=0x7; initial: 0x7; host XCR0=0x7
00:00:01.693361 CPUM: Matched host CPU INTEL 0x6/0x45/0x1 Intel_Core7_Haswell with CPU DB entry 'Intel Core i7-5600U' (INTEL 0x6/0x3d/0x4 Intel_Core7_Broadwell)
00:00:01.693484 CPUM: MXCSR_MASK=0xffff (host: 0xffff)
00:00:01.693513 CPUM: Failed to query microcode revision. rc=VERR_SUP_DRIVERLESS
00:00:01.693570 CPUM: MSR/CPUID reconciliation insert: 0x0000010b IA32_FLUSH_CMD
00:00:01.693588 CPUM: MSR fudge: 0x00000001 IA32_P5_MC_TYPE
00:00:01.693597 CPUM: MSR fudge: 0x00000017 IA32_PLATFORM_ID
00:00:01.693604 CPUM: MSR fudge: 0x0000001b IA32_APIC_BASE
00:00:01.693637 CPUM: MSR fudge: 0x0000008b BIOS_SIGN
00:00:01.693659 CPUM: MSR fudge: 0x000000fe IA32_MTRRCAP
00:00:01.693672 CPUM: MSR fudge: 0x00000179 IA32_MCG_CAP
00:00:01.693679 CPUM: MSR fudge: 0x0000017a IA32_MCG_STATUS
00:00:01.693686 CPUM: MSR fudge: 0x000001a0 IA32_MISC_ENABLE
00:00:01.693701 CPUM: MSR fudge: 0x000001d9 IA32_DEBUGCTL
00:00:01.693712 CPUM: MSR fudge: 0x000001db P6_LAST_BRANCH_FROM_IP
00:00:01.693719 CPUM: MSR fudge: 0x000001dc P6_LAST_BRANCH_TO_IP
00:00:01.693727 CPUM: MSR fudge: 0x000001dd P6_LAST_INT_FROM_IP
00:00:01.693734 CPUM: MSR fudge: 0x000001de P6_LAST_INT_TO_IP
00:00:01.693741 CPUM: MSR fudge: 0x00000277 IA32_PAT
00:00:01.693760 CPUM: MSR fudge: 0x000002ff IA32_MTRR_DEF_TYPE
00:00:01.693767 CPUM: MSR fudge: 0x00000400 IA32_MCi_CTL_STATUS_ADDR_MISC
00:00:01.693779 CPUM: MSR fudge: 0xc0000103 AMD64_TSC_AUX
00:00:01.693820 CPUM: SetGuestCpuIdFeature: Enabled SYSENTER/EXIT
00:00:01.693825 CPUM: SetGuestCpuIdFeature: Enabled SYSCALL/RET
00:00:01.693830 CPUM: SetGuestCpuIdFeature: Enabled PAE
00:00:01.693836 CPUM: SetGuestCpuIdFeature: Enabled LAHF/SAHF
00:00:01.693856 CPUM: SetGuestCpuIdFeature: Enabled NX
00:00:01.693870 CPUM: SetGuestCpuIdFeature: Enabled LONG MODE
00:00:01.694069 NEM:    VMX_VMCS32_CTRL_PIN_EXEC = (allowed_0=0x00003f allowed_1=0x00007f)
00:00:01.694089 NEM:        Bit 00 = MUST be set
00:00:01.694103 NEM:        Bit 01 = MUST be set
00:00:01.694118 NEM:        Bit 02 = MUST be set
00:00:01.694132 NEM:        Bit 03 = MUST be set
00:00:01.694144 NEM:        Bit 04 = MUST be set
00:00:01.694154 NEM:        Bit 05 = MUST be set
00:00:01.694166 NEM:        Bit 06 = Can be set or not be set
00:00:01.694180 NEM:        Bit 07 = Must NOT be set
00:00:01.694191 NEM:        Bit 08 = Must NOT be set
00:00:01.694204 NEM:        Bit 09 = Must NOT be set
00:00:01.694214 NEM:        Bit 10 = Must NOT be set
00:00:01.694225 NEM:        Bit 11 = Must NOT be set
00:00:01.694236 NEM:        Bit 12 = Must NOT be set
00:00:01.694244 NEM:        Bit 13 = Must NOT be set
00:00:01.694255 NEM:        Bit 14 = Must NOT be set
00:00:01.694266 NEM:        Bit 15 = Must NOT be set
00:00:01.694281 NEM:        Bit 16 = Must NOT be set
00:00:01.694295 NEM:        Bit 17 = Must NOT be set
00:00:01.694307 NEM:        Bit 18 = Must NOT be set
00:00:01.694318 NEM:        Bit 19 = Must NOT be set
00:00:01.694362 NEM:        Bit 20 = Must NOT be set
00:00:01.694367 NEM:        Bit 21 = Must NOT be set
00:00:01.694372 NEM:        Bit 22 = Must NOT be set
00:00:01.694390 NEM:        Bit 23 = Must NOT be set
00:00:01.694394 NEM:        Bit 24 = Must NOT be set
00:00:01.694399 NEM:        Bit 25 = Must NOT be set
00:00:01.694425 NEM:        Bit 26 = Must NOT be set
00:00:01.694435 NEM:        Bit 27 = Must NOT be set
00:00:01.694442 NEM:        Bit 28 = Must NOT be set
00:00:01.694449 NEM:        Bit 29 = Must NOT be set
00:00:01.694476 NEM:        Bit 30 = Must NOT be set
00:00:01.694498 NEM:        Bit 31 = Must NOT be set
00:00:01.694509 NEM:    VMX_VMCS32_CTRL_PROC_EXEC = (allowed_0=0x9500697a allowed_1=0xfdf9fffe)
00:00:01.694522 NEM:        Bit 00 = Must NOT be set
00:00:01.694553 NEM:        Bit 01 = MUST be set
00:00:01.694564 NEM:        Bit 02 = Can be set or not be set
00:00:01.694571 NEM:        Bit 03 = MUST be set
00:00:01.694577 NEM:        Bit 04 = MUST be set
00:00:01.694594 NEM:        Bit 05 = MUST be set
00:00:01.694600 NEM:        Bit 06 = MUST be set
00:00:01.694607 NEM:        Bit 07 = Can be set or not be set
00:00:01.694613 NEM:        Bit 08 = MUST be set
00:00:01.694630 NEM:        Bit 09 = Can be set or not be set
00:00:01.694637 NEM:        Bit 10 = Can be set or not be set
00:00:01.694643 NEM:        Bit 11 = MUST be set
00:00:01.694660 NEM:        Bit 12 = Can be set or not be set
00:00:01.694667 NEM:        Bit 13 = MUST be set
00:00:01.694673 NEM:        Bit 14 = MUST be set
00:00:01.694679 NEM:        Bit 15 = Can be set or not be set
00:00:01.694696 NEM:        Bit 16 = Can be set or not be set
00:00:01.694702 NEM:        Bit 17 = Must NOT be set
00:00:01.694708 NEM:        Bit 18 = Must NOT be set
00:00:01.694714 NEM:        Bit 19 = Can be set or not be set
00:00:01.694731 NEM:        Bit 20 = Can be set or not be set
00:00:01.694752 NEM:        Bit 21 = Can be set or not be set
00:00:01.694763 NEM:        Bit 22 = Can be set or not be set
00:00:01.694775 NEM:        Bit 23 = Can be set or not be set
00:00:01.694788 NEM:        Bit 24 = MUST be set
00:00:01.694802 NEM:        Bit 25 = Must NOT be set
00:00:01.694816 NEM:        Bit 26 = MUST be set
00:00:01.694829 NEM:        Bit 27 = Can be set or not be set
00:00:01.694843 NEM:        Bit 28 = MUST be set
00:00:01.694857 NEM:        Bit 29 = Can be set or not be set
00:00:01.694868 NEM:        Bit 30 = Can be set or not be set
00:00:01.694879 NEM:        Bit 31 = MUST be set
00:00:01.694893 NEM:    VMX_VMCS32_CTRL_EXCEPTION_BITMAP = (allowed_0=0x000000 allowed_1=0xffffffff)
00:00:01.694906 NEM:        Bit 00 = Can be set or not be set
00:00:01.694921 NEM:        Bit 01 = Can be set or not be set
00:00:01.694931 NEM:        Bit 02 = Can be set or not be set
00:00:01.694947 NEM:        Bit 03 = Can be set or not be set
00:00:01.694962 NEM:        Bit 04 = Can be set or not be set
00:00:01.694974 NEM:        Bit 05 = Can be set or not be set
00:00:01.694985 NEM:        Bit 06 = Can be set or not be set
00:00:01.695009 NEM:        Bit 07 = Can be set or not be set
00:00:01.695044 NEM:        Bit 08 = Can be set or not be set
00:00:01.695055 NEM:        Bit 09 = Can be set or not be set
00:00:01.695069 NEM:        Bit 10 = Can be set or not be set
00:00:01.695083 NEM:        Bit 11 = Can be set or not be set
00:00:01.695098 NEM:        Bit 12 = Can be set or not be set
00:00:01.695109 NEM:        Bit 13 = Can be set or not be set
00:00:01.695120 NEM:        Bit 14 = Can be set or not be set
00:00:01.695133 NEM:        Bit 15 = Can be set or not be set
00:00:01.695151 NEM:        Bit 16 = Can be set or not be set
00:00:01.695166 NEM:        Bit 17 = Can be set or not be set
00:00:01.695180 NEM:        Bit 18 = Can be set or not be set
00:00:01.695191 NEM:        Bit 19 = Can be set or not be set
00:00:01.695202 NEM:        Bit 20 = Can be set or not be set
00:00:01.695214 NEM:        Bit 21 = Can be set or not be set
00:00:01.695225 NEM:        Bit 22 = Can be set or not be set
00:00:01.695239 NEM:        Bit 23 = Can be set or not be set
00:00:01.695268 NEM:        Bit 24 = Can be set or not be set
00:00:01.695281 NEM:        Bit 25 = Can be set or not be set
00:00:01.695292 NEM:        Bit 26 = Can be set or not be set
00:00:01.695303 NEM:        Bit 27 = Can be set or not be set
00:00:01.695318 NEM:        Bit 28 = Can be set or not be set
00:00:01.695330 NEM:        Bit 29 = Can be set or not be set
00:00:01.695341 NEM:        Bit 30 = Can be set or not be set
00:00:01.695354 NEM:        Bit 31 = Can be set or not be set
00:00:01.695368 NEM:    VMX_VMCS32_CTRL_EXIT = (allowed_0=0x236fff allowed_1=0x737fff)
00:00:01.695380 NEM:        Bit 00 = MUST be set
00:00:01.695396 NEM:        Bit 01 = MUST be set
00:00:01.695412 NEM:        Bit 02 = MUST be set
00:00:01.695425 NEM:        Bit 03 = MUST be set
00:00:01.695442 NEM:        Bit 04 = MUST be set
00:00:01.695457 NEM:        Bit 05 = MUST be set
00:00:01.695470 NEM:        Bit 06 = MUST be set
00:00:01.695484 NEM:        Bit 07 = MUST be set
00:00:01.695496 NEM:        Bit 08 = MUST be set
00:00:01.695513 NEM:        Bit 09 = MUST be set
00:00:01.695528 NEM:        Bit 10 = MUST be set
00:00:01.695540 NEM:        Bit 11 = MUST be set
00:00:01.695557 NEM:        Bit 12 = Can be set or not be set
00:00:01.695568 NEM:        Bit 13 = MUST be set
00:00:01.695583 NEM:        Bit 14 = MUST be set
00:00:01.695597 NEM:        Bit 15 = Must NOT be set
00:00:01.695606 NEM:        Bit 16 = MUST be set
00:00:01.695619 NEM:        Bit 17 = MUST be set
00:00:01.695630 NEM:        Bit 18 = Must NOT be set
00:00:01.695640 NEM:        Bit 19 = Must NOT be set
00:00:01.695650 NEM:        Bit 20 = Can be set or not be set
00:00:01.695662 NEM:        Bit 21 = MUST be set
00:00:01.695674 NEM:        Bit 22 = Can be set or not be set
00:00:01.695686 NEM:        Bit 23 = Must NOT be set
00:00:01.695698 NEM:        Bit 24 = Must NOT be set
00:00:01.695709 NEM:        Bit 25 = Must NOT be set
00:00:01.695722 NEM:        Bit 26 = Must NOT be set
00:00:01.695735 NEM:        Bit 27 = Must NOT be set
00:00:01.695746 NEM:        Bit 28 = Must NOT be set
00:00:01.695758 NEM:        Bit 29 = Must NOT be set
00:00:01.695772 NEM:        Bit 30 = Must NOT be set
00:00:01.695783 NEM:        Bit 31 = Must NOT be set
00:00:01.695795 NEM:    VMX_VMCS32_CTRL_ENTRY = (allowed_0=0x0091ff allowed_1=0x00b3ff)
00:00:01.695809 NEM:        Bit 00 = MUST be set
00:00:01.695817 NEM:        Bit 01 = MUST be set
00:00:01.695830 NEM:        Bit 02 = MUST be set
00:00:01.695841 NEM:        Bit 03 = MUST be set
00:00:01.695854 NEM:        Bit 04 = MUST be set
00:00:01.695868 NEM:        Bit 05 = MUST be set
00:00:01.695879 NEM:        Bit 06 = MUST be set
00:00:01.695894 NEM:        Bit 07 = MUST be set
00:00:01.695904 NEM:        Bit 08 = MUST be set
00:00:01.695917 NEM:        Bit 09 = Can be set or not be set
00:00:01.695931 NEM:        Bit 10 = Must NOT be set
00:00:01.695944 NEM:        Bit 11 = Must NOT be set
00:00:01.695957 NEM:        Bit 12 = MUST be set
00:00:01.695970 NEM:        Bit 13 = Can be set or not be set
00:00:01.695983 NEM:        Bit 14 = Must NOT be set
00:00:01.695995 NEM:        Bit 15 = MUST be set
00:00:01.696007 NEM:        Bit 16 = Must NOT be set
00:00:01.696020 NEM:        Bit 17 = Must NOT be set
00:00:01.696031 NEM:        Bit 18 = Must NOT be set
00:00:01.696043 NEM:        Bit 19 = Must NOT be set
00:00:01.696052 NEM:        Bit 20 = Must NOT be set
00:00:01.696063 NEM:        Bit 21 = Must NOT be set
00:00:01.696075 NEM:        Bit 22 = Must NOT be set
00:00:01.696085 NEM:        Bit 23 = Must NOT be set
00:00:01.696098 NEM:        Bit 24 = Must NOT be set
00:00:01.696106 NEM:        Bit 25 = Must NOT be set
00:00:01.696118 NEM:        Bit 26 = Must NOT be set
00:00:01.696129 NEM:        Bit 27 = Must NOT be set
00:00:01.696141 NEM:        Bit 28 = Must NOT be set
00:00:01.696152 NEM:        Bit 29 = Must NOT be set
00:00:01.696160 NEM:        Bit 30 = Must NOT be set
00:00:01.696167 NEM:        Bit 31 = Must NOT be set
00:00:01.696173 NEM:    VMX_VMCS32_CTRL_PROC_EXEC2 = (allowed_0=0x0000a2 allowed_1=0x001cef)
00:00:01.696210 NEM:        Bit 00 = Can be set or not be set
00:00:01.696215 NEM:        Bit 01 = MUST be set
00:00:01.696232 NEM:        Bit 02 = Can be set or not be set
00:00:01.696242 NEM:        Bit 03 = Can be set or not be set
00:00:01.696251 NEM:        Bit 04 = Must NOT be set
00:00:01.696261 NEM:        Bit 05 = MUST be set
00:00:01.696269 NEM:        Bit 06 = Can be set or not be set
00:00:01.696284 NEM:        Bit 07 = MUST be set
00:00:01.696298 NEM:        Bit 08 = Must NOT be set
00:00:01.696305 NEM:        Bit 09 = Must NOT be set
00:00:01.696311 NEM:        Bit 10 = Can be set or not be set
00:00:01.696326 NEM:        Bit 11 = Can be set or not be set
00:00:01.696333 NEM:        Bit 12 = Can be set or not be set
00:00:01.696339 NEM:        Bit 13 = Must NOT be set
00:00:01.696345 NEM:        Bit 14 = Must NOT be set
00:00:01.696352 NEM:        Bit 15 = Must NOT be set
00:00:01.696358 NEM:        Bit 16 = Must NOT be set
00:00:01.696364 NEM:        Bit 17 = Must NOT be set
00:00:01.696389 NEM:        Bit 18 = Must NOT be set
00:00:01.696401 NEM:        Bit 19 = Must NOT be set
00:00:01.696415 NEM:        Bit 20 = Must NOT be set
00:00:01.696429 NEM:        Bit 21 = Must NOT be set
00:00:01.696444 NEM:        Bit 22 = Must NOT be set
00:00:01.696458 NEM:        Bit 23 = Must NOT be set
00:00:01.696471 NEM:        Bit 24 = Must NOT be set
00:00:01.696487 NEM:        Bit 25 = Must NOT be set
00:00:01.696502 NEM:        Bit 26 = Must NOT be set
00:00:01.696526 NEM:        Bit 27 = Must NOT be set
00:00:01.696547 NEM:        Bit 28 = Must NOT be set
00:00:01.696556 NEM:        Bit 29 = Must NOT be set
00:00:01.696564 NEM:        Bit 30 = Must NOT be set
00:00:01.696580 NEM:        Bit 31 = Must NOT be set
00:00:01.696591 NEM:    VMX_VMCS32_CTRL_PLE_GAP = (allowed_0=0x000000 allowed_1=0xffffffff)
00:00:01.696611 NEM:        Bit 00 = Can be set or not be set
00:00:01.696630 NEM:        Bit 01 = Can be set or not be set
00:00:01.696643 NEM:        Bit 02 = Can be set or not be set
00:00:01.696662 NEM:        Bit 03 = Can be set or not be set
00:00:01.696669 NEM:        Bit 04 = Can be set or not be set
00:00:01.696676 NEM:        Bit 05 = Can be set or not be set
00:00:01.696684 NEM:        Bit 06 = Can be set or not be set
00:00:01.696690 NEM:        Bit 07 = Can be set or not be set
00:00:01.696698 NEM:        Bit 08 = Can be set or not be set
00:00:01.696705 NEM:        Bit 09 = Can be set or not be set
00:00:01.696713 NEM:        Bit 10 = Can be set or not be set
00:00:01.696720 NEM:        Bit 11 = Can be set or not be set
00:00:01.696727 NEM:        Bit 12 = Can be set or not be set
00:00:01.696735 NEM:        Bit 13 = Can be set or not be set
00:00:01.696741 NEM:        Bit 14 = Can be set or not be set
00:00:01.696748 NEM:        Bit 15 = Can be set or not be set
00:00:01.696755 NEM:        Bit 16 = Can be set or not be set
00:00:01.696767 NEM:        Bit 17 = Can be set or not be set
00:00:01.696788 NEM:        Bit 18 = Can be set or not be set
00:00:01.696801 NEM:        Bit 19 = Can be set or not be set
00:00:01.696809 NEM:        Bit 20 = Can be set or not be set
00:00:01.696816 NEM:        Bit 21 = Can be set or not be set
00:00:01.696823 NEM:        Bit 22 = Can be set or not be set
00:00:01.696830 NEM:        Bit 23 = Can be set or not be set
00:00:01.696836 NEM:        Bit 24 = Can be set or not be set
00:00:01.696843 NEM:        Bit 25 = Can be set or not be set
00:00:01.696850 NEM:        Bit 26 = Can be set or not be set
00:00:01.696857 NEM:        Bit 27 = Can be set or not be set
00:00:01.696863 NEM:        Bit 28 = Can be set or not be set
00:00:01.696871 NEM:        Bit 29 = Can be set or not be set
00:00:01.696877 NEM:        Bit 30 = Can be set or not be set
00:00:01.696885 NEM:        Bit 31 = Can be set or not be set
00:00:01.696893 NEM:    VMX_VMCS32_CTRL_PLE_WINDOW = (allowed_0=0x000000 allowed_1=0xffffffff)
00:00:01.696902 NEM:        Bit 00 = Can be set or not be set
00:00:01.696909 NEM:        Bit 01 = Can be set or not be set
00:00:01.696913 NEM:        Bit 02 = Can be set or not be set
00:00:01.696938 NEM:        Bit 03 = Can be set or not be set
00:00:01.696943 NEM:        Bit 04 = Can be set or not be set
00:00:01.696947 NEM:        Bit 05 = Can be set or not be set
00:00:01.696952 NEM:        Bit 06 = Can be set or not be set
00:00:01.696956 NEM:        Bit 07 = Can be set or not be set
00:00:01.696960 NEM:        Bit 08 = Can be set or not be set
00:00:01.696965 NEM:        Bit 09 = Can be set or not be set
00:00:01.696969 NEM:        Bit 10 = Can be set or not be set
00:00:01.696973 NEM:        Bit 11 = Can be set or not be set
00:00:01.696978 NEM:        Bit 12 = Can be set or not be set
00:00:01.696982 NEM:        Bit 13 = Can be set or not be set
00:00:01.696990 NEM:        Bit 14 = Can be set or not be set
00:00:01.697006 NEM:        Bit 15 = Can be set or not be set
00:00:01.697024 NEM:        Bit 16 = Can be set or not be set
00:00:01.697034 NEM:        Bit 17 = Can be set or not be set
00:00:01.697058 NEM:        Bit 18 = Can be set or not be set
00:00:01.697065 NEM:        Bit 19 = Can be set or not be set
00:00:01.697073 NEM:        Bit 20 = Can be set or not be set
00:00:01.697080 NEM:        Bit 21 = Can be set or not be set
00:00:01.697087 NEM:        Bit 22 = Can be set or not be set
00:00:01.697094 NEM:        Bit 23 = Can be set or not be set
00:00:01.697101 NEM:        Bit 24 = Can be set or not be set
00:00:01.697109 NEM:        Bit 25 = Can be set or not be set
00:00:01.697115 NEM:        Bit 26 = Can be set or not be set
00:00:01.697122 NEM:        Bit 27 = Can be set or not be set
00:00:01.697129 NEM:        Bit 28 = Can be set or not be set
00:00:01.697136 NEM:        Bit 29 = Can be set or not be set
00:00:01.697142 NEM:        Bit 30 = Can be set or not be set
00:00:01.697150 NEM:        Bit 31 = Can be set or not be set
00:00:01.697158 NEM:    VMX_VMCS64_CTRL_TSC_OFFSET_FULL = (allowed_0=0xffffffffffffffff allowed_1=0x00000000000000)
00:00:01.697167 NEM:        Bit 00 = UNDEFINED (AppleHV error)!
00:00:01.697174 NEM:        Bit 01 = UNDEFINED (AppleHV error)!
00:00:01.697181 NEM:        Bit 02 = UNDEFINED (AppleHV error)!
00:00:01.697188 NEM:        Bit 03 = UNDEFINED (AppleHV error)!
00:00:01.697195 NEM:        Bit 04 = UNDEFINED (AppleHV error)!
00:00:01.697202 NEM:        Bit 05 = UNDEFINED (AppleHV error)!
00:00:01.697209 NEM:        Bit 06 = UNDEFINED (AppleHV error)!
00:00:01.697216 NEM:        Bit 07 = UNDEFINED (AppleHV error)!
00:00:01.697223 NEM:        Bit 08 = UNDEFINED (AppleHV error)!
00:00:01.697230 NEM:        Bit 09 = UNDEFINED (AppleHV error)!
00:00:01.697237 NEM:        Bit 10 = UNDEFINED (AppleHV error)!
00:00:01.697244 NEM:        Bit 11 = UNDEFINED (AppleHV error)!
00:00:01.697260 NEM:        Bit 12 = UNDEFINED (AppleHV error)!
00:00:01.697289 NEM:        Bit 13 = UNDEFINED (AppleHV error)!
00:00:01.697308 NEM:        Bit 14 = UNDEFINED (AppleHV error)!
00:00:01.697327 NEM:        Bit 15 = UNDEFINED (AppleHV error)!
00:00:01.697343 NEM:        Bit 16 = UNDEFINED (AppleHV error)!
00:00:01.697351 NEM:        Bit 17 = UNDEFINED (AppleHV error)!
00:00:01.697355 NEM:        Bit 18 = UNDEFINED (AppleHV error)!
00:00:01.697375 NEM:        Bit 19 = UNDEFINED (AppleHV error)!
00:00:01.697391 NEM:        Bit 20 = UNDEFINED (AppleHV error)!
00:00:01.697398 NEM:        Bit 21 = UNDEFINED (AppleHV error)!
00:00:01.697403 NEM:        Bit 22 = UNDEFINED (AppleHV error)!
00:00:01.697422 NEM:        Bit 23 = UNDEFINED (AppleHV error)!
00:00:01.697435 NEM:        Bit 24 = UNDEFINED (AppleHV error)!
00:00:01.697443 NEM:        Bit 25 = UNDEFINED (AppleHV error)!
00:00:01.697451 NEM:        Bit 26 = UNDEFINED (AppleHV error)!
00:00:01.697458 NEM:        Bit 27 = UNDEFINED (AppleHV error)!
00:00:01.697466 NEM:        Bit 28 = UNDEFINED (AppleHV error)!
00:00:01.697490 NEM:        Bit 29 = UNDEFINED (AppleHV error)!
00:00:01.697501 NEM:        Bit 30 = UNDEFINED (AppleHV error)!
00:00:01.697510 NEM:        Bit 31 = UNDEFINED (AppleHV error)!
00:00:01.697517 NEM:        Bit 32 = UNDEFINED (AppleHV error)!
00:00:01.697525 NEM:        Bit 33 = UNDEFINED (AppleHV error)!
00:00:01.697555 NEM:        Bit 34 = UNDEFINED (AppleHV error)!
00:00:01.697563 NEM:        Bit 35 = UNDEFINED (AppleHV error)!
00:00:01.697571 NEM:        Bit 36 = UNDEFINED (AppleHV error)!
00:00:01.697578 NEM:        Bit 37 = UNDEFINED (AppleHV error)!
00:00:01.697586 NEM:        Bit 38 = UNDEFINED (AppleHV error)!
00:00:01.697593 NEM:        Bit 39 = UNDEFINED (AppleHV error)!
00:00:01.697601 NEM:        Bit 40 = UNDEFINED (AppleHV error)!
00:00:01.697609 NEM:        Bit 41 = UNDEFINED (AppleHV error)!
00:00:01.697616 NEM:        Bit 42 = UNDEFINED (AppleHV error)!
00:00:01.697624 NEM:        Bit 43 = UNDEFINED (AppleHV error)!
00:00:01.697629 NEM:        Bit 44 = UNDEFINED (AppleHV error)!
00:00:01.697634 NEM:        Bit 45 = UNDEFINED (AppleHV error)!
00:00:01.697638 NEM:        Bit 46 = UNDEFINED (AppleHV error)!
00:00:01.697643 NEM:        Bit 47 = UNDEFINED (AppleHV error)!
00:00:01.697647 NEM:        Bit 48 = UNDEFINED (AppleHV error)!
00:00:01.697654 NEM:        Bit 49 = UNDEFINED (AppleHV error)!
00:00:01.697662 NEM:        Bit 50 = UNDEFINED (AppleHV error)!
00:00:01.697669 NEM:        Bit 51 = UNDEFINED (AppleHV error)!
00:00:01.697677 NEM:        Bit 52 = UNDEFINED (AppleHV error)!
00:00:01.697684 NEM:        Bit 53 = UNDEFINED (AppleHV error)!
00:00:01.697691 NEM:        Bit 54 = UNDEFINED (AppleHV error)!
00:00:01.697695 NEM:        Bit 55 = UNDEFINED (AppleHV error)!
00:00:01.697699 NEM:        Bit 56 = UNDEFINED (AppleHV error)!
00:00:01.697704 NEM:        Bit 57 = UNDEFINED (AppleHV error)!
00:00:01.697708 NEM:        Bit 58 = UNDEFINED (AppleHV error)!
00:00:01.697713 NEM:        Bit 59 = UNDEFINED (AppleHV error)!
00:00:01.697720 NEM:        Bit 60 = UNDEFINED (AppleHV error)!
00:00:01.697728 NEM:        Bit 61 = UNDEFINED (AppleHV error)!
00:00:01.697735 NEM:        Bit 62 = UNDEFINED (AppleHV error)!
00:00:01.697743 NEM:        Bit 63 = UNDEFINED (AppleHV error)!
00:00:01.697751 NEM:    VMX_VMCS64_GUEST_DEBUGCTL_FULL = (allowed_0=0xffffffffffffffff allowed_1=0x00000000001803)
00:00:01.697757 NEM:        Bit 00 = MUST be set
00:00:01.697762 NEM:        Bit 01 = MUST be set
00:00:01.697767 NEM:        Bit 02 = UNDEFINED (AppleHV error)!
00:00:01.697773 NEM:        Bit 03 = UNDEFINED (AppleHV error)!
00:00:01.697779 NEM:        Bit 04 = UNDEFINED (AppleHV error)!
00:00:01.697784 NEM:        Bit 05 = UNDEFINED (AppleHV error)!
00:00:01.697790 NEM:        Bit 06 = UNDEFINED (AppleHV error)!
00:00:01.697797 NEM:        Bit 07 = UNDEFINED (AppleHV error)!
00:00:01.697804 NEM:        Bit 08 = UNDEFINED (AppleHV error)!
00:00:01.697811 NEM:        Bit 09 = UNDEFINED (AppleHV error)!
00:00:01.697818 NEM:        Bit 10 = UNDEFINED (AppleHV error)!
00:00:01.697825 NEM:        Bit 11 = MUST be set
00:00:01.697831 NEM:        Bit 12 = MUST be set
00:00:01.697839 NEM:        Bit 13 = UNDEFINED (AppleHV error)!
00:00:01.697846 NEM:        Bit 14 = UNDEFINED (AppleHV error)!
00:00:01.697852 NEM:        Bit 15 = UNDEFINED (AppleHV error)!
00:00:01.697859 NEM:        Bit 16 = UNDEFINED (AppleHV error)!
00:00:01.697866 NEM:        Bit 17 = UNDEFINED (AppleHV error)!
00:00:01.697873 NEM:        Bit 18 = UNDEFINED (AppleHV error)!
00:00:01.697880 NEM:        Bit 19 = UNDEFINED (AppleHV error)!
00:00:01.697887 NEM:        Bit 20 = UNDEFINED (AppleHV error)!
00:00:01.697895 NEM:        Bit 21 = UNDEFINED (AppleHV error)!
00:00:01.697902 NEM:        Bit 22 = UNDEFINED (AppleHV error)!
00:00:01.697909 NEM:        Bit 23 = UNDEFINED (AppleHV error)!
00:00:01.697916 NEM:        Bit 24 = UNDEFINED (AppleHV error)!
00:00:01.697923 NEM:        Bit 25 = UNDEFINED (AppleHV error)!
00:00:01.697930 NEM:        Bit 26 = UNDEFINED (AppleHV error)!
00:00:01.697937 NEM:        Bit 27 = UNDEFINED (AppleHV error)!
00:00:01.697944 NEM:        Bit 28 = UNDEFINED (AppleHV error)!
00:00:01.697951 NEM:        Bit 29 = UNDEFINED (AppleHV error)!
00:00:01.697957 NEM:        Bit 30 = UNDEFINED (AppleHV error)!
00:00:01.697964 NEM:        Bit 31 = UNDEFINED (AppleHV error)!
00:00:01.697972 NEM:        Bit 32 = UNDEFINED (AppleHV error)!
00:00:01.697998 NEM:        Bit 33 = UNDEFINED (AppleHV error)!
00:00:01.698006 NEM:        Bit 34 = UNDEFINED (AppleHV error)!
00:00:01.698013 NEM:        Bit 35 = UNDEFINED (AppleHV error)!
00:00:01.698020 NEM:        Bit 36 = UNDEFINED (AppleHV error)!
00:00:01.698027 NEM:        Bit 37 = UNDEFINED (AppleHV error)!
00:00:01.698034 NEM:        Bit 38 = UNDEFINED (AppleHV error)!
00:00:01.698041 NEM:        Bit 39 = UNDEFINED (AppleHV error)!
00:00:01.698048 NEM:        Bit 40 = UNDEFINED (AppleHV error)!
00:00:01.698055 NEM:        Bit 41 = UNDEFINED (AppleHV error)!
00:00:01.698062 NEM:        Bit 42 = UNDEFINED (AppleHV error)!
00:00:01.698078 NEM:        Bit 43 = UNDEFINED (AppleHV error)!
00:00:01.698085 NEM:        Bit 44 = UNDEFINED (AppleHV error)!
00:00:01.698091 NEM:        Bit 45 = UNDEFINED (AppleHV error)!
00:00:01.698098 NEM:        Bit 46 = UNDEFINED (AppleHV error)!
00:00:01.698105 NEM:        Bit 47 = UNDEFINED (AppleHV error)!
00:00:01.698112 NEM:        Bit 48 = UNDEFINED (AppleHV error)!
00:00:01.698118 NEM:        Bit 49 = UNDEFINED (AppleHV error)!
00:00:01.698125 NEM:        Bit 50 = UNDEFINED (AppleHV error)!
00:00:01.698132 NEM:        Bit 51 = UNDEFINED (AppleHV error)!
00:00:01.698139 NEM:        Bit 52 = UNDEFINED (AppleHV error)!
00:00:01.698146 NEM:        Bit 53 = UNDEFINED (AppleHV error)!
00:00:01.698153 NEM:        Bit 54 = UNDEFINED (AppleHV error)!
00:00:01.698160 NEM:        Bit 55 = UNDEFINED (AppleHV error)!
00:00:01.698166 NEM:        Bit 56 = UNDEFINED (AppleHV error)!
00:00:01.698173 NEM:        Bit 57 = UNDEFINED (AppleHV error)!
00:00:01.698180 NEM:        Bit 58 = UNDEFINED (AppleHV error)!
00:00:01.698187 NEM:        Bit 59 = UNDEFINED (AppleHV error)!
00:00:01.698194 NEM:        Bit 60 = UNDEFINED (AppleHV error)!
00:00:01.698201 NEM:        Bit 61 = UNDEFINED (AppleHV error)!
00:00:01.698208 NEM:        Bit 62 = UNDEFINED (AppleHV error)!
00:00:01.698216 NEM:        Bit 63 = UNDEFINED (AppleHV error)!
00:00:01.698620 PGM: Host paging mode: AMD64+PGE+NX
00:00:01.698646 PGM: PGMPool: cMaxPages=1280 (u64MaxPages=1058)
00:00:01.698664 PGM: pgmR3PoolInit: cMaxPages=0x500 cMaxUsers=0xa00 cMaxPhysExts=0xa00 fCacheEnable=true
00:00:01.766283 ERROR [COM]: aRC=VBOX_E_IPRT_ERROR (0x80bb0005) aIID={6ac83d89-6ee7-4e33-8ae6-b257b2e81be8} aComponent={ConsoleWrap} aText={The VBoxGuestPropSvc service call failed with the error VERR_HGCM_SERVICE_NOT_FOUND}, preserve=false aResultDetail=-2900
00:00:03.139382 TM: NEM overrides the /TM/TSCModeSwitchAllowed setting.
00:00:03.331689 TM:     cTSCTicksPerSecond=2 614 522 158 (0x9bd6712e) enmTSCMode=4 (NativeApi)
00:00:03.331701 TM: cTSCTicksPerSecondHost=2 614 522 158 (0x9bd6712e)
00:00:03.331704 TM: TSCTiedToExecution=false TSCNotTiedToHalt=false
00:00:03.332803 EMR3Init: fIemExecutesAll=false fGuruOnTripleFault=true
00:00:03.333927 IEM: TargetCpu=CURRENT, Microarch=Intel_Core7_Haswell aidxTargetCpuEflFlavour={1,0}
00:00:03.334938 GIM: Using provider 'KVM' (Implementation version: 0)
00:00:03.335080 CPUM: SetGuestCpuIdFeature: Enabled Hypervisor Present bit
00:00:03.335186 GCM: Initialized (fixer bits: 0x0)
00:00:03.335666 AIOMgr: Default manager type is 'Async'
00:00:03.335863 AIOMgr: Default file backend is 'NonBuffered'
00:00:03.336155 BlkCache: Cache successfully initialized. Cache size is 5242880 bytes
00:00:03.336237 BlkCache: Cache commit interval is 10000 ms
00:00:03.336265 BlkCache: Cache commit threshold is 2621440 bytes
00:00:03.370106 PcBios: [SMP] BIOS with 2 CPUs
00:00:03.370234 PcBios: Using the 386+ BIOS image.
00:00:03.370683 PcBios: MPS table at 000e1300
00:00:03.371087 PcBios: fCheckShutdownStatusForSoftReset=true  fClearShutdownStatusOnHardReset=true
00:00:03.371390 CPUM: SetGuestCpuIdFeature: Enabled xAPIC
00:00:03.371404 CPUM: SetGuestCpuIdFeature: Enabled x2APIC
00:00:03.372421 IOAPIC: Version=2.0 ChipType=ICH9
00:00:03.372506 PIT: mode=3 count=0x10000 (65536) - 18.20 Hz (ch=0)
00:00:03.372782 VMMDev: cbDefaultBudget: 357 913 941 (15555555)
00:00:03.379108 Shared Folders service loaded
00:00:03.381540 Guest Control service loaded
00:00:03.398425 VGA: Using the 386+ BIOS image.
00:00:03.404599 DrvVD: Flushes will be ignored
00:00:03.404639 DrvVD: Async flushes will be passed to the disk
00:00:03.408500 VD: VDInit finished with VINF_SUCCESS
00:00:03.408900 AIOMgr: Endpoint for file '/Users/lina/VirtualBox VMs/database-server/database-server.vdi' (flags 000c0723) created successfully
00:00:03.409345 VD: Opening the disk took 1232609 ns
00:00:03.409558 AHCI: LUN#0: disk, PCHS=16383/16/63, total number of sectors 31457280
00:00:03.409769 AHCI#0: Reset the HBA
00:00:03.409783 VD#0: Cancelling all active requests
00:00:03.411634 PIIX3 ATA: LUN#0: no unit
00:00:03.411721 PIIX3 ATA: LUN#1: no unit
00:00:03.411810 DrvVD: Flushes will be ignored
00:00:03.411827 DrvVD: Async flushes will be passed to the disk
00:00:03.411902 PIIX3 ATA: LUN#2: CD/DVD, total number of sectors 0, passthrough disabled
00:00:03.412029 PIIX3 ATA: LUN#3: no unit
00:00:03.412151 PIIX3 ATA: Ctl#1: finished processing RESET
00:00:03.412175 PIIX3 ATA: Ctl#0: finished processing RESET
00:00:03.412318 E1000#0: Chip=82540EM LinkUpDelay=5000ms EthernetCRC=on GSO=enabled Itr=disabled ItrRx=enabled TID=disabled R0=disabled RC=disabled
00:00:03.412697 VMNet: Bridge to en0
00:00:03.512733 VMNet: Max packet size is 1514
00:00:03.513014 AC97: Using codec 'AD1980'
00:00:03.513577 Audio: Initializing Core Audio driver
00:00:03.542761 CoreAudio: Default output device: 52 (was 0), ID 'AppleHDAEngineOutput:1B,0,1,1:0'
00:00:03.542907 CoreAudio: Default input device: 45 (was 0), ID 'AppleHDAEngineInput:1B,0,1,0:1'
00:00:03.547521 Audio: Found 2 devices for driver 'Core Audio'
00:00:03.547555 Audio: Device 'Built-in Microphone':
00:00:03.547556 Audio:   ID              = AppleHDAEngineInput:1B,0,1,0:1
00:00:03.547556 Audio:   Usage           = input
00:00:03.547557 Audio:   Flags           = DEFAULT_IN NAME_ALLOC ID_ALLOC
00:00:03.547558 Audio:   Input channels  = 2
00:00:03.547559 Audio:   Output channels = 0
00:00:03.547570 Audio: Device 'Built-in Output':
00:00:03.547571 Audio:   ID              = AppleHDAEngineOutput:1B,0,1,1:0
00:00:03.547571 Audio:   Usage           = output
00:00:03.547572 Audio:   Flags           = DEFAULT_OUT NAME_ALLOC ID_ALLOC
00:00:03.547572 Audio:   Input channels  = 0
00:00:03.547573 Audio:   Output channels = 2
00:00:03.547768 AC97: Reset
00:00:03.547779 AC97: Mixer reset (EAID=0x809, EACS=0x9)
00:00:03.547784 AC97: Record select to left=mic, right=mic
00:00:03.549157 VUSB: Attached 'HidMouse' to port 1 on RootHub#1 (FullSpeed)
00:00:03.549189 PGM: The CPU physical address width is 39 bits
00:00:03.549198 PGM: PGMR3InitFinalize: 4 MB PSE mask 0000007fffffffff -> VINF_SUCCESS
00:00:03.549210 TM: TMR3InitFinalize: fTSCModeSwitchAllowed=false
00:00:03.549424 EM: Exit history optimizations: enabled=true enabled-r0=true enabled-r0-no-preemption=false
00:00:03.549513 PcBios: SATA LUN#0 LCHS=1024/255/63
00:00:03.549538 APIC: fPostedIntrsEnabled=false fVirtApicRegsEnabled=false fSupportsTscDeadline=false
00:00:03.549559 TMR3UtcNow: nsNow=1 701 417 624 868 462 000 nsPrev=0 -> cNsDelta=1 701 417 624 868 462 000 (offLag=0 offVirtualSync=0 offVirtualSyncGivenUp=0, NowAgain=1 701 417 624 868 462 000)
00:00:03.549575 VMM: fUsePeriodicPreemptionTimers=true
00:00:03.549826 CPUM: Logical host processors: 4 present, 4 max, 4 online, online mask: 000000000000000f
00:00:03.549834 CPUM: Physical host cores: 2
00:00:03.549834 ************************* CPUID dump ************************
00:00:03.549847          Raw Standard CPUID Leaves
00:00:03.549848      Leaf/sub-leaf  eax      ebx      ecx      edx
00:00:03.549848 Gst: 00000000/0000  0000000d 756e6547 6c65746e 49656e69
00:00:03.549851 Hst:                0000000d 756e6547 6c65746e 49656e69
00:00:03.549852 Gst: 00000001/0000  00040651 00020800 d6fa2203 178bfbff
00:00:03.549854 Hst:                00040651 01100800 7ffafbbf bfebfbff
00:00:03.549855 Gst: 00000002/0000  76036301 00f0b5ff 00000000 00c10000
00:00:03.549857 Hst:                76036301 00f0b5ff 00000000 00c10000
00:00:03.549858 Gst: 00000003/0000  00000000 00000000 00000000 00000000
00:00:03.549859 Hst:                00000000 00000000 00000000 00000000
00:00:03.549860 Gst: 00000004/0000  04000121 01c0003f 0000003f 00000000
00:00:03.549862 Hst:                1c004121 01c0003f 0000003f 00000000
00:00:03.549863 Gst: 00000004/0001  04000122 01c0003f 0000003f 00000000
00:00:03.549864 Hst:                1c004122 01c0003f 0000003f 00000000
00:00:03.549865 Gst: 00000004/0002  04000143 01c0003f 000001ff 00000000
00:00:03.549867 Hst:                1c004143 01c0003f 000001ff 00000000
00:00:03.549868 Gst: 00000004/0003  04000163 02c0003f 00000fff 00000006
00:00:03.549869 Hst:                1c03c163 02c0003f 00000fff 00000006
00:00:03.549870 Gst: 00000004/0004  04000000 00000000 00000000 00000000
00:00:03.549871 Hst:                00000000 00000000 00000000 00000000
00:00:03.549873 Gst: 00000005/0000  00000000 00000000 00000000 00000000
00:00:03.549874 Hst:                00000040 00000040 00000003 11142120
00:00:03.549875 Gst: 00000006/0000  00000000 00000000 00000000 00000000
00:00:03.549876 Hst:                00000077 00000002 00000009 00000000
00:00:03.549877 Gst: 00000007/0000  00000000 00002529 00000000 10000400
00:00:03.549879 Hst:                00000000 000027ab 00000000 9c000600
00:00:03.549880 Gst: 00000007/0001  00000000 00000000 00000000 00000000
00:00:03.549881 Hst:                00000000 00000000 00000000 00000000
00:00:03.549882 Gst: 00000008/0000  00000000 00000000 00000000 00000000
00:00:03.549883 Hst:                00000000 00000000 00000000 00000000
00:00:03.549884 Gst: 00000009/0000  00000000 00000000 00000000 00000000
00:00:03.549886 Hst:                00000000 00000000 00000000 00000000
00:00:03.549887 Gst: 0000000a/0000  00000000 00000000 00000000 00000000
00:00:03.549888 Hst:                07300403 00000000 00000000 00000603
00:00:03.549889 Gst: 0000000b/0000  00000000 00000001 00000100 00000000
00:00:03.549891 Hst:                00000001 00000002 00000100 00000001
00:00:03.549892 Gst: 0000000b/0001  00000001 00000002 00000201 00000000
00:00:03.549893 Hst:                00000004 00000004 00000201 00000001
00:00:03.549894 Gst: 0000000b/0002  00000000 00000000 00000002 00000000
00:00:03.549896 Hst:                00000000 00000000 00000002 00000001
00:00:03.549897 Gst: 0000000c/0000  00000000 00000000 00000000 00000000
00:00:03.549898 Hst:                00000000 00000000 00000000 00000000
00:00:03.549899 Gst: 0000000d/0000  00000007 00000340 00000340 00000000
00:00:03.549901 Hst:                00000007 00000340 00000340 00000000
00:00:03.549902 Gst: 0000000d/0001  00000000 00000000 00000000 00000000
00:00:03.549904 Hst:                00000001 00000000 00000000 00000000
00:00:03.549905 Gst: 0000000d/0002  00000100 00000240 00000000 00000000
00:00:03.549906 Hst:                00000100 00000240 00000000 00000000
00:00:03.549907 Gst: 0000000d/0003  00000000 00000000 00000000 00000000
00:00:03.549909 Hst:                00000000 00000000 00000000 00000000
00:00:03.549926                                Name: GenuineIntel
00:00:03.549928                            Supports: 0x00000000-0x0000000d
00:00:03.549930                              Family:  6 	Extended: 0 	Effective: 6
00:00:03.549932                               Model:  5 	Extended: 4 	Effective: 69
00:00:03.549935                            Stepping: 1
00:00:03.549936                                Type: 0 (primary)
00:00:03.549938                             APIC ID: 0x00
00:00:03.549939                        Logical CPUs: 2
00:00:03.549941                        CLFLUSH Size: 8
00:00:03.549942                            Brand ID: 0x00
00:00:03.549943 Features
00:00:03.549944   Mnemonic - Description                                  = guest (host)
00:00:03.549945   FPU - x87 FPU on Chip                                   = 1 (1)
00:00:03.549948   VME - Virtual 8086 Mode Enhancements                    = 1 (1)
00:00:03.549949   DE - Debugging extensions                               = 1 (1)
00:00:03.549951   PSE - Page Size Extension                               = 1 (1)
00:00:03.549953   TSC - Time Stamp Counter                                = 1 (1)
00:00:03.549955   MSR - Model Specific Registers                          = 1 (1)
00:00:03.549957   PAE - Physical Address Extension                        = 1 (1)
00:00:03.549959   MCE - Machine Check Exception                           = 1 (1)
00:00:03.549961   CX8 - CMPXCHG8B instruction                             = 1 (1)
00:00:03.549963   APIC - APIC On-Chip                                     = 1 (1)
00:00:03.549965   SEP - SYSENTER and SYSEXIT Present                      = 1 (1)
00:00:03.549966   MTRR - Memory Type Range Registers                      = 1 (1)
00:00:03.549968   PGE - PTE Global Bit                                    = 1 (1)
00:00:03.549970   MCA - Machine Check Architecture                        = 1 (1)
00:00:03.549972   CMOV - Conditional Move instructions                    = 1 (1)
00:00:03.549973   PAT - Page Attribute Table                              = 1 (1)
00:00:03.549975   PSE-36 - 36-bit Page Size Extension                     = 1 (1)
00:00:03.549977   PSN - Processor Serial Number                           = 0 (0)
00:00:03.549978   CLFSH - CLFLUSH instruction                             = 1 (1)
00:00:03.549980   DS - Debug Store                                        = 0 (1)
00:00:03.549982   ACPI - Thermal Mon. & Soft. Clock Ctrl.                 = 0 (1)
00:00:03.549984   MMX - Intel MMX Technology                              = 1 (1)
00:00:03.549986   FXSR - FXSAVE and FXRSTOR instructions                  = 1 (1)
00:00:03.549987   SSE - SSE support                                       = 1 (1)
00:00:03.549989   SSE2 - SSE2 support                                     = 1 (1)
00:00:03.549991   SS - Self Snoop                                         = 0 (1)
00:00:03.549993   HTT - Hyper-Threading Technology                        = 1 (1)
00:00:03.549994   TM - Therm. Monitor                                     = 0 (1)
00:00:03.549996   PBE - Pending Break Enabled                             = 0 (1)
00:00:03.549998   SSE3 - SSE3 support                                     = 1 (1)
00:00:03.549999   PCLMUL - PCLMULQDQ support (for AES-GCM)                = 1 (1)
00:00:03.550001   DTES64 - DS Area 64-bit Layout                          = 0 (1)
00:00:03.550002   MONITOR - MONITOR/MWAIT instructions                    = 0 (1)
00:00:03.550003   CPL-DS - CPL Qualified Debug Store                      = 0 (1)
00:00:03.550005   VMX - Virtual Machine Extensions                        = 0 (1)
00:00:03.550006   SMX - Safer Mode Extensions                             = 0 (0)
00:00:03.550008   EST - Enhanced SpeedStep Technology                     = 0 (1)
00:00:03.550009   TM2 - Terminal Monitor 2                                = 0 (1)
00:00:03.550011   SSSE3 - Supplemental Streaming SIMD Extensions 3        = 1 (1)
00:00:03.550012   CNTX-ID - L1 Context ID                                 = 0 (0)
00:00:03.550013   SDBG - Silicon Debug interface                          = 0 (1)
00:00:03.550015   FMA - Fused Multiply Add extensions                     = 0 (1)
00:00:03.550016   CX16 - CMPXCHG16B instruction                           = 1 (1)
00:00:03.550018   TPRUPDATE - xTPR Update Control                         = 0 (1)
00:00:03.550019   PDCM - Perf/Debug Capability MSR                        = 0 (1)
00:00:03.550021   PCID - Process Context Identifiers                      = 1 (1)
00:00:03.550023   DCA - Direct Cache Access                               = 0 (0)
00:00:03.550025   SSE4_1 - SSE4_1 support                                 = 1 (1)
00:00:03.550026   SSE4_2 - SSE4_2 support                                 = 1 (1)
00:00:03.550028   X2APIC - x2APIC support                                 = 1 (1)
00:00:03.550030   MOVBE - MOVBE instruction                               = 1 (1)
00:00:03.550032   POPCNT - POPCNT instruction                             = 1 (1)
00:00:03.550034   TSCDEADL - Time Stamp Counter Deadline                  = 0 (1)
00:00:03.550036   AES - AES instructions                                  = 1 (1)
00:00:03.550038   XSAVE - XSAVE instruction                               = 1 (1)
00:00:03.550040   OSXSAVE - OSXSAVE instruction                           = 0 (1)
00:00:03.550041   AVX - AVX support                                       = 1 (1)
00:00:03.550044   F16C - 16-bit floating point conversion instructions    = 0 (1)
00:00:03.550045   RDRAND - RDRAND instruction                             = 1 (1)
00:00:03.550047   HVP - Hypervisor Present (we're a guest)                = 1 (0)
00:00:03.550049 Structured Extended Feature Flags Enumeration (leaf 7):
00:00:03.550049   Mnemonic - Description                                  = guest (host)
00:00:03.550050   FSGSBASE - RDFSBASE/RDGSBASE/WRFSBASE/WRGSBASE instr.   = 1 (1)
00:00:03.550051   TSCADJUST - Supports MSR_IA32_TSC_ADJUST                = 0 (1)
00:00:03.550052   SGX - Supports Software Guard Extensions                = 0 (0)
00:00:03.550053   BMI1 - Advanced Bit Manipulation extension 1            = 1 (1)
00:00:03.550054   HLE - Hardware Lock Elision                             = 0 (0)
00:00:03.550056   AVX2 - Advanced Vector Extensions 2                     = 1 (1)
00:00:03.550058   FDP_EXCPTN_ONLY - FPU DP only updated on exceptions     = 0 (0)
00:00:03.550059   SMEP - Supervisor Mode Execution Prevention             = 0 (1)
00:00:03.550060   BMI2 - Advanced Bit Manipulation extension 2            = 1 (1)
00:00:03.550062   ERMS - Enhanced REP MOVSB/STOSB instructions            = 0 (1)
00:00:03.550063   INVPCID - INVPCID instruction                           = 1 (1)
00:00:03.550065   RTM - Restricted Transactional Memory                   = 0 (0)
00:00:03.550072   PQM - Platform Quality of Service Monitoring            = 0 (0)
00:00:03.550073   DEPFPU_CS_DS - Deprecates FPU CS, FPU DS values if set  = 1 (1)
00:00:03.550074   MPE - Intel Memory Protection Extensions                = 0 (0)
00:00:03.550075   PQE - Platform Quality of Service Enforcement           = 0 (0)
00:00:03.550077   AVX512F - AVX512 Foundation instructions                = 0 (0)
00:00:03.550078   RDSEED - RDSEED instruction                             = 0 (0)
00:00:03.550080   ADX - ADCX/ADOX instructions                            = 0 (0)
00:00:03.550082   SMAP - Supervisor Mode Access Prevention                = 0 (0)
00:00:03.550084   CLFLUSHOPT - CLFLUSHOPT (Cache Line Flush) instruction  = 0 (0)
00:00:03.550084   CLWB - CLWB instruction                                 = 0 (0)
00:00:03.550086   INTEL_PT - Intel Processor Trace                        = 0 (0)
00:00:03.550088   AVX512PF - AVX512 Prefetch instructions                 = 0 (0)
00:00:03.550089   AVX512ER - AVX512 Exponential & Reciprocal instructions = 0 (0)
00:00:03.550090   AVX512CD - AVX512 Conflict Detection instructions       = 0 (0)
00:00:03.550091   SHA - Secure Hash Algorithm extensions                  = 0 (0)
00:00:03.550093   PREFETCHWT1 - PREFETCHWT1 instruction                   = 0 (0)
00:00:03.550094   UMIP - User mode insturction prevention                 = 0 (0)
00:00:03.550096   PKU - Protection Key for Usermode pages                 = 0 (0)
00:00:03.550097   OSPKE - CR4.PKU mirror                                  = 0 (0)
00:00:03.550099   MAWAU - Value used by BNDLDX & BNDSTX                   = 0x0 (0x0)
00:00:03.550101   RDPID - Read processor ID support                       = 0 (0)
00:00:03.550102   SGX_LC - Supports SGX Launch Configuration              = 0 (0)
00:00:03.550104    9 - Reserved                                           = 0 (1)
00:00:03.550106   MD_CLEAR - Supports MDS related buffer clearing         = 1 (1)
00:00:03.550107   IBRS_IBPB - IA32_SPEC_CTRL.IBRS and IA32_PRED_CMD.IBPB  = 0 (1)
00:00:03.550109   STIBP - Supports IA32_SPEC_CTRL.STIBP                   = 0 (1)
00:00:03.550110   FLUSH_CMD - Supports IA32_FLUSH_CMD                     = 1 (1)
00:00:03.550112   ARCHCAP - Supports IA32_ARCH_CAP                        = 0 (0)
00:00:03.550114   CORECAP - Supports IA32_CORE_CAP                        = 0 (0)
00:00:03.550115   SSBD - Supports IA32_SPEC_CTRL.SSBD                     = 0 (1)
00:00:03.550118 Processor Extended State Enumeration (leaf 0xd):
00:00:03.550118    XSAVE area cur/max size by XCR0, guest: 0x340/0x340
00:00:03.550120     XSAVE area cur/max size by XCR0, host: 0x340/0x340
00:00:03.550121                    Valid XCR0 bits, guest: 0x00000000`00000007 ( x87 SSE YMM_Hi128 )
00:00:03.550127                     Valid XCR0 bits, host: 0x00000000`00000007 ( x87 SSE YMM_Hi128 )
00:00:03.550130                     XSAVE features, guest:
00:00:03.550132                      XSAVE features, host: XSAVEOPT
00:00:03.550133       XSAVE area cur size XCR0|XSS, guest: 0x0
00:00:03.550134        XSAVE area cur size XCR0|XSS, host: 0x0
00:00:03.550135                Valid IA32_XSS bits, guest: 0x00000000`00000000
00:00:03.550137                 Valid IA32_XSS bits, host: 0x00000000`00000000
00:00:03.550138   State #2, guest: off=0x0240, cb=0x0100 IA32_XSS-bit -- YMM_Hi128
00:00:03.550141   State #2, host:  off=0x0240, cb=0x0100 IA32_XSS-bit -- YMM_Hi128
00:00:03.550151          Raw Hypervisor CPUID Leaves
00:00:03.550151      Leaf/sub-leaf  eax      ebx      ecx      edx
00:00:03.550152 Gst: 40000000/0000  40000001 4b4d564b 564b4d56 0000004d
00:00:03.550154 Hst:                00000007 00000340 00000340 00000000
00:00:03.550155 Gst: 40000001/0000  01000089 00000000 00000000 00000000
00:00:03.550156 Hst:                00000007 00000340 00000340 00000000
00:00:03.550157          Raw Extended CPUID Leaves
00:00:03.550158      Leaf/sub-leaf  eax      ebx      ecx      edx
00:00:03.550158 Gst: 80000000/0000  80000008 00000000 00000000 00000000
00:00:03.550160 Hst:                80000008 00000000 00000000 00000000
00:00:03.550161 Gst: 80000001/0000  00000000 00000000 00000021 28100800
00:00:03.550162 Hst:                00000000 00000000 00000021 2c100800
00:00:03.550164 Gst: 80000002/0000  65746e49 2952286c 726f4320 4d542865
00:00:03.550165 Hst:                65746e49 2952286c 726f4320 4d542865
00:00:03.550167 Gst: 80000003/0000  35692029 3732342d 43205538 40205550
00:00:03.550168 Hst:                35692029 3732342d 43205538 40205550
00:00:03.550170 Gst: 80000004/0000  362e3220 7a484730 00000000 00000000
00:00:03.550171 Hst:                362e3220 7a484730 00000000 00000000
00:00:03.550173 Gst: 80000005/0000  00000000 00000000 00000000 00000000
00:00:03.550174 Hst:                00000000 00000000 00000000 00000000
00:00:03.550175 Gst: 80000006/0000  00000000 00000000 01006040 00000000
00:00:03.550176 Hst:                00000000 00000000 01006040 00000000
00:00:03.550177 Gst: 80000007/0000  00000000 00000000 00000000 00000100
00:00:03.550179 Hst:                00000000 00000000 00000000 00000100
00:00:03.550182 Gst: 80000008/0000  00003027 00000000 00000000 00000000
00:00:03.550184 Hst:                00003027 00000000 00000000 00000000
00:00:03.550185 Ext Name:                        
00:00:03.550185 Ext Supports:                    0x80000000-0x80000008
00:00:03.550186 Family:                          0  	Extended: 0 	Effective: 0
00:00:03.550187 Model:                           0  	Extended: 0 	Effective: 0
00:00:03.550188 Stepping:                        0
00:00:03.550189 Brand ID:                        0x000
00:00:03.550189 Ext Features
00:00:03.550190   Mnemonic - Description                                  = guest (host)
00:00:03.550191   FPU - x87 FPU on Chip                                   = 0 (0)
00:00:03.550193   VME - Virtual 8086 Mode Enhancements                    = 0 (0)
00:00:03.550194   DE - Debugging extensions                               = 0 (0)
00:00:03.550196   PSE - Page Size Extension                               = 0 (0)
00:00:03.550198   TSC - Time Stamp Counter                                = 0 (0)
00:00:03.550199   MSR - K86 Model Specific Registers                      = 0 (0)
00:00:03.550201   PAE - Physical Address Extension                        = 0 (0)
00:00:03.550202   MCE - Machine Check Exception                           = 0 (0)
00:00:03.550204   CX8 - CMPXCHG8B instruction                             = 0 (0)
00:00:03.550205   APIC - APIC On-Chip                                     = 0 (0)
00:00:03.550207   SEP - SYSCALL/SYSRET                                    = 1 (1)
00:00:03.550209   MTRR - Memory Type Range Registers                      = 0 (0)
00:00:03.550210   PGE - PTE Global Bit                                    = 0 (0)
00:00:03.550212   MCA - Machine Check Architecture                        = 0 (0)
00:00:03.550214   CMOV - Conditional Move instructions                    = 0 (0)
00:00:03.550215   PAT - Page Attribute Table                              = 0 (0)
00:00:03.550217   PSE-36 - 36-bit Page Size Extension                     = 0 (0)
00:00:03.550218   NX - No-Execute/Execute-Disable                         = 1 (1)
00:00:03.550220   AXMMX - AMD Extensions to MMX instructions              = 0 (0)
00:00:03.550222   MMX - Intel MMX Technology                              = 0 (0)
00:00:03.550223   FXSR - FXSAVE and FXRSTOR Instructions                  = 0 (0)
00:00:03.550225   FFXSR - AMD fast FXSAVE and FXRSTOR instructions        = 0 (0)
00:00:03.550226   Page1GB - 1 GB large page                               = 0 (1)
00:00:03.550228   RDTSCP - RDTSCP instruction                             = 1 (1)
00:00:03.550230   LM - AMD64 Long Mode                                    = 1 (1)
00:00:03.550231   3DNOWEXT - AMD Extensions to 3DNow                      = 0 (0)
00:00:03.550233   3DNOW - AMD 3DNow                                       = 0 (0)
00:00:03.550234   LahfSahf - LAHF/SAHF support in 64-bit mode             = 1 (1)
00:00:03.550236   CmpLegacy - Core multi-processing legacy mode           = 0 (0)
00:00:03.550237   SVM - AMD Secure Virtual Machine extensions             = 0 (0)
00:00:03.550238   EXTAPIC - AMD Extended APIC registers                   = 0 (0)
00:00:03.550240   CR8L - AMD LOCK MOV CR0 means MOV CR8                   = 0 (0)
00:00:03.550241   ABM - AMD Advanced Bit Manipulation                     = 1 (1)
00:00:03.550243   SSE4A - SSE4A instructions                              = 0 (0)
00:00:03.550244   MISALIGNSSE - AMD Misaligned SSE mode                   = 0 (0)
00:00:03.550246   3DNOWPRF - AMD PREFETCH and PREFETCHW instructions      = 0 (0)
00:00:03.550247   OSVW - AMD OS Visible Workaround                        = 0 (0)
00:00:03.550248   IBS - Instruct Based Sampling                           = 0 (0)
00:00:03.550250   XOP - Extended Operation support                        = 0 (0)
00:00:03.550252   SKINIT - SKINIT, STGI, and DEV support                  = 0 (0)
00:00:03.550253   WDT - AMD Watchdog Timer support                        = 0 (0)
00:00:03.550254   LWP - Lightweight Profiling support                     = 0 (0)
00:00:03.550256   FMA4 - Four operand FMA instruction support             = 0 (0)
00:00:03.550257   TCE - Translation Cache Extension support               = 0 (0)
00:00:03.550258   NodeId - NodeId in MSR C001_100C                        = 0 (0)
00:00:03.550260   TBM - Trailing Bit Manipulation instructions            = 0 (0)
00:00:03.550261   TOPOEXT - Topology Extensions                           = 0 (0)
00:00:03.550263   PRFEXTCORE - Performance Counter Extensions support     = 0 (0)
00:00:03.550264   PRFEXTNB - NB Performance Counter Extensions support    = 0 (0)
00:00:03.550265   DATABPEXT - Data-access Breakpoint Extension            = 0 (0)
00:00:03.550266   PERFTSC - Performance Time Stamp Counter                = 0 (0)
00:00:03.550268   PCX_L2I - L2I/L3 Performance Counter Extensions         = 0 (0)
00:00:03.550269   MONITORX - MWAITX and MONITORX instructions             = 0 (0)
00:00:03.550270   AddrMaskExt - BP Addressing masking extended to bit 31  = 0 (0)
00:00:03.550271 Full Name:                       "Intel(R) Core(TM) i5-4278U CPU @ 2.60GHz"
00:00:03.550272 TLB 2/4M Instr/Uni:              res0     0 entries
00:00:03.550273 TLB 2/4M Data:                   res0     0 entries
00:00:03.550274 TLB 4K Instr/Uni:                res0     0 entries
00:00:03.550275 TLB 4K Data:                     res0     0 entries
00:00:03.550275 L1 Instr Cache Line Size:        0 bytes
00:00:03.550276 L1 Instr Cache Lines Per Tag:    0
00:00:03.550276 L1 Instr Cache Associativity:    res0  
00:00:03.550277 L1 Instr Cache Size:             0 KB
00:00:03.550277 L1 Data Cache Line Size:         0 bytes
00:00:03.550278 L1 Data Cache Lines Per Tag:     0
00:00:03.550278 L1 Data Cache Associativity:     res0  
00:00:03.550279 L1 Data Cache Size:              0 KB
00:00:03.550280 L2 TLB 2/4M Instr/Uni:           off       0 entries
00:00:03.550280 L2 TLB 2/4M Data:                off       0 entries
00:00:03.550281 L2 TLB 4K Instr/Uni:             off       0 entries
00:00:03.550282 L2 TLB 4K Data:                  off       0 entries
00:00:03.550282 L2 Cache Line Size:              0 bytes
00:00:03.550283 L2 Cache Lines Per Tag:          0
00:00:03.550283 L2 Cache Associativity:          off   
00:00:03.550284 L2 Cache Size:                   0 KB
00:00:03.550285   TS - Temperature Sensor                                 = 0 (0)
00:00:03.550287   FID - Frequency ID control                              = 0 (0)
00:00:03.550288   VID - Voltage ID control                                = 0 (0)
00:00:03.550290   TTP - Thermal Trip                                      = 0 (0)
00:00:03.550292   TM - Hardware Thermal Control (HTC)                     = 0 (0)
00:00:03.550293   100MHzSteps - 100 MHz Multiplier control                = 0 (0)
00:00:03.550295   HwPstate - Hardware P-state control                     = 0 (0)
00:00:03.550296   TscInvariant - Invariant Time Stamp Counter             = 1 (1)
00:00:03.550297   CPB - Core Performance Boost                            = 0 (0)
00:00:03.550299   EffFreqRO - Read-only Effective Frequency Interface     = 0 (0)
00:00:03.550300   ProcFdbkIf - Processor Feedback Interface               = 0 (0)
00:00:03.550302   ProcPwrRep - Core power reporting interface support     = 0 (0)
00:00:03.550303   ConnectedStandby - Connected Standby                    = 0 (0)
00:00:03.550304   RAPL - Running average power limit                      = 0 (0)
00:00:03.550306 Physical Address Width:          39 bits
00:00:03.550307 Virtual Address Width:           48 bits
00:00:03.550307 Guest Physical Address Width:    0 bits
00:00:03.550308 Physical Core Count:             1
00:00:03.550310 
00:00:03.550310 ******************** End of CPUID dump **********************
00:00:03.550311 *********************** VT-x features ***********************
00:00:03.550314 Nested hardware virtualization - VMX features
00:00:03.550314   Mnemonic - Description                                  = guest (host)
00:00:03.550315   VMX - Virtual-Machine Extensions                        = 0 (1)
00:00:03.550316   InsOutInfo - INS/OUTS instruction info.                 = 0 (0)
00:00:03.550317   ExtIntExit - External interrupt exiting                 = 0 (0)
00:00:03.550317   NmiExit - NMI exiting                                   = 0 (0)
00:00:03.550318   VirtNmi - Virtual NMIs                                  = 0 (0)
00:00:03.550318   PreemptTimer - VMX preemption timer                     = 0 (0)
00:00:03.550319   PostedInt - Posted interrupts                           = 0 (0)
00:00:03.550319   IntWindowExit - Interrupt-window exiting                = 0 (0)
00:00:03.550319   TscOffsetting - TSC offsetting                          = 0 (0)
00:00:03.550320   HltExit - HLT exiting                                   = 0 (0)
00:00:03.550320   InvlpgExit - INVLPG exiting                             = 0 (0)
00:00:03.550321   MwaitExit - MWAIT exiting                               = 0 (0)
00:00:03.550321   RdpmcExit - RDPMC exiting                               = 0 (0)
00:00:03.550322   RdtscExit - RDTSC exiting                               = 0 (0)
00:00:03.550322   Cr3LoadExit - CR3-load exiting                          = 0 (0)
00:00:03.550323   Cr3StoreExit - CR3-store exiting                        = 0 (0)
00:00:03.550323   TertiaryExecCtls - Activate tertiary controls           = 0 (0)
00:00:03.550324   Cr8LoadExit  - CR8-load exiting                         = 0 (0)
00:00:03.550324   Cr8StoreExit - CR8-store exiting                        = 0 (0)
00:00:03.550325   UseTprShadow - Use TPR shadow                           = 0 (0)
00:00:03.550325   NmiWindowExit - NMI-window exiting                      = 0 (0)
00:00:03.550326   MovDRxExit - Mov-DR exiting                             = 0 (0)
00:00:03.550326   UncondIoExit - Unconditional I/O exiting                = 0 (0)
00:00:03.550326   UseIoBitmaps - Use I/O bitmaps                          = 0 (0)
00:00:03.550327   MonitorTrapFlag - Monitor Trap Flag                     = 0 (0)
00:00:03.550327   UseMsrBitmaps - MSR bitmaps                             = 0 (0)
00:00:03.550328   MonitorExit - MONITOR exiting                           = 0 (0)
00:00:03.550328   PauseExit - PAUSE exiting                               = 0 (0)
00:00:03.550329   SecondaryExecCtl - Activate secondary controls          = 0 (0)
00:00:03.550329   VirtApic - Virtualize-APIC accesses                     = 0 (0)
00:00:03.550330   Ept - Extended Page Tables                              = 0 (0)
00:00:03.550330   DescTableExit - Descriptor-table exiting                = 0 (0)
00:00:03.550331   Rdtscp - Enable RDTSCP                                  = 0 (0)
00:00:03.550331   VirtX2ApicMode - Virtualize-x2APIC mode                 = 0 (0)
00:00:03.550332   Vpid - Enable VPID                                      = 0 (0)
00:00:03.550332   WbinvdExit - WBINVD exiting                             = 0 (0)
00:00:03.550333   UnrestrictedGuest - Unrestricted guest                  = 0 (0)
00:00:03.550333   ApicRegVirt - APIC-register virtualization              = 0 (0)
00:00:03.550334   VirtIntDelivery - Virtual-interrupt delivery            = 0 (0)
00:00:03.550334   PauseLoopExit - PAUSE-loop exiting                      = 0 (0)
00:00:03.550335   RdrandExit - RDRAND exiting                             = 0 (0)
00:00:03.550335   Invpcid - Enable INVPCID                                = 0 (0)
00:00:03.550335   VmFuncs - Enable VM Functions                           = 0 (0)
00:00:03.550336   VmcsShadowing - VMCS shadowing                          = 0 (0)
00:00:03.550336   RdseedExiting - RDSEED exiting                          = 0 (0)
00:00:03.550337   PML - Page-Modification Log (PML)                       = 0 (0)
00:00:03.550337   EptVe - EPT violations can cause #VE                    = 0 (0)
00:00:03.550338   ConcealVmxFromPt - Conceal VMX from Processor Trace     = 0 (0)
00:00:03.550338   XsavesXRstors - Enable XSAVES/XRSTORS                   = 0 (0)
00:00:03.550339   ModeBasedExecuteEpt - Mode-based execute permissions    = 0 (0)
00:00:03.550339   SppEpt - Sub-page page write permissions for EPT        = 0 (0)
00:00:03.550340   PtEpt - Processor Trace address' translatable by EPT    = 0 (0)
00:00:03.550340   UseTscScaling - Use TSC scaling                         = 0 (0)
00:00:03.550341   UserWaitPause - Enable TPAUSE, UMONITOR and UMWAIT      = 0 (0)
00:00:03.550341   EnclvExit - ENCLV exiting                               = 0 (0)
00:00:03.550342   LoadIwKeyExit - LOADIWKEY exiting                       = 0 (0)
00:00:03.550342   EntryLoadDebugCtls - Load debug controls on VM-entry    = 0 (0)
00:00:03.550342   Ia32eModeGuest - IA-32e mode guest                      = 0 (0)
00:00:03.550343   EntryLoadEferMsr - Load IA32_EFER MSR on VM-entry       = 0 (0)
00:00:03.550343   EntryLoadPatMsr - Load IA32_PAT MSR on VM-entry         = 0 (0)
00:00:03.550344   ExitSaveDebugCtls - Save debug controls on VM-exit      = 0 (0)
00:00:03.550344   HostAddrSpaceSize - Host address-space size             = 0 (0)
00:00:03.550345   ExitAckExtInt - Acknowledge interrupt on VM-exit        = 0 (0)
00:00:03.550345   ExitSavePatMsr - Save IA32_PAT MSR on VM-exit           = 0 (0)
00:00:03.550346   ExitLoadPatMsr - Load IA32_PAT MSR on VM-exit           = 0 (0)
00:00:03.550351   ExitSaveEferMsr - Save IA32_EFER MSR on VM-exit         = 0 (0)
00:00:03.550352   ExitLoadEferMsr - Load IA32_EFER MSR on VM-exit         = 0 (0)
00:00:03.550352   SavePreemptTimer - Save VMX-preemption timer            = 0 (0)
00:00:03.550353   SecondaryExitCtls - Secondary VM-exit controls          = 0 (0)
00:00:03.550353   ExitSaveEferLma - Save IA32_EFER.LMA on VM-exit         = 0 (0)
00:00:03.550354   IntelPt - Intel PT (Processor Trace) in VMX operation   = 0 (0)
00:00:03.550354   VmwriteAll - VMWRITE to any supported VMCS field        = 0 (0)
00:00:03.550355   EntryInjectSoftInt - Inject softint. with 0-len instr.  = 0 (0)
00:00:03.550355 
00:00:03.550355 ******************* End of VT-x features ********************
00:00:03.550372 VMEmt: Halt method global1 (5) not available in driverless mode, using method1 (4) instead
00:00:03.550464 Changing the VM state from 'CREATING' to 'CREATED'
00:00:03.556486 Changing the VM state from 'CREATED' to 'POWERING_ON'
00:00:03.556679 AIOMgr: Endpoints without assigned bandwidth groups:
00:00:03.556701 AIOMgr:     /Users/lina/VirtualBox VMs/database-server/database-server.vdi
00:00:03.556814 Changing the VM state from 'POWERING_ON' to 'RUNNING'
00:00:03.556835 Console: Machine state changed to 'Running'
00:00:03.560426 VMMDev: Guest Log: BIOS: VirtualBox 7.0.12
00:00:03.560916 PCI: Setting up resources and interrupts
00:00:03.567624 PIT: mode=2 count=0x10000 (65536) - 18.20 Hz (ch=0)
00:00:03.612334 Display::i_handleDisplayResize: uScreenId=0 pvVRAM=0000000000000000 w=720 h=400 bpp=0 cbLine=0x0 flags=0x0 origin=0,0
00:00:03.615133 VMMDev: Guest Log: CPUID EDX: 0x178bfbff
00:00:03.615614 PIIX3 ATA: Ctl#1: RESET, DevSel=0 AIOIf=0 CmdIf0=0x00 (-1 usec ago) CmdIf1=0x00 (-1 usec ago)
00:00:03.615670 PIIX3 ATA: Ctl#1: finished processing RESET
00:00:03.624055 AHCI#0: Reset the HBA
00:00:03.624126 VD#0: Cancelling all active requests
00:00:03.624465 AHCI#0: Port 0 reset
00:00:03.624521 VD#0: Cancelling all active requests
00:00:03.628682 VMMDev: Guest Log: BIOS: AHCI 0-P#0: PCHS=16383/16/63 LCHS=1024/255/63 0x0000000001e00000 sectors
00:00:03.750980 PIT: mode=2 count=0x48d3 (18643) - 64.00 Hz (ch=0)
00:00:03.752988 Display::i_handleDisplayResize: uScreenId=0 pvVRAM=00007fc8d0c5b000 w=640 h=480 bpp=32 cbLine=0xA00 flags=0x0 origin=0,0
00:00:04.272923 GUI: UIMachineViewScale::resendSizeHint: Restoring guest size-hint for screen 0 to 800x600
00:00:04.272972 VMMDev: SetVideoModeHint: Got a video mode hint (800x600x32)@(0x0),(1;0) at 0
00:00:04.277012 GUI: HID LEDs sync is enabled
00:00:06.231178 PIT: mode=2 count=0x10000 (65536) - 18.20 Hz (ch=0)
00:00:06.231555 VMMDev: Guest Log: BIOS: Boot : bseqnr=1, bootseq=0132
00:00:06.233652 VMMDev: Guest Log: BIOS: Booting from Hard Disk...
00:00:06.235425 Display::i_handleDisplayResize: uScreenId=0 pvVRAM=0000000000000000 w=720 h=400 bpp=0 cbLine=0x0 flags=0x0 origin=0,0
00:00:07.202569 Display::i_handleDisplayResize: uScreenId=0 pvVRAM=00007fc8d0c5b000 w=640 h=480 bpp=32 cbLine=0xA00 flags=0x0 origin=0,0
00:00:13.832616 Display::i_handleDisplayResize: uScreenId=0 pvVRAM=0000000000000000 w=720 h=400 bpp=0 cbLine=0x0 flags=0x0 origin=0,0
00:00:14.516143 GIM: KVM: VCPU  0: Enabled system-time struct. at 0x00000000782b3000 - u32TscScale=0xc3d44be6 i8TscShift=-1 uVersion=2 fFlags=0x1 uTsc=0x6a24d6d5a uVirtNanoTS=0x28990acf8 TscKHz=2614522
00:00:14.516192 TM: Host/VM is not suitable for using TSC mode 'RealTSCOffset', request to change TSC mode ignored
00:00:14.682616 GIM: KVM: Enabled wall-clock struct. at 0x00000000782b2008 - u32Sec=1701417636 u32Nano=1246945 uVersion=2
00:00:14.717701 PIT: mode=2 count=0x12a5 (4773) - 249.98 Hz (ch=0)
00:00:14.719433 APIC0: Switched mode to x2APIC
00:00:14.848145 PIT: mode=0 count=0x10000 (65536) - 18.20 Hz (ch=0)
00:00:14.850475 APIC1: Switched mode to x2APIC
00:00:14.850544 GIM: KVM: VCPU  1: Enabled system-time struct. at 0x00000000782b3040 - u32TscScale=0xc3d44be6 i8TscShift=-1 uVersion=2 fFlags=0x1 uTsc=0x6d620239b uVirtNanoTS=0x29d62ea50 TscKHz=2614522
00:00:14.850563 TM: Host/VM is not suitable for using TSC mode 'RealTSCOffset', request to change TSC mode ignored
00:00:15.057667 OHCI: Software reset
00:00:15.766189 IEM: rdmsr(0xc0011029) -> #GP(0)
00:00:15.950527 PIIX3 ATA: Ctl#1: RESET, DevSel=0 AIOIf=0 CmdIf0=0xa1 (-1 usec ago) CmdIf1=0x00 (-1 usec ago)
00:00:15.950623 PIIX3 ATA: Ctl#1: finished processing RESET
00:00:15.952323 AHCI#0: Reset the HBA
00:00:15.952377 VD#0: Cancelling all active requests
00:00:15.969360 AHCI#0: Port 0 reset
00:00:15.973997 VD#0: Cancelling all active requests
00:00:16.302600 EHCI: Hardware reset
00:00:16.303250 EHCI: USB Operational
00:00:16.357810 OHCI: USB Reset
00:00:16.385782 EHCI: USB Suspended
00:00:16.410929 OHCI: Software reset
00:00:16.411215 OHCI: USB Operational
00:00:17.367360 AIOMgr: Host limits number of active IO requests to 16. Expect a performance impact.
00:00:19.060243 VMMDev: Guest Log: vboxguest: host-version: 7.0.12r159484 0x8000000f
00:00:19.060720 VMMDev: Guest Additions information report: Version 5.2.0 r68940 '5.2.0'
00:00:19.061265 VMMDev: Guest Additions information report: Interface = 0x00010004 osType = 0x00053100 (Linux >= 2.6, 64-bit)
00:00:19.061607 VMMDev: Guest Additions capability report: (0x0 -> 0x0) seamless: no, hostWindowMapping: no, graphics: no
00:00:19.061665 GUI: UISession::sltAdditionsChange: GA state change event came, notifying listeners
00:00:19.061834 GUI: UISession::sltAdditionsChange: GA state change event came, notifying listeners
00:00:19.062053 VMMDev: vmmDevReqHandler_HeartbeatConfigure: No change (fHeartbeatActive=false)
00:00:19.062108 VMMDev: Heartbeat flatline timer set to trigger after 4 000 000 000 ns
00:00:19.090100 VMMDev: Guest Log: vbg_heartbeat_init: Setting up heartbeat to trigger every 2000 milliseconds
00:00:19.117226 VMMDev: Guest Log: vboxguest: misc device minor 58, IRQ 20, I/O port d040, MMIO at 0x00000000f0400000 (size 0x0000000000400000)
00:00:19.118888 GUI: UISession::sltAdditionsChange: GA state really changed, notifying listeners
00:00:19.118924 GUI: UISession::sltAdditionsChange: GA state change event came, notifying listeners
00:00:19.477222 Enabling different vbva mode
00:00:19.532151 Display::i_handleDisplayResize: uScreenId=0 pvVRAM=00007fc8d0c5b000 w=800 h=600 bpp=32 cbLine=0xC80 flags=0x1 origin=0,0
00:00:19.713506 AC97: Reset
00:00:19.713556 AC97: Mixer reset (EAID=0x809, EACS=0x9)
00:00:19.713569 AC97: Record select to left=mic, right=mic
00:00:19.714726 AC97: Reset
00:00:19.714754 AC97: Mixer reset (EAID=0x809, EACS=0x9)
00:00:19.714763 AC97: Record select to left=mic, right=mic
00:00:19.771800 AC97: Record select to left=mic, right=mic
00:09:09.522883 VMMDev: vmmDevHeartbeatFlatlinedTimer: Guest seems to be unresponsive. Last heartbeat received 10 seconds ago
00:09:09.525602 VMMDev: GuestHeartBeat: Guest is alive (gone 10 004 228 500 ns)
00:09:19.682808 VMMDev: vmmDevHeartbeatFlatlinedTimer: Guest seems to be unresponsive. Last heartbeat received 10 seconds ago
00:09:19.683128 VMMDev: GuestHeartBeat: Guest is alive (gone 10 002 438 045 ns)
00:09:25.323564 VMMDev: vmmDevHeartbeatFlatlinedTimer: Guest seems to be unresponsive. Last heartbeat received 5 seconds ago
00:09:25.323749 VMMDev: GuestHeartBeat: Guest is alive (gone 5 528 830 326 ns)
00:09:30.678978 VMMDev: vmmDevHeartbeatFlatlinedTimer: Guest seems to be unresponsive. Last heartbeat received 4 seconds ago
00:09:30.679587 VMMDev: GuestHeartBeat: Guest is alive (gone 4 056 825 597 ns)
00:11:11.797944 CoreAudio: Default output device: 62 (was 52), ID 'AppleHDAEngineOutputDP:3,0,1,1:0:{6904-27A1-01010101}'
00:11:11.798531 Audio: The output device for Core Audio is changing.
00:11:20.884137 GUI: UIMachineLogic: Host-screen geometry changed
00:11:21.283841 GUI: UIMediumEnumerator: Medium-enumeration finished!
